mode: set
github.com/chef/automate/components/automate-cli/pkg/verifyserver/services/batchcheckservice/trigger/checktrigger.go:27.109,43.2 1 0
github.com/chef/automate/components/automate-cli/pkg/verifyserver/services/batchcheckservice/trigger/triggerapi.go:18.130,28.107 4 1
github.com/chef/automate/components/automate-cli/pkg/verifyserver/services/batchcheckservice/trigger/triggerapi.go:28.107,32.3 3 1
github.com/chef/automate/components/automate-cli/pkg/verifyserver/services/batchcheckservice/trigger/triggerapi.go:34.2,34.53 1 1
github.com/chef/automate/components/automate-cli/pkg/verifyserver/services/batchcheckservice/trigger/triggerapi.go:34.53,37.3 2 1
github.com/chef/automate/components/automate-cli/pkg/verifyserver/services/batchcheckservice/trigger/triggerapi.go:38.2,38.60 1 1
github.com/chef/automate/components/automate-cli/pkg/verifyserver/services/batchcheckservice/trigger/triggerapi.go:38.60,41.3 2 1
github.com/chef/automate/components/automate-cli/pkg/verifyserver/services/batchcheckservice/trigger/triggerapi.go:42.2,42.55 1 1
github.com/chef/automate/components/automate-cli/pkg/verifyserver/services/batchcheckservice/trigger/triggerapi.go:42.55,45.3 2 1
github.com/chef/automate/components/automate-cli/pkg/verifyserver/services/batchcheckservice/trigger/triggerapi.go:46.2,46.55 1 1
github.com/chef/automate/components/automate-cli/pkg/verifyserver/services/batchcheckservice/trigger/triggerapi.go:46.55,49.3 2 1
github.com/chef/automate/components/automate-cli/pkg/verifyserver/services/batchcheckservice/trigger/triggerapi.go:51.2,51.29 1 1
github.com/chef/automate/components/automate-cli/pkg/verifyserver/services/batchcheckservice/trigger/triggerapi.go:51.29,52.10 1 1
github.com/chef/automate/components/automate-cli/pkg/verifyserver/services/batchcheckservice/trigger/triggerapi.go:53.26,54.32 1 1
github.com/chef/automate/components/automate-cli/pkg/verifyserver/services/batchcheckservice/trigger/triggerapi.go:58.2,58.15 1 1
github.com/chef/automate/components/automate-cli/pkg/verifyserver/services/batchcheckservice/trigger/triggerapi.go:61.72,63.55 2 1
github.com/chef/automate/components/automate-cli/pkg/verifyserver/services/batchcheckservice/trigger/triggerapi.go:63.55,66.3 1 1
github.com/chef/automate/components/automate-cli/pkg/verifyserver/services/batchcheckservice/trigger/triggerapi.go:66.8,66.61 1 1
github.com/chef/automate/components/automate-cli/pkg/verifyserver/services/batchcheckservice/trigger/triggerapi.go:66.61,69.3 1 1
github.com/chef/automate/components/automate-cli/pkg/verifyserver/services/batchcheckservice/trigger/triggerapi.go:69.8,69.57 1 1
github.com/chef/automate/components/automate-cli/pkg/verifyserver/services/batchcheckservice/trigger/triggerapi.go:69.57,71.3 1 1
github.com/chef/automate/components/automate-cli/pkg/verifyserver/services/batchcheckservice/trigger/triggerapi.go:73.2,73.17 1 1
github.com/chef/automate/components/automate-cli/pkg/verifyserver/services/batchcheckservice/trigger/triggerapi.go:81.127,85.16 3 1
github.com/chef/automate/components/automate-cli/pkg/verifyserver/services/batchcheckservice/trigger/triggerapi.go:85.16,98.3 2 1
github.com/chef/automate/components/automate-cli/pkg/verifyserver/services/batchcheckservice/trigger/triggerapi.go:100.2,102.16 3 1
github.com/chef/automate/components/automate-cli/pkg/verifyserver/services/batchcheckservice/trigger/triggerapi.go:102.16,115.3 2 0
github.com/chef/automate/components/automate-cli/pkg/verifyserver/services/batchcheckservice/trigger/triggerapi.go:117.2,121.16 3 1
github.com/chef/automate/components/automate-cli/pkg/verifyserver/services/batchcheckservice/trigger/triggerapi.go:121.16,134.3 2 1
github.com/chef/automate/components/automate-cli/pkg/verifyserver/services/batchcheckservice/trigger/triggerapi.go:136.2,138.38 2 1
github.com/chef/automate/components/automate-cli/pkg/verifyserver/services/batchcheckservice/trigger/triggerapi.go:138.38,151.3 2 1
github.com/chef/automate/components/automate-cli/pkg/verifyserver/services/batchcheckservice/trigger/triggerapi.go:153.2,153.64 1 1
github.com/chef/automate/components/automate-cli/pkg/verifyserver/services/batchcheckservice/trigger/triggerapi.go:153.64,166.3 2 1
github.com/chef/automate/components/automate-cli/pkg/verifyserver/services/batchcheckservice/trigger/triggerapi.go:168.2,170.15 3 1
github.com/chef/automate/components/automate-cli/pkg/verifyserver/services/batchcheckservice/trigger/triggerapi.go:173.63,175.17 2 1
github.com/chef/automate/components/automate-cli/pkg/verifyserver/services/batchcheckservice/trigger/triggerapi.go:175.17,177.17 2 1
github.com/chef/automate/components/automate-cli/pkg/verifyserver/services/batchcheckservice/trigger/triggerapi.go:177.17,179.4 1 1
github.com/chef/automate/components/automate-cli/pkg/verifyserver/services/batchcheckservice/trigger/triggerapi.go:181.3,181.31 1 0
github.com/chef/automate/components/automate-cli/pkg/verifyserver/services/batchcheckservice/trigger/triggerapi.go:184.2,184.20 1 1
github.com/chef/automate/components/automate-cli/pkg/verifyserver/services/batchcheckservice/trigger/triggerapi.go:187.97,188.30 1 1
github.com/chef/automate/components/automate-cli/pkg/verifyserver/services/batchcheckservice/trigger/triggerapi.go:188.30,190.3 1 1
github.com/chef/automate/components/automate-cli/pkg/verifyserver/services/batchcheckservice/trigger/triggerapi.go:192.2,192.30 1 1
github.com/chef/automate/components/automate-cli/pkg/verifyserver/services/batchcheckservice/trigger/triggerapi.go:192.30,194.3 1 1
github.com/chef/automate/components/automate-cli/pkg/verifyserver/services/batchcheckservice/trigger/triggerapi.go:196.2,196.42 1 1
github.com/chef/automate/components/automate-cli/pkg/verifyserver/services/batchcheckservice/trigger/triggerapi.go:196.42,198.3 1 1
github.com/chef/automate/components/automate-cli/pkg/verifyserver/services/batchcheckservice/trigger/triggerapi.go:200.2,200.42 1 1
github.com/chef/automate/components/automate-cli/pkg/verifyserver/services/batchcheckservice/trigger/triggerapi.go:200.42,202.3 1 1
github.com/chef/automate/components/automate-cli/pkg/verifyserver/services/batchcheckservice/trigger/triggerapi.go:204.2,204.19 1 1
github.com/chef/automate/components/automate-cli/pkg/verifyserver/services/batchcheckservice/trigger/triggerapi.go:207.80,211.53 3 1
github.com/chef/automate/components/automate-cli/pkg/verifyserver/services/batchcheckservice/trigger/triggerapi.go:211.53,214.3 2 1
github.com/chef/automate/components/automate-cli/pkg/verifyserver/services/batchcheckservice/trigger/triggerapi.go:216.2,216.60 1 1
github.com/chef/automate/components/automate-cli/pkg/verifyserver/services/batchcheckservice/trigger/triggerapi.go:216.60,219.3 2 1
github.com/chef/automate/components/automate-cli/pkg/verifyserver/services/batchcheckservice/trigger/triggerapi.go:221.2,221.55 1 1
github.com/chef/automate/components/automate-cli/pkg/verifyserver/services/batchcheckservice/trigger/triggerapi.go:221.55,224.3 2 1
github.com/chef/automate/components/automate-cli/pkg/verifyserver/services/batchcheckservice/trigger/triggerapi.go:226.2,226.55 1 1
github.com/chef/automate/components/automate-cli/pkg/verifyserver/services/batchcheckservice/trigger/triggerapi.go:226.55,229.3 2 1
github.com/chef/automate/components/automate-cli/pkg/verifyserver/services/batchcheckservice/trigger/triggerapi.go:231.2,231.16 1 1
github.com/chef/automate/components/automate-cli/pkg/verifyserver/services/batchcheckservice/trigger/triggerapi.go:231.16,233.3 1 1
github.com/chef/automate/components/automate-cli/pkg/verifyserver/services/batchcheckservice/trigger/triggerapi.go:235.2,235.21 1 1
github.com/chef/automate/components/automate-cli/pkg/verifyserver/services/batchcheckservice/trigger/triggerapi.go:238.75,246.2 1 1
github.com/chef/automate/components/automate-cli/pkg/verifyserver/services/batchcheckservice/trigger/triggerapi.go:248.81,252.53 3 1
github.com/chef/automate/components/automate-cli/pkg/verifyserver/services/batchcheckservice/trigger/triggerapi.go:252.53,255.3 2 1
github.com/chef/automate/components/automate-cli/pkg/verifyserver/services/batchcheckservice/trigger/triggerapi.go:257.2,257.60 1 1
github.com/chef/automate/components/automate-cli/pkg/verifyserver/services/batchcheckservice/trigger/triggerapi.go:257.60,260.3 2 1
github.com/chef/automate/components/automate-cli/pkg/verifyserver/services/batchcheckservice/trigger/triggerapi.go:262.2,262.55 1 1
github.com/chef/automate/components/automate-cli/pkg/verifyserver/services/batchcheckservice/trigger/triggerapi.go:262.55,265.3 2 1
github.com/chef/automate/components/automate-cli/pkg/verifyserver/services/batchcheckservice/trigger/triggerapi.go:267.2,267.55 1 1
github.com/chef/automate/components/automate-cli/pkg/verifyserver/services/batchcheckservice/trigger/triggerapi.go:267.55,270.3 2 1
github.com/chef/automate/components/automate-cli/pkg/verifyserver/services/batchcheckservice/trigger/triggerapi.go:272.2,272.16 1 1
github.com/chef/automate/components/automate-cli/pkg/verifyserver/services/batchcheckservice/trigger/triggerapi.go:272.16,274.3 1 1
github.com/chef/automate/components/automate-cli/pkg/verifyserver/services/batchcheckservice/trigger/triggerapi.go:276.2,276.21 1 1
github.com/chef/automate/components/automate-cli/pkg/verifyserver/services/batchcheckservice/trigger/triggerapi.go:279.77,291.2 1 1
github.com/chef/automate/components/automate-cli/pkg/verifyserver/services/batchcheckservice/trigger/triggerapi.go:293.60,300.2 1 1
github.com/chef/automate/components/automate-cli/pkg/verifyserver/services/batchcheckservice/trigger/triggerapi.go:302.60,309.2 1 1
github.com/chef/automate/components/automate-cli/pkg/verifyserver/services/batchcheckservice/trigger/certificatechecktrigger/certificatechecktrigger.go:20.76,26.2 1 1
github.com/chef/automate/components/automate-cli/pkg/verifyserver/services/batchcheckservice/trigger/certificatechecktrigger/certificatechecktrigger.go:28.86,32.8 3 1
github.com/chef/automate/components/automate-cli/pkg/verifyserver/services/batchcheckservice/trigger/certificatechecktrigger/certificatechecktrigger.go:32.8,34.3 1 1
github.com/chef/automate/components/automate-cli/pkg/verifyserver/services/batchcheckservice/trigger/certificatechecktrigger/certificatechecktrigger.go:36.2,47.41 7 1
github.com/chef/automate/components/automate-cli/pkg/verifyserver/services/batchcheckservice/trigger/certificatechecktrigger/certificatechecktrigger.go:47.41,58.39 3 1
github.com/chef/automate/components/automate-cli/pkg/verifyserver/services/batchcheckservice/trigger/certificatechecktrigger/certificatechecktrigger.go:58.39,61.4 2 1
github.com/chef/automate/components/automate-cli/pkg/verifyserver/services/batchcheckservice/trigger/certificatechecktrigger/certificatechecktrigger.go:65.2,65.29 1 1
github.com/chef/automate/components/automate-cli/pkg/verifyserver/services/batchcheckservice/trigger/certificatechecktrigger/certificatechecktrigger.go:65.29,68.3 2 1
github.com/chef/automate/components/automate-cli/pkg/verifyserver/services/batchcheckservice/trigger/certificatechecktrigger/certificatechecktrigger.go:69.2,70.20 2 1
github.com/chef/automate/components/automate-cli/pkg/verifyserver/services/batchcheckservice/trigger/certificatechecktrigger/certificatechecktrigger.go:73.81,76.2 2 1
github.com/chef/automate/components/automate-cli/pkg/verifyserver/services/batchcheckservice/trigger/externalopensearchchecktrigger/externalopensearchcheck.go:18.90,23.2 1 1
github.com/chef/automate/components/automate-cli/pkg/verifyserver/services/batchcheckservice/trigger/externalopensearchchecktrigger/externalopensearchcheck.go:25.94,26.30 1 1
github.com/chef/automate/components/automate-cli/pkg/verifyserver/services/batchcheckservice/trigger/externalopensearchchecktrigger/externalopensearchcheck.go:26.30,28.3 1 1
github.com/chef/automate/components/automate-cli/pkg/verifyserver/services/batchcheckservice/trigger/externalopensearchchecktrigger/externalopensearchcheck.go:30.2,30.50 1 1
github.com/chef/automate/components/automate-cli/pkg/verifyserver/services/batchcheckservice/trigger/externalopensearchchecktrigger/externalopensearchcheck.go:30.50,32.3 1 1
github.com/chef/automate/components/automate-cli/pkg/verifyserver/services/batchcheckservice/trigger/externalopensearchchecktrigger/externalopensearchcheck.go:34.2,34.57 1 1
github.com/chef/automate/components/automate-cli/pkg/verifyserver/services/batchcheckservice/trigger/externalopensearchchecktrigger/externalopensearchcheck.go:37.88,40.2 2 1
github.com/chef/automate/components/automate-cli/pkg/verifyserver/services/batchcheckservice/trigger/externalopensearchchecktrigger/externalopensearchcheck.go:42.113,48.53 6 1
github.com/chef/automate/components/automate-cli/pkg/verifyserver/services/batchcheckservice/trigger/externalopensearchchecktrigger/externalopensearchcheck.go:48.53,53.3 4 1
github.com/chef/automate/components/automate-cli/pkg/verifyserver/services/batchcheckservice/trigger/externalopensearchchecktrigger/externalopensearchcheck.go:55.2,55.60 1 1
github.com/chef/automate/components/automate-cli/pkg/verifyserver/services/batchcheckservice/trigger/externalopensearchchecktrigger/externalopensearchcheck.go:55.60,61.3 4 1
github.com/chef/automate/components/automate-cli/pkg/verifyserver/services/batchcheckservice/trigger/externalopensearchchecktrigger/externalopensearchcheck.go:63.2,63.29 1 1
github.com/chef/automate/components/automate-cli/pkg/verifyserver/services/batchcheckservice/trigger/externalopensearchchecktrigger/externalopensearchcheck.go:63.29,66.3 2 1
github.com/chef/automate/components/automate-cli/pkg/verifyserver/services/batchcheckservice/trigger/externalopensearchchecktrigger/externalopensearchcheck.go:68.2,69.19 2 1
github.com/chef/automate/components/automate-cli/pkg/verifyserver/services/batchcheckservice/trigger/externalopensearchchecktrigger/externalopensearchcheck.go:73.73,82.2 1 1
github.com/chef/automate/components/automate-cli/pkg/verifyserver/services/batchcheckservice/trigger/firewallchecktrigger/firewallchecktrigger.go:19.70,25.2 1 1
github.com/chef/automate/components/automate-cli/pkg/verifyserver/services/batchcheckservice/trigger/firewallchecktrigger/firewallchecktrigger.go:27.83,31.8 3 1
github.com/chef/automate/components/automate-cli/pkg/verifyserver/services/batchcheckservice/trigger/firewallchecktrigger/firewallchecktrigger.go:31.8,33.3 1 1
github.com/chef/automate/components/automate-cli/pkg/verifyserver/services/batchcheckservice/trigger/firewallchecktrigger/firewallchecktrigger.go:35.2,42.17 5 1
github.com/chef/automate/components/automate-cli/pkg/verifyserver/services/batchcheckservice/trigger/firewallchecktrigger/firewallchecktrigger.go:45.78,66.2 2 1
github.com/chef/automate/components/automate-cli/pkg/verifyserver/services/batchcheckservice/trigger/firewallchecktrigger/firewallchecktrigger.go:69.86,75.2 5 1
github.com/chef/automate/components/automate-cli/pkg/verifyserver/services/batchcheckservice/trigger/firewallchecktrigger/firewallchecktrigger.go:78.85,81.63 2 1
github.com/chef/automate/components/automate-cli/pkg/verifyserver/services/batchcheckservice/trigger/firewallchecktrigger/firewallchecktrigger.go:81.63,83.64 1 1
github.com/chef/automate/components/automate-cli/pkg/verifyserver/services/batchcheckservice/trigger/firewallchecktrigger/firewallchecktrigger.go:83.64,91.4 2 1
github.com/chef/automate/components/automate-cli/pkg/verifyserver/services/batchcheckservice/trigger/firewallchecktrigger/firewallchecktrigger.go:93.3,93.64 1 1
github.com/chef/automate/components/automate-cli/pkg/verifyserver/services/batchcheckservice/trigger/firewallchecktrigger/firewallchecktrigger.go:93.64,102.4 2 1
github.com/chef/automate/components/automate-cli/pkg/verifyserver/services/batchcheckservice/trigger/firewallchecktrigger/firewallchecktrigger.go:104.2,104.18 1 1
github.com/chef/automate/components/automate-cli/pkg/verifyserver/services/batchcheckservice/trigger/firewallchecktrigger/firewallchecktrigger.go:109.87,112.70 2 1
github.com/chef/automate/components/automate-cli/pkg/verifyserver/services/batchcheckservice/trigger/firewallchecktrigger/firewallchecktrigger.go:112.70,114.62 1 1
github.com/chef/automate/components/automate-cli/pkg/verifyserver/services/batchcheckservice/trigger/firewallchecktrigger/firewallchecktrigger.go:114.62,123.4 2 1
github.com/chef/automate/components/automate-cli/pkg/verifyserver/services/batchcheckservice/trigger/firewallchecktrigger/firewallchecktrigger.go:126.3,126.64 1 1
github.com/chef/automate/components/automate-cli/pkg/verifyserver/services/batchcheckservice/trigger/firewallchecktrigger/firewallchecktrigger.go:126.64,134.4 2 1
github.com/chef/automate/components/automate-cli/pkg/verifyserver/services/batchcheckservice/trigger/firewallchecktrigger/firewallchecktrigger.go:137.3,137.64 1 1
github.com/chef/automate/components/automate-cli/pkg/verifyserver/services/batchcheckservice/trigger/firewallchecktrigger/firewallchecktrigger.go:137.64,145.4 2 1
github.com/chef/automate/components/automate-cli/pkg/verifyserver/services/batchcheckservice/trigger/firewallchecktrigger/firewallchecktrigger.go:149.2,149.18 1 1
github.com/chef/automate/components/automate-cli/pkg/verifyserver/services/batchcheckservice/trigger/firewallchecktrigger/firewallchecktrigger.go:153.85,155.65 2 1
github.com/chef/automate/components/automate-cli/pkg/verifyserver/services/batchcheckservice/trigger/firewallchecktrigger/firewallchecktrigger.go:155.65,157.64 1 1
github.com/chef/automate/components/automate-cli/pkg/verifyserver/services/batchcheckservice/trigger/firewallchecktrigger/firewallchecktrigger.go:157.64,158.34 1 1
github.com/chef/automate/components/automate-cli/pkg/verifyserver/services/batchcheckservice/trigger/firewallchecktrigger/firewallchecktrigger.go:158.34,159.13 1 1
github.com/chef/automate/components/automate-cli/pkg/verifyserver/services/batchcheckservice/trigger/firewallchecktrigger/firewallchecktrigger.go:162.4,171.44 3 1
github.com/chef/automate/components/automate-cli/pkg/verifyserver/services/batchcheckservice/trigger/firewallchecktrigger/firewallchecktrigger.go:171.44,179.5 2 1
github.com/chef/automate/components/automate-cli/pkg/verifyserver/services/batchcheckservice/trigger/firewallchecktrigger/firewallchecktrigger.go:184.2,184.18 1 1
github.com/chef/automate/components/automate-cli/pkg/verifyserver/services/batchcheckservice/trigger/firewallchecktrigger/firewallchecktrigger.go:188.87,190.65 2 1
github.com/chef/automate/components/automate-cli/pkg/verifyserver/services/batchcheckservice/trigger/firewallchecktrigger/firewallchecktrigger.go:190.65,192.64 1 1
github.com/chef/automate/components/automate-cli/pkg/verifyserver/services/batchcheckservice/trigger/firewallchecktrigger/firewallchecktrigger.go:192.64,193.34 1 1
github.com/chef/automate/components/automate-cli/pkg/verifyserver/services/batchcheckservice/trigger/firewallchecktrigger/firewallchecktrigger.go:193.34,194.13 1 1
github.com/chef/automate/components/automate-cli/pkg/verifyserver/services/batchcheckservice/trigger/firewallchecktrigger/firewallchecktrigger.go:197.4,206.44 3 1
github.com/chef/automate/components/automate-cli/pkg/verifyserver/services/batchcheckservice/trigger/firewallchecktrigger/firewallchecktrigger.go:206.44,215.5 2 1
github.com/chef/automate/components/automate-cli/pkg/verifyserver/services/batchcheckservice/trigger/firewallchecktrigger/firewallchecktrigger.go:220.2,220.18 1 1
github.com/chef/automate/components/automate-cli/pkg/verifyserver/services/batchcheckservice/trigger/firewallchecktrigger/firewallchecktrigger.go:223.80,226.61 2 1
github.com/chef/automate/components/automate-cli/pkg/verifyserver/services/batchcheckservice/trigger/firewallchecktrigger/firewallchecktrigger.go:226.61,228.37 1 1
github.com/chef/automate/components/automate-cli/pkg/verifyserver/services/batchcheckservice/trigger/firewallchecktrigger/firewallchecktrigger.go:228.37,236.4 2 1
github.com/chef/automate/components/automate-cli/pkg/verifyserver/services/batchcheckservice/trigger/firewallchecktrigger/firewallchecktrigger.go:239.2,239.68 1 1
github.com/chef/automate/components/automate-cli/pkg/verifyserver/services/batchcheckservice/trigger/firewallchecktrigger/firewallchecktrigger.go:239.68,240.37 1 1
github.com/chef/automate/components/automate-cli/pkg/verifyserver/services/batchcheckservice/trigger/firewallchecktrigger/firewallchecktrigger.go:240.37,249.4 2 1
github.com/chef/automate/components/automate-cli/pkg/verifyserver/services/batchcheckservice/trigger/firewallchecktrigger/firewallchecktrigger.go:252.2,252.63 1 1
github.com/chef/automate/components/automate-cli/pkg/verifyserver/services/batchcheckservice/trigger/firewallchecktrigger/firewallchecktrigger.go:252.63,253.45 1 1
github.com/chef/automate/components/automate-cli/pkg/verifyserver/services/batchcheckservice/trigger/firewallchecktrigger/firewallchecktrigger.go:253.45,261.4 2 1
github.com/chef/automate/components/automate-cli/pkg/verifyserver/services/batchcheckservice/trigger/firewallchecktrigger/firewallchecktrigger.go:264.2,264.63 1 1
github.com/chef/automate/components/automate-cli/pkg/verifyserver/services/batchcheckservice/trigger/firewallchecktrigger/firewallchecktrigger.go:264.63,265.40 1 1
github.com/chef/automate/components/automate-cli/pkg/verifyserver/services/batchcheckservice/trigger/firewallchecktrigger/firewallchecktrigger.go:265.40,273.4 2 1
github.com/chef/automate/components/automate-cli/pkg/verifyserver/services/batchcheckservice/trigger/firewallchecktrigger/firewallchecktrigger.go:276.2,276.18 1 1
github.com/chef/automate/components/automate-cli/pkg/verifyserver/services/batchcheckservice/trigger/firewallchecktrigger/firewallchecktrigger.go:280.176,285.46 4 1
github.com/chef/automate/components/automate-cli/pkg/verifyserver/services/batchcheckservice/trigger/firewallchecktrigger/firewallchecktrigger.go:285.46,286.36 1 1
github.com/chef/automate/components/automate-cli/pkg/verifyserver/services/batchcheckservice/trigger/firewallchecktrigger/firewallchecktrigger.go:286.36,289.4 2 1
github.com/chef/automate/components/automate-cli/pkg/verifyserver/services/batchcheckservice/trigger/firewallchecktrigger/firewallchecktrigger.go:293.2,293.32 1 1
github.com/chef/automate/components/automate-cli/pkg/verifyserver/services/batchcheckservice/trigger/firewallchecktrigger/firewallchecktrigger.go:293.32,294.10 1 1
github.com/chef/automate/components/automate-cli/pkg/verifyserver/services/batchcheckservice/trigger/firewallchecktrigger/firewallchecktrigger.go:295.26,296.32 1 1
github.com/chef/automate/components/automate-cli/pkg/verifyserver/services/batchcheckservice/trigger/firewallchecktrigger/firewallchecktrigger.go:300.2,301.15 2 1
github.com/chef/automate/components/automate-cli/pkg/verifyserver/services/batchcheckservice/trigger/opensearchs3bucketaccesschecktrigger/opensearchs3bucketaccesscheck.go:20.102,26.2 1 1
github.com/chef/automate/components/automate-cli/pkg/verifyserver/services/batchcheckservice/trigger/opensearchs3bucketaccesschecktrigger/opensearchs3bucketaccesscheck.go:28.100,29.30 1 1
github.com/chef/automate/components/automate-cli/pkg/verifyserver/services/batchcheckservice/trigger/opensearchs3bucketaccesschecktrigger/opensearchs3bucketaccesscheck.go:29.30,39.3 1 1
github.com/chef/automate/components/automate-cli/pkg/verifyserver/services/batchcheckservice/trigger/opensearchs3bucketaccesschecktrigger/opensearchs3bucketaccesscheck.go:41.2,41.50 1 1
github.com/chef/automate/components/automate-cli/pkg/verifyserver/services/batchcheckservice/trigger/opensearchs3bucketaccesschecktrigger/opensearchs3bucketaccesscheck.go:41.50,55.3 1 1
github.com/chef/automate/components/automate-cli/pkg/verifyserver/services/batchcheckservice/trigger/opensearchs3bucketaccesschecktrigger/opensearchs3bucketaccesscheck.go:57.2,73.79 4 1
github.com/chef/automate/components/automate-cli/pkg/verifyserver/services/batchcheckservice/trigger/opensearchs3bucketaccesschecktrigger/opensearchs3bucketaccesscheck.go:77.94,80.2 2 1
github.com/chef/automate/components/automate-cli/pkg/verifyserver/services/batchcheckservice/trigger/opensearchs3bucketaccesschecktrigger/opensearchs3bucketaccesscheck.go:83.128,84.26 1 1
github.com/chef/automate/components/automate-cli/pkg/verifyserver/services/batchcheckservice/trigger/opensearchs3bucketaccesschecktrigger/opensearchs3bucketaccesscheck.go:84.26,87.3 1 1
github.com/chef/automate/components/automate-cli/pkg/verifyserver/services/batchcheckservice/trigger/opensearchs3bucketaccesschecktrigger/opensearchs3bucketaccesscheck.go:88.2,88.17 1 1
github.com/chef/automate/components/automate-cli/pkg/verifyserver/services/batchcheckservice/trigger/opensearchs3bucketaccesschecktrigger/opensearchs3bucketaccesscheck.go:92.153,106.2 7 1
github.com/chef/automate/components/automate-cli/pkg/verifyserver/services/batchcheckservice/trigger/fqdnchecktrigger/fqdncheck.go:19.62,25.2 1 1
github.com/chef/automate/components/automate-cli/pkg/verifyserver/services/batchcheckservice/trigger/fqdnchecktrigger/fqdncheck.go:27.80,33.2 2 1
github.com/chef/automate/components/automate-cli/pkg/verifyserver/services/batchcheckservice/trigger/fqdnchecktrigger/fqdncheck.go:36.112,43.53 6 1
github.com/chef/automate/components/automate-cli/pkg/verifyserver/services/batchcheckservice/trigger/fqdnchecktrigger/fqdncheck.go:43.53,45.3 1 1
github.com/chef/automate/components/automate-cli/pkg/verifyserver/services/batchcheckservice/trigger/fqdnchecktrigger/fqdncheck.go:47.2,47.43 1 1
github.com/chef/automate/components/automate-cli/pkg/verifyserver/services/batchcheckservice/trigger/fqdnchecktrigger/fqdncheck.go:47.43,48.54 1 1
github.com/chef/automate/components/automate-cli/pkg/verifyserver/services/batchcheckservice/trigger/fqdnchecktrigger/fqdncheck.go:48.54,53.4 4 1
github.com/chef/automate/components/automate-cli/pkg/verifyserver/services/batchcheckservice/trigger/fqdnchecktrigger/fqdncheck.go:56.2,56.45 1 1
github.com/chef/automate/components/automate-cli/pkg/verifyserver/services/batchcheckservice/trigger/fqdnchecktrigger/fqdncheck.go:56.45,57.61 1 1
github.com/chef/automate/components/automate-cli/pkg/verifyserver/services/batchcheckservice/trigger/fqdnchecktrigger/fqdncheck.go:57.61,63.4 4 1
github.com/chef/automate/components/automate-cli/pkg/verifyserver/services/batchcheckservice/trigger/fqdnchecktrigger/fqdncheck.go:66.2,66.32 1 1
github.com/chef/automate/components/automate-cli/pkg/verifyserver/services/batchcheckservice/trigger/fqdnchecktrigger/fqdncheck.go:66.32,69.3 2 1
github.com/chef/automate/components/automate-cli/pkg/verifyserver/services/batchcheckservice/trigger/fqdnchecktrigger/fqdncheck.go:71.2,72.15 2 1
github.com/chef/automate/components/automate-cli/pkg/verifyserver/services/batchcheckservice/trigger/fqdnchecktrigger/fqdncheck.go:77.137,88.2 2 1
github.com/chef/automate/components/automate-cli/pkg/verifyserver/services/batchcheckservice/trigger/fqdnchecktrigger/fqdncheck.go:90.74,100.2 2 1
github.com/chef/automate/components/automate-cli/pkg/verifyserver/services/batchcheckservice/trigger/s3backupchecktrigger/s3backupconfigchecktrigger.go:18.82,23.2 1 1
github.com/chef/automate/components/automate-cli/pkg/verifyserver/services/batchcheckservice/trigger/s3backupchecktrigger/s3backupconfigchecktrigger.go:25.90,28.2 2 1
github.com/chef/automate/components/automate-cli/pkg/verifyserver/services/batchcheckservice/trigger/s3backupchecktrigger/s3backupconfigchecktrigger.go:30.84,33.2 2 1
github.com/chef/automate/components/automate-cli/pkg/verifyserver/services/batchcheckservice/trigger/s3backupchecktrigger/s3backupconfigchecktrigger.go:36.153,39.29 3 1
github.com/chef/automate/components/automate-cli/pkg/verifyserver/services/batchcheckservice/trigger/s3backupchecktrigger/s3backupconfigchecktrigger.go:39.29,43.3 3 1
github.com/chef/automate/components/automate-cli/pkg/verifyserver/services/batchcheckservice/trigger/s3backupchecktrigger/s3backupconfigchecktrigger.go:45.2,47.17 3 1
github.com/chef/automate/components/automate-cli/pkg/verifyserver/services/batchcheckservice/trigger/s3backupchecktrigger/s3backupconfigchecktrigger.go:51.116,54.31 2 1
github.com/chef/automate/components/automate-cli/pkg/verifyserver/services/batchcheckservice/trigger/s3backupchecktrigger/s3backupconfigchecktrigger.go:54.31,57.3 2 1
github.com/chef/automate/components/automate-cli/pkg/verifyserver/services/batchcheckservice/trigger/s3backupchecktrigger/s3backupconfigchecktrigger.go:59.2,59.15 1 1
github.com/chef/automate/components/automate-cli/pkg/verifyserver/services/batchcheckservice/trigger/s3backupchecktrigger/s3backupconfigchecktrigger.go:62.77,71.2 1 1
github.com/chef/automate/components/automate-cli/pkg/verifyserver/services/batchcheckservice/trigger/nfsmountbackupchecktrigger/nfsmountbackupcheck.go:22.84,28.2 1 1
github.com/chef/automate/components/automate-cli/pkg/verifyserver/services/batchcheckservice/trigger/nfsmountbackupchecktrigger/nfsmountbackupcheck.go:30.91,42.16 3 1
github.com/chef/automate/components/automate-cli/pkg/verifyserver/services/batchcheckservice/trigger/nfsmountbackupchecktrigger/nfsmountbackupcheck.go:42.16,46.3 2 1
github.com/chef/automate/components/automate-cli/pkg/verifyserver/services/batchcheckservice/trigger/nfsmountbackupchecktrigger/nfsmountbackupcheck.go:47.2,49.15 2 1
github.com/chef/automate/components/automate-cli/pkg/verifyserver/services/batchcheckservice/trigger/nfsmountbackupchecktrigger/nfsmountbackupcheck.go:54.129,57.16 3 1
github.com/chef/automate/components/automate-cli/pkg/verifyserver/services/batchcheckservice/trigger/nfsmountbackupchecktrigger/nfsmountbackupcheck.go:57.16,60.3 2 1
github.com/chef/automate/components/automate-cli/pkg/verifyserver/services/batchcheckservice/trigger/nfsmountbackupchecktrigger/nfsmountbackupcheck.go:61.2,62.16 2 1
github.com/chef/automate/components/automate-cli/pkg/verifyserver/services/batchcheckservice/trigger/nfsmountbackupchecktrigger/nfsmountbackupcheck.go:62.16,65.3 2 0
github.com/chef/automate/components/automate-cli/pkg/verifyserver/services/batchcheckservice/trigger/nfsmountbackupchecktrigger/nfsmountbackupcheck.go:66.2,68.16 3 1
github.com/chef/automate/components/automate-cli/pkg/verifyserver/services/batchcheckservice/trigger/nfsmountbackupchecktrigger/nfsmountbackupcheck.go:68.16,71.3 2 1
github.com/chef/automate/components/automate-cli/pkg/verifyserver/services/batchcheckservice/trigger/nfsmountbackupchecktrigger/nfsmountbackupcheck.go:72.2,72.21 1 1
github.com/chef/automate/components/automate-cli/pkg/verifyserver/services/batchcheckservice/trigger/nfsmountbackupchecktrigger/nfsmountbackupcheck.go:76.91,80.33 3 1
github.com/chef/automate/components/automate-cli/pkg/verifyserver/services/batchcheckservice/trigger/nfsmountbackupchecktrigger/nfsmountbackupcheck.go:80.33,81.35 1 1
github.com/chef/automate/components/automate-cli/pkg/verifyserver/services/batchcheckservice/trigger/nfsmountbackupchecktrigger/nfsmountbackupcheck.go:81.35,83.4 1 1
github.com/chef/automate/components/automate-cli/pkg/verifyserver/services/batchcheckservice/trigger/nfsmountbackupchecktrigger/nfsmountbackupcheck.go:86.2,86.15 1 1
github.com/chef/automate/components/automate-cli/pkg/verifyserver/services/batchcheckservice/trigger/nfsmountbackupchecktrigger/nfsmountbackupcheck.go:90.94,92.34 2 1
github.com/chef/automate/components/automate-cli/pkg/verifyserver/services/batchcheckservice/trigger/nfsmountbackupchecktrigger/nfsmountbackupcheck.go:92.34,94.39 2 1
github.com/chef/automate/components/automate-cli/pkg/verifyserver/services/batchcheckservice/trigger/nfsmountbackupchecktrigger/nfsmountbackupcheck.go:94.39,95.21 1 1
github.com/chef/automate/components/automate-cli/pkg/verifyserver/services/batchcheckservice/trigger/nfsmountbackupchecktrigger/nfsmountbackupcheck.go:95.21,97.5 1 1
github.com/chef/automate/components/automate-cli/pkg/verifyserver/services/batchcheckservice/trigger/nfsmountbackupchecktrigger/nfsmountbackupcheck.go:99.3,108.6 1 1
github.com/chef/automate/components/automate-cli/pkg/verifyserver/services/batchcheckservice/trigger/nfsmountbackupchecktrigger/nfsmountbackupcheck.go:111.2,111.15 1 1
github.com/chef/automate/components/automate-cli/pkg/verifyserver/services/batchcheckservice/trigger/nfsmountbackupchecktrigger/nfsmountbackupcheck.go:114.85,117.2 2 1
github.com/chef/automate/components/automate-cli/pkg/verifyserver/services/batchcheckservice/trigger/hardwareresourcechecktrigger/hardwareresourcecountchecktrigger.go:23.96,29.2 1 1
github.com/chef/automate/components/automate-cli/pkg/verifyserver/services/batchcheckservice/trigger/hardwareresourcechecktrigger/hardwareresourcecountchecktrigger.go:31.96,41.16 4 1
github.com/chef/automate/components/automate-cli/pkg/verifyserver/services/batchcheckservice/trigger/hardwareresourcechecktrigger/hardwareresourcecountchecktrigger.go:41.16,43.34 2 1
github.com/chef/automate/components/automate-cli/pkg/verifyserver/services/batchcheckservice/trigger/hardwareresourcechecktrigger/hardwareresourcecountchecktrigger.go:43.34,44.36 1 1
github.com/chef/automate/components/automate-cli/pkg/verifyserver/services/batchcheckservice/trigger/hardwareresourcechecktrigger/hardwareresourcecountchecktrigger.go:44.36,46.5 1 1
github.com/chef/automate/components/automate-cli/pkg/verifyserver/services/batchcheckservice/trigger/hardwareresourcechecktrigger/hardwareresourcecountchecktrigger.go:48.3,48.21 1 1
github.com/chef/automate/components/automate-cli/pkg/verifyserver/services/batchcheckservice/trigger/hardwareresourcechecktrigger/hardwareresourcecountchecktrigger.go:51.2,51.37 1 1
github.com/chef/automate/components/automate-cli/pkg/verifyserver/services/batchcheckservice/trigger/hardwareresourcechecktrigger/hardwareresourcecountchecktrigger.go:51.37,64.3 1 1
github.com/chef/automate/components/automate-cli/pkg/verifyserver/services/batchcheckservice/trigger/hardwareresourcechecktrigger/hardwareresourcecountchecktrigger.go:65.2,65.20 1 1
github.com/chef/automate/components/automate-cli/pkg/verifyserver/services/batchcheckservice/trigger/hardwareresourcechecktrigger/hardwareresourcecountchecktrigger.go:70.48,73.16 3 1
github.com/chef/automate/components/automate-cli/pkg/verifyserver/services/batchcheckservice/trigger/hardwareresourcechecktrigger/hardwareresourcecountchecktrigger.go:73.16,76.3 2 1
github.com/chef/automate/components/automate-cli/pkg/verifyserver/services/batchcheckservice/trigger/hardwareresourcechecktrigger/hardwareresourcecountchecktrigger.go:77.2,78.16 2 1
github.com/chef/automate/components/automate-cli/pkg/verifyserver/services/batchcheckservice/trigger/hardwareresourcechecktrigger/hardwareresourcecountchecktrigger.go:78.16,81.3 2 0
github.com/chef/automate/components/automate-cli/pkg/verifyserver/services/batchcheckservice/trigger/hardwareresourcechecktrigger/hardwareresourcecountchecktrigger.go:82.2,84.16 3 1
github.com/chef/automate/components/automate-cli/pkg/verifyserver/services/batchcheckservice/trigger/hardwareresourcechecktrigger/hardwareresourcecountchecktrigger.go:84.16,87.3 2 1
github.com/chef/automate/components/automate-cli/pkg/verifyserver/services/batchcheckservice/trigger/hardwareresourcechecktrigger/hardwareresourcecountchecktrigger.go:88.2,88.23 1 1
github.com/chef/automate/components/automate-cli/pkg/verifyserver/services/batchcheckservice/trigger/hardwareresourcechecktrigger/hardwareresourcecountchecktrigger.go:91.91,94.2 2 1
github.com/chef/automate/components/automate-cli/pkg/verifyserver/services/batchcheckservice/trigger/softwareversionchecktrigger/softwareversionchecktrigger.go:15.84,20.2 1 1
github.com/chef/automate/components/automate-cli/pkg/verifyserver/services/batchcheckservice/trigger/softwareversionchecktrigger/softwareversionchecktrigger.go:22.91,24.8 2 1
github.com/chef/automate/components/automate-cli/pkg/verifyserver/services/batchcheckservice/trigger/softwareversionchecktrigger/softwareversionchecktrigger.go:24.8,26.3 1 1
github.com/chef/automate/components/automate-cli/pkg/verifyserver/services/batchcheckservice/trigger/softwareversionchecktrigger/softwareversionchecktrigger.go:27.2,27.99 1 1
github.com/chef/automate/components/automate-cli/pkg/verifyserver/services/batchcheckservice/trigger/softwareversionchecktrigger/softwareversionchecktrigger.go:30.85,33.2 2 1
github.com/chef/automate/components/automate-cli/pkg/verifyserver/services/batchcheckservice/trigger/sshuseraccesschecktrigger/sshuseraccesschecktrigger.go:20.80,26.2 1 1
github.com/chef/automate/components/automate-cli/pkg/verifyserver/services/batchcheckservice/trigger/sshuseraccesschecktrigger/sshuseraccesschecktrigger.go:28.88,32.8 3 1
github.com/chef/automate/components/automate-cli/pkg/verifyserver/services/batchcheckservice/trigger/sshuseraccesschecktrigger/sshuseraccesschecktrigger.go:32.8,34.3 1 1
github.com/chef/automate/components/automate-cli/pkg/verifyserver/services/batchcheckservice/trigger/sshuseraccesschecktrigger/sshuseraccesschecktrigger.go:36.2,44.33 6 1
github.com/chef/automate/components/automate-cli/pkg/verifyserver/services/batchcheckservice/trigger/sshuseraccesschecktrigger/sshuseraccesschecktrigger.go:44.33,45.35 1 1
github.com/chef/automate/components/automate-cli/pkg/verifyserver/services/batchcheckservice/trigger/sshuseraccesschecktrigger/sshuseraccesschecktrigger.go:45.35,48.4 2 1
github.com/chef/automate/components/automate-cli/pkg/verifyserver/services/batchcheckservice/trigger/sshuseraccesschecktrigger/sshuseraccesschecktrigger.go:50.2,50.29 1 1
github.com/chef/automate/components/automate-cli/pkg/verifyserver/services/batchcheckservice/trigger/sshuseraccesschecktrigger/sshuseraccesschecktrigger.go:50.29,53.3 2 1
github.com/chef/automate/components/automate-cli/pkg/verifyserver/services/batchcheckservice/trigger/sshuseraccesschecktrigger/sshuseraccesschecktrigger.go:54.2,56.20 2 1
github.com/chef/automate/components/automate-cli/pkg/verifyserver/services/batchcheckservice/trigger/sshuseraccesschecktrigger/sshuseraccesschecktrigger.go:59.84,68.2 1 1
github.com/chef/automate/components/automate-cli/pkg/verifyserver/services/batchcheckservice/trigger/sshuseraccesschecktrigger/sshuseraccesschecktrigger.go:70.83,73.2 2 1
github.com/chef/automate/components/automate-cli/pkg/verifyserver/services/batchcheckservice/trigger/systemresourcechecktrigger/systemresourceschecktrigger.go:15.82,20.2 1 1
github.com/chef/automate/components/automate-cli/pkg/verifyserver/services/batchcheckservice/trigger/systemresourcechecktrigger/systemresourceschecktrigger.go:22.90,24.8 2 1
github.com/chef/automate/components/automate-cli/pkg/verifyserver/services/batchcheckservice/trigger/systemresourcechecktrigger/systemresourceschecktrigger.go:24.8,26.3 1 1
github.com/chef/automate/components/automate-cli/pkg/verifyserver/services/batchcheckservice/trigger/systemresourcechecktrigger/systemresourceschecktrigger.go:27.2,27.118 1 1
github.com/chef/automate/components/automate-cli/pkg/verifyserver/services/batchcheckservice/trigger/systemresourcechecktrigger/systemresourceschecktrigger.go:30.84,33.2 2 1
github.com/chef/automate/components/automate-cli/pkg/verifyserver/services/batchcheckservice/trigger/externalpostgresqlchecktrigger/externalpostgresqlcheck.go:19.86,24.2 1 1
github.com/chef/automate/components/automate-cli/pkg/verifyserver/services/batchcheckservice/trigger/externalpostgresqlchecktrigger/externalpostgresqlcheck.go:26.92,27.30 1 1
github.com/chef/automate/components/automate-cli/pkg/verifyserver/services/batchcheckservice/trigger/externalpostgresqlchecktrigger/externalpostgresqlcheck.go:27.30,29.3 1 1
github.com/chef/automate/components/automate-cli/pkg/verifyserver/services/batchcheckservice/trigger/externalpostgresqlchecktrigger/externalpostgresqlcheck.go:31.2,31.50 1 1
github.com/chef/automate/components/automate-cli/pkg/verifyserver/services/batchcheckservice/trigger/externalpostgresqlchecktrigger/externalpostgresqlcheck.go:31.50,33.3 1 1
github.com/chef/automate/components/automate-cli/pkg/verifyserver/services/batchcheckservice/trigger/externalpostgresqlchecktrigger/externalpostgresqlcheck.go:35.2,35.57 1 1
github.com/chef/automate/components/automate-cli/pkg/verifyserver/services/batchcheckservice/trigger/externalpostgresqlchecktrigger/externalpostgresqlcheck.go:38.86,41.2 2 1
github.com/chef/automate/components/automate-cli/pkg/verifyserver/services/batchcheckservice/trigger/externalpostgresqlchecktrigger/externalpostgresqlcheck.go:43.113,49.53 6 1
github.com/chef/automate/components/automate-cli/pkg/verifyserver/services/batchcheckservice/trigger/externalpostgresqlchecktrigger/externalpostgresqlcheck.go:49.53,54.3 4 1
github.com/chef/automate/components/automate-cli/pkg/verifyserver/services/batchcheckservice/trigger/externalpostgresqlchecktrigger/externalpostgresqlcheck.go:56.2,56.60 1 1
github.com/chef/automate/components/automate-cli/pkg/verifyserver/services/batchcheckservice/trigger/externalpostgresqlchecktrigger/externalpostgresqlcheck.go:56.60,62.3 4 1
github.com/chef/automate/components/automate-cli/pkg/verifyserver/services/batchcheckservice/trigger/externalpostgresqlchecktrigger/externalpostgresqlcheck.go:64.2,64.29 1 1
github.com/chef/automate/components/automate-cli/pkg/verifyserver/services/batchcheckservice/trigger/externalpostgresqlchecktrigger/externalpostgresqlcheck.go:64.29,67.3 2 1
github.com/chef/automate/components/automate-cli/pkg/verifyserver/services/batchcheckservice/trigger/externalpostgresqlchecktrigger/externalpostgresqlcheck.go:69.2,70.15 2 1
github.com/chef/automate/components/automate-cli/pkg/verifyserver/services/batchcheckservice/trigger/externalpostgresqlchecktrigger/externalpostgresqlcheck.go:74.78,85.2 2 1
github.com/chef/automate/components/automate-cli/pkg/verifyserver/services/batchcheckservice/trigger/systemuserchecktrigger/systemuserchecktrigger.go:15.74,20.2 1 1
github.com/chef/automate/components/automate-cli/pkg/verifyserver/services/batchcheckservice/trigger/systemuserchecktrigger/systemuserchecktrigger.go:22.86,24.8 2 1
github.com/chef/automate/components/automate-cli/pkg/verifyserver/services/batchcheckservice/trigger/systemuserchecktrigger/systemuserchecktrigger.go:24.8,26.3 1 1
github.com/chef/automate/components/automate-cli/pkg/verifyserver/services/batchcheckservice/trigger/systemuserchecktrigger/systemuserchecktrigger.go:27.2,27.94 1 1
github.com/chef/automate/components/automate-cli/pkg/verifyserver/services/batchcheckservice/trigger/systemuserchecktrigger/systemuserchecktrigger.go:30.80,33.2 2 1
