TN:
SF:src/polyfills.ts
FNF:0
FNH:0
DA:2,1
DA:6,1
DA:25,1
DA:27,1
DA:29,1
DA:31,1
DA:36,1
DA:40,1
DA:44,1
DA:45,1
LF:10
LH:10
BRF:0
BRH:0
end_of_record
TN:
SF:src/test.ts
FN:27,(anonymous_0)
FNF:1
FNH:1
FNDA:1,(anonymous_0)
DA:3,1
DA:7,1
DA:9,1
DA:11,1
DA:13,1
DA:15,1
DA:17,1
DA:19,1
DA:21,1
DA:25,1
DA:27,1
DA:31,1
DA:33,1
DA:36,1
DA:38,1
DA:40,1
LF:16
LH:16
BRDA:25,0,0,1
BRDA:25,0,1,0
BRDA:38,1,0,1
BRDA:38,1,1,0
BRF:4
BRH:2
end_of_record
TN:
SF:src/app/ngrx.reducers.ts
FN:73,(anonymous_0)
FN:103,routerReducer
FN:254,(anonymous_2)
FN:259,(anonymous_3)
FNF:4
FNH:1
FNDA:0,(anonymous_0)
FNDA:5099,routerReducer
FNDA:0,(anonymous_2)
FNDA:0,(anonymous_3)
DA:2,1
DA:3,1
DA:4,1
DA:5,1
DA:6,1
DA:7,1
DA:8,1
DA:9,1
DA:10,1
DA:11,1
DA:12,1
DA:13,1
DA:14,1
DA:15,1
DA:16,1
DA:17,1
DA:18,1
DA:19,1
DA:20,1
DA:21,1
DA:22,1
DA:23,1
DA:24,1
DA:25,1
DA:26,1
DA:27,1
DA:28,1
DA:29,1
DA:30,1
DA:31,1
DA:32,1
DA:33,1
DA:34,1
DA:35,1
DA:36,1
DA:37,1
DA:38,1
DA:39,1
DA:40,1
DA:41,1
DA:42,1
DA:43,1
DA:44,1
DA:45,1
DA:46,1
DA:47,1
DA:48,1
DA:49,1
DA:50,1
DA:51,1
DA:52,1
DA:53,1
DA:54,1
DA:55,1
DA:56,1
DA:57,1
DA:58,1
DA:59,1
DA:60,1
DA:61,1
DA:62,1
DA:63,1
DA:64,1
DA:65,1
DA:66,1
DA:67,1
DA:68,1
DA:69,1
DA:70,1
DA:74,0
DA:75,0
DA:76,0
DA:78,0
DA:79,0
DA:80,0
DA:81,0
DA:84,1
DA:85,1
DA:91,1
DA:98,1
DA:104,5099
DA:106,8
DA:107,8
DA:109,5091
DA:112,1
DA:115,1
DA:183,1
DA:254,1
DA:259,1
DA:261,0
LF:90
LH:82
BRDA:103,0,0,1284
BRDA:104,1,0,8
BRDA:104,1,1,5091
BRDA:254,2,0,0
BRDA:254,2,1,0
BRDA:254,3,0,0
BRDA:254,3,1,0
BRDA:261,4,0,0
BRDA:261,4,1,0
BRDA:261,5,0,0
BRDA:261,5,1,0
BRDA:261,6,0,0
BRDA:261,6,1,0
BRDA:261,7,0,0
BRDA:261,7,1,0
BRDA:261,8,0,0
BRDA:261,8,1,0
BRF:17
BRH:3
end_of_record
TN:
SF:src/app/route.selectors.ts
FN:6,(anonymous_0)
FN:7,(anonymous_1)
FN:8,(anonymous_2)
FN:9,(anonymous_3)
FNF:4
FNH:3
FNDA:53,(anonymous_0)
FNDA:0,(anonymous_1)
FNDA:20,(anonymous_2)
FNDA:1,(anonymous_3)
DA:2,1
DA:3,1
DA:4,1
DA:5,1
DA:6,53
DA:7,1
DA:8,20
DA:9,1
LF:8
LH:8
BRF:0
BRH:0
end_of_record
TN:
SF:src/app/staticConfig.ts
FN:5,isProductDeployed
FNF:1
FNH:1
FNDA:1516,isProductDeployed
DA:2,1
DA:3,1
DA:4,1
DA:6,1516
DA:8,1
LF:5
LH:5
BRDA:4,0,0,1
BRDA:4,0,1,1
BRDA:6,1,0,1516
BRDA:6,1,1,0
BRF:4
BRH:3
end_of_record
TN:
SF:src/app/components/chef-components.module.ts
FNF:0
FNH:0
DA:2,1
DA:3,1
DA:4,1
DA:6,1
DA:7,1
DA:8,1
DA:9,1
DA:10,1
DA:11,1
DA:12,1
DA:13,1
DA:14,1
DA:16,1
DA:18,1
DA:19,1
DA:20,1
DA:21,1
DA:22,1
DA:23,1
DA:24,1
DA:25,1
DA:26,1
DA:27,1
DA:28,1
DA:29,1
DA:30,1
DA:31,1
DA:32,1
DA:33,1
DA:34,1
DA:35,1
DA:36,1
DA:37,1
DA:38,1
DA:39,1
DA:40,1
DA:41,1
DA:42,1
DA:43,1
DA:44,1
DA:45,1
DA:46,1
DA:47,1
DA:48,1
DA:49,1
DA:50,1
DA:51,1
DA:52,1
DA:53,1
DA:54,1
DA:55,1
DA:57,1
DA:163,1
LF:53
LH:53
BRF:0
BRH:0
end_of_record
TN:
SF:src/app/components/authorized/authorized.component.ts
FN:13,(anonymous_0)
FN:24,(anonymous_1)
FN:27,(anonymous_2)
FN:36,(anonymous_3)
FN:37,(anonymous_4)
FN:38,(anonymous_5)
FN:50,(anonymous_6)
FN:56,(anonymous_7)
FN:59,(anonymous_8)
FN:62,(anonymous_9)
FN:63,(anonymous_10)
FN:65,(anonymous_11)
FN:66,(anonymous_12)
FN:69,(anonymous_13)
FNF:14
FNH:14
FNDA:30,(anonymous_0)
FNDA:21,(anonymous_1)
FNDA:14,(anonymous_2)
FNDA:26,(anonymous_3)
FNDA:23,(anonymous_4)
FNDA:23,(anonymous_5)
FNDA:26,(anonymous_6)
FNDA:44,(anonymous_7)
FNDA:44,(anonymous_8)
FNDA:44,(anonymous_9)
FNDA:54,(anonymous_10)
FNDA:44,(anonymous_11)
FNDA:54,(anonymous_12)
FNDA:2,(anonymous_13)
DA:2,1
DA:3,1
DA:4,1
DA:5,1
DA:6,1
DA:7,1
DA:8,1
DA:9,1
DA:10,1
DA:11,1
DA:12,1
DA:14,30
DA:15,30
DA:16,30
DA:17,30
DA:19,30
DA:20,30
DA:21,30
DA:22,30
DA:25,21
DA:28,14
DA:37,26
DA:39,23
DA:40,23
DA:41,23
DA:42,23
DA:44,23
DA:45,12
DA:48,26
DA:51,26
DA:52,26
DA:53,26
DA:54,26
DA:57,44
DA:60,44
DA:63,54
DA:66,54
DA:69,2
DA:73,1
DA:79,1
DA:86,1
LF:41
LH:41
BRDA:25,0,0,21
BRDA:25,0,1,0
BRDA:28,1,0,14
BRDA:28,1,1,0
BRDA:41,2,0,23
BRDA:41,2,1,0
BRDA:44,3,0,12
BRDA:44,3,1,11
BRDA:60,4,0,42
BRDA:60,4,1,2
BRDA:60,5,0,44
BRDA:60,5,1,34
BRF:12
BRH:9
end_of_record
TN:
SF:src/app/components/breadcrumb/breadcrumb.component.ts
FN:7,(anonymous_0)
FN:9,(anonymous_1)
FNF:2
FNH:2
FNDA:2,(anonymous_0)
FNDA:2,(anonymous_1)
DA:2,1
DA:3,1
DA:4,1
DA:5,1
DA:6,1
DA:9,2
DA:10,1
DA:13,1
DA:21,1
LF:9
LH:9
BRF:0
BRH:0
end_of_record
TN:
SF:src/app/components/breadcrumbs/breadcrumbs.component.ts
FN:7,(anonymous_0)
FN:9,(anonymous_1)
FNF:2
FNH:2
FNDA:1,(anonymous_0)
FNDA:2,(anonymous_1)
DA:2,1
DA:3,1
DA:4,1
DA:5,1
DA:6,1
DA:9,2
DA:10,1
DA:18,1
LF:8
LH:8
BRF:0
BRH:0
end_of_record
TN:
SF:src/app/components/calendar/calendar.component.ts
FN:9,(anonymous_0)
FN:18,(anonymous_1)
FN:24,(anonymous_2)
FN:27,(anonymous_3)
FN:31,(anonymous_4)
FN:34,(anonymous_5)
FN:41,(anonymous_6)
FN:44,(anonymous_7)
FN:48,(anonymous_8)
FN:52,(anonymous_9)
FN:59,(anonymous_10)
FN:59,(anonymous_11)
FN:60,(anonymous_12)
FN:74,(anonymous_13)
FN:80,(anonymous_14)
FN:91,(anonymous_15)
FN:94,(anonymous_16)
FN:98,(anonymous_17)
FN:102,(anonymous_18)
FN:107,(anonymous_19)
FN:109,(anonymous_20)
FN:113,(anonymous_21)
FN:117,(anonymous_22)
FN:120,(anonymous_23)
FN:124,(anonymous_24)
FNF:25
FNH:22
FNDA:20,(anonymous_0)
FNDA:14,(anonymous_1)
FNDA:2211,(anonymous_2)
FNDA:11,(anonymous_3)
FNDA:69,(anonymous_4)
FNDA:33,(anonymous_5)
FNDA:29,(anonymous_6)
FNDA:31,(anonymous_7)
FNDA:29,(anonymous_8)
FNDA:29,(anonymous_9)
FNDA:950,(anonymous_10)
FNDA:1022,(anonymous_11)
FNDA:892,(anonymous_12)
FNDA:29,(anonymous_13)
FNDA:58,(anonymous_14)
FNDA:50,(anonymous_15)
FNDA:58,(anonymous_16)
FNDA:1784,(anonymous_17)
FNDA:29,(anonymous_18)
FNDA:105,(anonymous_19)
FNDA:0,(anonymous_20)
FNDA:0,(anonymous_21)
FNDA:0,(anonymous_22)
FNDA:1022,(anonymous_23)
FNDA:2,(anonymous_24)
DA:2,1
DA:3,1
DA:4,1
DA:5,1
DA:6,1
DA:7,1
DA:8,1
DA:10,20
DA:11,20
DA:12,20
DA:13,20
DA:14,20
DA:15,20
DA:16,20
DA:19,14
DA:20,14
DA:21,14
DA:22,14
DA:25,2211
DA:28,11
DA:29,11
DA:32,69
DA:36,33
DA:39,33
DA:42,29
DA:45,31
DA:46,31
DA:49,29
DA:53,29
DA:54,29
DA:55,29
DA:56,29
DA:57,29
DA:58,29
DA:59,1022
DA:60,29
DA:61,892
DA:63,11
DA:65,1
DA:67,880
DA:70,29
DA:75,29
DA:81,58
DA:85,58
DA:86,58
DA:91,58
DA:95,58
DA:98,1784
DA:103,29
DA:107,105
DA:110,0
DA:111,0
DA:114,0
DA:115,0
DA:118,0
DA:121,1022
DA:124,2
DA:125,1
DA:134,1
DA:143,1
LF:60
LH:55
BRDA:19,0,0,0
BRDA:19,0,1,14
BRDA:28,1,0,0
BRDA:28,1,1,11
BRDA:57,2,0,1
BRDA:57,2,1,28
BRDA:58,3,0,11
BRDA:58,3,1,18
BRDA:58,4,0,29
BRDA:58,4,1,12
BRDA:61,5,0,11
BRDA:61,5,1,1
BRDA:61,5,2,880
BRDA:107,6,0,29
BRDA:107,6,1,1
BRF:15
BRH:13
end_of_record
TN:
SF:src/app/components/chart-progress-bar/chart-progress-bar.component.ts
FN:8,(anonymous_0)
FN:18,(anonymous_1)
FN:21,(anonymous_2)
FN:25,(anonymous_3)
FN:30,(anonymous_4)
FN:31,(anonymous_5)
FN:37,(anonymous_6)
FN:40,(anonymous_7)
FNF:8
FNH:1
FNDA:1,(anonymous_0)
FNDA:0,(anonymous_1)
FNDA:0,(anonymous_2)
FNDA:0,(anonymous_3)
FNDA:0,(anonymous_4)
FNDA:0,(anonymous_5)
FNDA:0,(anonymous_6)
FNDA:0,(anonymous_7)
DA:2,1
DA:3,1
DA:4,1
DA:5,1
DA:6,1
DA:7,1
DA:9,1
DA:10,1
DA:11,1
DA:12,1
DA:19,0
DA:22,0
DA:23,0
DA:26,0
DA:27,0
DA:28,0
DA:31,0
DA:32,0
DA:38,0
DA:41,0
DA:42,0
DA:43,0
DA:45,0
DA:46,0
DA:48,0
DA:49,0
DA:53,1
DA:62,1
DA:69,1
LF:29
LH:13
BRDA:38,0,0,0
BRDA:38,0,1,0
BRDA:42,1,0,0
BRDA:42,1,1,0
BRDA:45,2,0,0
BRDA:45,2,1,0
BRDA:45,3,0,0
BRDA:45,3,1,0
BRDA:48,4,0,0
BRDA:48,4,1,0
BRDA:48,5,0,0
BRDA:48,5,1,0
BRF:12
BRH:0
end_of_record
TN:
SF:src/app/components/confirm-apply-start-modal/confirm-apply-start-modal.component.ts
FN:7,(anonymous_0)
FNF:1
FNH:1
FNDA:6,(anonymous_0)
DA:2,1
DA:3,1
DA:4,1
DA:5,1
DA:6,1
DA:8,6
DA:9,6
DA:10,6
DA:13,1
DA:18,1
DA:25,1
LF:11
LH:11
BRF:0
BRH:0
end_of_record
TN:
SF:src/app/components/confirm-apply-stop-modal/confirm-apply-stop-modal.component.ts
FN:8,(anonymous_0)
FN:13,(anonymous_1)
FN:16,(anonymous_2)
FN:24,(anonymous_3)
FNF:4
FNH:3
FNDA:28,(anonymous_0)
FNDA:0,(anonymous_1)
FNDA:24,(anonymous_2)
FNDA:66,(anonymous_3)
DA:2,1
DA:3,1
DA:4,1
DA:5,1
DA:6,1
DA:7,1
DA:9,28
DA:10,28
DA:11,28
DA:14,0
DA:17,24
DA:18,2
DA:20,22
DA:21,22
DA:22,22
DA:23,22
DA:24,66
DA:25,22
DA:26,22
DA:27,22
DA:28,22
DA:29,22
DA:30,22
DA:31,7
DA:32,7
DA:34,15
DA:35,3
DA:36,3
DA:39,12
DA:40,12
DA:44,1
DA:51,1
DA:58,1
LF:33
LH:32
BRDA:17,0,0,2
BRDA:17,0,1,22
BRDA:28,1,0,16
BRDA:28,1,1,6
BRDA:30,2,0,7
BRDA:30,2,1,15
BRDA:34,3,0,3
BRDA:34,3,1,12
BRF:8
BRH:8
end_of_record
TN:
SF:src/app/components/create-object-modal/create-object-modal.component.ts
FN:18,(anonymous_0)
FN:36,(anonymous_1)
FN:38,(anonymous_2)
FN:44,(anonymous_3)
FN:45,(anonymous_4)
FN:47,(anonymous_5)
FN:48,(anonymous_6)
FN:49,(anonymous_7)
FN:50,(anonymous_8)
FN:60,(anonymous_9)
FN:64,(anonymous_10)
FN:71,(anonymous_11)
FN:71,(anonymous_12)
FN:79,(anonymous_13)
FN:82,(anonymous_14)
FN:85,(anonymous_15)
FN:89,(anonymous_16)
FN:95,(anonymous_17)
FN:101,(anonymous_18)
FN:105,(anonymous_19)
FN:109,(anonymous_20)
FNF:21
FNH:15
FNDA:12,(anonymous_0)
FNDA:4,(anonymous_1)
FNDA:0,(anonymous_2)
FNDA:4,(anonymous_3)
FNDA:4,(anonymous_4)
FNDA:17,(anonymous_5)
FNDA:16,(anonymous_6)
FNDA:16,(anonymous_7)
FNDA:15,(anonymous_8)
FNDA:12,(anonymous_9)
FNDA:4,(anonymous_10)
FNDA:2,(anonymous_11)
FNDA:4,(anonymous_12)
FNDA:0,(anonymous_13)
FNDA:0,(anonymous_14)
FNDA:1,(anonymous_15)
FNDA:3,(anonymous_16)
FNDA:0,(anonymous_17)
FNDA:0,(anonymous_18)
FNDA:0,(anonymous_19)
FNDA:2,(anonymous_20)
DA:2,1
DA:3,1
DA:4,1
DA:5,1
DA:6,1
DA:7,1
DA:8,1
DA:9,1
DA:10,1
DA:11,1
DA:12,1
DA:13,1
DA:14,1
DA:15,1
DA:16,1
DA:17,1
DA:19,12
DA:20,12
DA:21,12
DA:22,12
DA:24,12
DA:25,12
DA:26,12
DA:27,12
DA:28,12
DA:29,12
DA:30,12
DA:31,12
DA:32,12
DA:33,12
DA:34,12
DA:37,4
DA:39,0
DA:41,0
DA:43,4
DA:44,4
DA:47,17
DA:48,16
DA:49,16
DA:50,15
DA:51,4
DA:52,1
DA:54,4
DA:61,12
DA:62,12
DA:65,4
DA:66,4
DA:67,1
DA:69,4
DA:70,4
DA:71,4
DA:72,4
DA:73,4
DA:75,1
DA:80,0
DA:83,0
DA:86,1
DA:87,1
DA:90,3
DA:91,3
DA:92,3
DA:96,0
DA:97,0
DA:99,0
DA:102,0
DA:103,0
DA:106,0
DA:109,2
DA:112,1
DA:122,1
DA:130,1
LF:71
LH:61
BRDA:51,0,0,1
BRDA:51,0,1,3
BRDA:65,1,0,4
BRDA:65,1,1,0
BRDA:65,2,0,4
BRDA:65,2,1,4
BRDA:66,3,0,1
BRDA:66,3,1,3
BRDA:73,4,0,1
BRDA:73,4,1,3
BRDA:90,5,0,3
BRDA:90,5,1,0
BRDA:90,6,0,3
BRDA:90,6,1,3
BRDA:96,7,0,0
BRDA:96,7,1,0
BRF:16
BRH:12
end_of_record
TN:
SF:src/app/components/delete-object-modal/delete-object-modal.component.ts
FN:8,(anonymous_0)
FN:15,(anonymous_1)
FN:18,(anonymous_2)
FNF:3
FNH:0
FNDA:0,(anonymous_0)
FNDA:0,(anonymous_1)
FNDA:0,(anonymous_2)
DA:2,1
DA:3,1
DA:4,1
DA:5,1
DA:6,1
DA:7,1
DA:9,0
DA:10,0
DA:11,0
DA:12,0
DA:13,0
DA:16,0
DA:19,0
DA:22,1
DA:32,1
DA:39,1
LF:16
LH:9
BRF:0
BRH:0
end_of_record
TN:
SF:src/app/components/error/error.directive.ts
FN:7,(anonymous_0)
FNF:1
FNH:1
FNDA:1,(anonymous_0)
DA:2,1
DA:3,1
DA:4,1
DA:5,1
DA:6,1
DA:8,1
DA:11,1
DA:14,1
DA:20,1
LF:9
LH:9
BRF:0
BRH:0
end_of_record
TN:
SF:src/app/components/form-control/form-control.directive.ts
FN:62,(anonymous_0)
FN:72,(anonymous_1)
FN:76,(anonymous_2)
FN:89,(anonymous_3)
FN:93,(anonymous_4)
FN:102,(anonymous_5)
FN:106,(anonymous_6)
FNF:7
FNH:7
FNDA:16,(anonymous_0)
FNDA:16,(anonymous_1)
FNDA:16,(anonymous_2)
FNDA:16,(anonymous_3)
FNDA:20,(anonymous_4)
FNDA:20,(anonymous_5)
FNDA:2,(anonymous_6)
DA:2,1
DA:3,1
DA:4,1
DA:5,1
DA:6,1
DA:7,1
DA:8,1
DA:61,1
DA:63,16
DA:69,16
DA:70,16
DA:73,16
DA:74,16
DA:79,16
DA:80,0
DA:84,16
DA:85,4
DA:90,16
DA:91,16
DA:94,20
DA:95,20
DA:96,20
DA:97,4
DA:98,4
DA:103,20
DA:106,2
DA:109,1
DA:112,1
DA:118,1
LF:29
LH:28
BRDA:79,0,0,0
BRDA:79,0,1,16
BRDA:84,1,0,4
BRDA:84,1,1,12
BRDA:94,2,0,20
BRDA:94,2,1,0
BRDA:96,3,0,4
BRDA:96,3,1,16
BRF:8
BRH:6
end_of_record
TN:
SF:src/app/components/form-field/form-field.component.ts
FN:8,(anonymous_0)
FN:11,(anonymous_1)
FN:12,(anonymous_2)
FN:19,(anonymous_3)
FNF:4
FNH:3
FNDA:1,(anonymous_0)
FNDA:1,(anonymous_1)
FNDA:0,(anonymous_2)
FNDA:2,(anonymous_3)
DA:2,1
DA:3,1
DA:4,1
DA:5,1
DA:6,1
DA:7,1
DA:9,1
DA:12,1
DA:15,0
DA:19,2
DA:22,1
DA:25,1
DA:34,1
LF:13
LH:12
BRF:0
BRH:0
end_of_record
TN:
SF:src/app/components/guitar-string-collection/guitar-string-collection.component.ts
FNF:0
FNH:0
DA:2,1
DA:3,1
DA:4,1
DA:5,1
DA:6,1
DA:8,1
DA:11,1
DA:17,1
LF:8
LH:8
BRF:0
BRH:0
end_of_record
TN:
SF:src/app/components/guitar-string-collection/guitar-string/guitar-string.component.ts
FNF:0
FNH:0
DA:2,1
DA:3,1
DA:4,1
DA:5,1
DA:6,1
DA:8,1
DA:11,1
DA:18,1
LF:8
LH:8
BRF:0
BRH:0
end_of_record
TN:
SF:src/app/components/guitar-string-collection/guitar-string-item/guitar-string-item.component.ts
FN:7,(anonymous_0)
FN:13,(anonymous_1)
FN:16,(anonymous_2)
FN:21,(anonymous_3)
FN:43,(anonymous_4)
FN:46,(anonymous_5)
FNF:6
FNH:0
FNDA:0,(anonymous_0)
FNDA:0,(anonymous_1)
FNDA:0,(anonymous_2)
FNDA:0,(anonymous_3)
FNDA:0,(anonymous_4)
FNDA:0,(anonymous_5)
DA:2,1
DA:3,1
DA:4,1
DA:5,1
DA:6,1
DA:8,0
DA:9,0
DA:10,0
DA:11,0
DA:14,0
DA:17,0
DA:18,0
DA:22,0
DA:23,0
DA:24,0
DA:25,0
DA:26,0
DA:27,0
DA:28,0
DA:29,0
DA:30,0
DA:31,0
DA:32,0
DA:33,0
DA:34,0
DA:35,0
DA:36,0
DA:37,0
DA:38,0
DA:39,0
DA:40,0
DA:44,0
DA:54,0
DA:57,1
DA:66,1
DA:73,1
LF:36
LH:8
BRDA:17,0,0,0
BRDA:17,0,1,0
BRDA:22,1,0,0
BRDA:22,1,1,0
BRDA:22,1,2,0
BRDA:22,1,3,0
BRDA:22,1,4,0
BRDA:22,1,5,0
BRDA:22,1,6,0
BRDA:22,1,7,0
BRDA:22,1,8,0
BRDA:22,1,9,0
BRDA:22,1,10,0
BRDA:22,1,11,0
BRDA:22,1,12,0
BRDA:22,1,13,0
BRDA:22,1,14,0
BRDA:22,1,15,0
BRDA:22,1,16,0
BRDA:22,1,17,0
BRF:20
BRH:0
end_of_record
TN:
SF:src/app/components/guitar-string-collection/guitar-string-section/guitar-string-section.component.ts
FN:7,(anonymous_0)
FN:10,(anonymous_1)
FN:19,(anonymous_2)
FNF:3
FNH:0
FNDA:0,(anonymous_0)
FNDA:0,(anonymous_1)
FNDA:0,(anonymous_2)
DA:2,1
DA:3,1
DA:4,1
DA:5,1
DA:6,1
DA:8,0
DA:11,0
DA:12,0
DA:13,0
DA:16,0
DA:20,0
DA:21,0
DA:25,1
DA:29,1
DA:36,1
LF:15
LH:8
BRDA:12,0,0,0
BRDA:12,0,1,0
BRDA:20,1,0,0
BRDA:20,1,1,0
BRF:4
BRH:0
end_of_record
TN:
SF:src/app/components/input/input.directive.ts
FN:7,(anonymous_0)
FNF:1
FNH:1
FNDA:1,(anonymous_0)
DA:2,1
DA:3,1
DA:4,1
DA:5,1
DA:6,1
DA:8,1
DA:11,1
DA:14,1
DA:20,1
LF:9
LH:9
BRF:0
BRH:0
end_of_record
TN:
SF:src/app/components/landing/landing.component.ts
FN:23,(anonymous_0)
FN:43,(anonymous_1)
FN:47,(anonymous_2)
FN:50,(anonymous_3)
FN:53,(anonymous_4)
FN:57,(anonymous_5)
FN:68,(anonymous_6)
FN:71,(anonymous_7)
FN:74,(anonymous_8)
FN:77,(anonymous_9)
FN:80,(anonymous_10)
FN:83,(anonymous_11)
FN:88,(anonymous_12)
FNF:13
FNH:12
FNDA:4,(anonymous_0)
FNDA:0,(anonymous_1)
FNDA:3,(anonymous_2)
FNDA:3,(anonymous_3)
FNDA:4,(anonymous_4)
FNDA:3,(anonymous_5)
FNDA:4,(anonymous_6)
FNDA:2,(anonymous_7)
FNDA:6,(anonymous_8)
FNDA:6,(anonymous_9)
FNDA:12,(anonymous_10)
FNDA:4,(anonymous_11)
FNDA:2,(anonymous_12)
DA:2,1
DA:3,1
DA:4,1
DA:5,1
DA:6,1
DA:7,1
DA:8,1
DA:9,1
DA:10,1
DA:11,1
DA:22,1
DA:24,4
DA:25,4
DA:26,4
DA:27,4
DA:35,4
DA:43,4
DA:44,4
DA:45,4
DA:48,3
DA:50,3
DA:51,3
DA:54,4
DA:55,4
DA:58,3
DA:59,2
DA:61,1
DA:62,1
DA:65,0
DA:69,4
DA:72,2
DA:75,6
DA:78,6
DA:81,12
DA:85,4
DA:88,2
DA:93,1
DA:97,1
DA:106,1
LF:39
LH:38
BRDA:58,0,0,2
BRDA:58,0,1,1
BRDA:61,1,0,1
BRDA:61,1,1,0
BRDA:81,2,0,9
BRDA:81,2,1,3
BRF:6
BRH:5
end_of_record
TN:
SF:src/app/components/message-modal/message-modal.component.ts
FN:7,(anonymous_0)
FN:12,(anonymous_1)
FNF:2
FNH:2
FNDA:7,(anonymous_0)
FNDA:2,(anonymous_1)
DA:2,1
DA:3,1
DA:4,1
DA:5,1
DA:6,1
DA:8,7
DA:9,7
DA:10,7
DA:13,2
DA:16,1
DA:21,1
DA:28,1
LF:12
LH:12
BRF:0
BRH:0
end_of_record
TN:
SF:src/app/components/notification/notification.component.ts
FN:25,(anonymous_0)
FN:29,(anonymous_1)
FN:34,(anonymous_2)
FN:35,(anonymous_3)
FNF:4
FNH:4
FNDA:13,(anonymous_0)
FNDA:13,(anonymous_1)
FNDA:76,(anonymous_2)
FNDA:19,(anonymous_3)
DA:2,1
DA:3,1
DA:4,1
DA:5,1
DA:6,1
DA:7,1
DA:8,1
DA:24,1
DA:26,13
DA:27,13
DA:28,13
DA:29,13
DA:30,13
DA:31,13
DA:34,76
DA:36,19
DA:37,19
DA:38,2
DA:40,17
DA:43,1
DA:50,1
DA:58,1
LF:22
LH:22
BRDA:37,0,0,2
BRDA:37,0,1,17
BRF:2
BRH:2
end_of_record
TN:
SF:src/app/components/notifications/notifications.component.ts
FN:12,(anonymous_0)
FN:15,(anonymous_1)
FN:18,(anonymous_2)
FN:22,(anonymous_3)
FN:26,(anonymous_4)
FNF:5
FNH:3
FNDA:1,(anonymous_0)
FNDA:1,(anonymous_1)
FNDA:0,(anonymous_2)
FNDA:0,(anonymous_3)
FNDA:2,(anonymous_4)
DA:2,1
DA:3,1
DA:4,1
DA:5,1
DA:6,1
DA:7,1
DA:8,1
DA:9,1
DA:10,1
DA:11,1
DA:13,1
DA:14,1
DA:15,1
DA:16,1
DA:17,1
DA:18,0
DA:19,1
DA:23,0
DA:26,2
DA:30,1
DA:39,1
LF:21
LH:19
BRDA:18,0,0,1
BRDA:18,0,1,1
BRF:2
BRH:2
end_of_record
TN:
SF:src/app/components/page-picker/page-picker.component.ts
FN:7,(anonymous_0)
FN:21,(anonymous_1)
FN:24,(anonymous_2)
FN:27,(anonymous_3)
FN:29,(anonymous_4)
FN:31,(anonymous_5)
FN:36,(anonymous_6)
FN:51,(anonymous_7)
FN:54,(anonymous_8)
FN:57,(anonymous_9)
FN:60,(anonymous_10)
FN:65,(anonymous_11)
FNF:12
FNH:9
FNDA:28,(anonymous_0)
FNDA:17,(anonymous_1)
FNDA:17,(anonymous_2)
FNDA:17,(anonymous_3)
FNDA:145,(anonymous_4)
FNDA:17,(anonymous_5)
FNDA:17,(anonymous_6)
FNDA:0,(anonymous_7)
FNDA:0,(anonymous_8)
FNDA:0,(anonymous_9)
FNDA:1,(anonymous_10)
FNDA:6,(anonymous_11)
DA:2,1
DA:3,1
DA:4,1
DA:5,1
DA:6,1
DA:8,28
DA:9,28
DA:10,28
DA:11,28
DA:12,28
DA:13,28
DA:14,28
DA:16,28
DA:17,28
DA:18,28
DA:19,28
DA:22,17
DA:25,17
DA:28,17
DA:29,145
DA:32,17
DA:33,17
DA:34,17
DA:37,17
DA:38,17
DA:39,17
DA:40,17
DA:41,17
DA:42,17
DA:43,17
DA:44,80
DA:46,17
DA:47,17
DA:48,17
DA:52,0
DA:55,0
DA:58,0
DA:61,1
DA:62,1
DA:66,6
DA:67,6
DA:68,6
DA:75,1
DA:85,1
DA:92,1
LF:45
LH:42
BRDA:22,0,0,11
BRDA:22,0,1,6
BRDA:25,1,0,5
BRDA:25,1,1,12
BRDA:37,2,0,17
BRDA:37,2,1,0
BRDA:39,3,0,11
BRDA:39,3,1,6
BRDA:40,4,0,5
BRDA:40,4,1,12
BRDA:43,5,0,97
BRDA:43,5,1,85
BRDA:47,6,0,17
BRDA:47,6,1,0
BRDA:61,7,0,1
BRDA:61,7,1,0
BRDA:66,8,0,6
BRDA:66,8,1,0
BRF:18
BRH:14
end_of_record
TN:
SF:src/app/components/pending-edits-bar/pending-edits-bar.component.ts
FN:16,(anonymous_0)
FN:30,(anonymous_1)
FN:31,(anonymous_2)
FN:36,(anonymous_3)
FN:43,(anonymous_4)
FN:45,(anonymous_5)
FN:49,(anonymous_6)
FN:57,(anonymous_7)
FN:60,(anonymous_8)
FN:63,(anonymous_9)
FN:73,(anonymous_10)
FN:78,(anonymous_11)
FN:81,(anonymous_12)
FN:90,(anonymous_13)
FNF:14
FNH:14
FNDA:21,(anonymous_0)
FNDA:35,(anonymous_1)
FNDA:19,(anonymous_2)
FNDA:32,(anonymous_3)
FNDA:21,(anonymous_4)
FNDA:21,(anonymous_5)
FNDA:80,(anonymous_6)
FNDA:3,(anonymous_7)
FNDA:11,(anonymous_8)
FNDA:10,(anonymous_9)
FNDA:120,(anonymous_10)
FNDA:1,(anonymous_11)
FNDA:63,(anonymous_12)
FNDA:2,(anonymous_13)
DA:2,1
DA:3,1
DA:4,1
DA:5,1
DA:6,1
DA:7,1
DA:8,1
DA:9,1
DA:10,1
DA:11,1
DA:12,1
DA:13,1
DA:14,1
DA:15,1
DA:17,21
DA:18,21
DA:19,21
DA:20,21
DA:21,21
DA:22,21
DA:23,21
DA:24,21
DA:25,21
DA:26,21
DA:27,21
DA:28,21
DA:31,35
DA:32,35
DA:34,21
DA:37,32
DA:38,32
DA:39,32
DA:41,21
DA:43,21
DA:46,21
DA:47,21
DA:50,80
DA:55,80
DA:58,3
DA:61,11
DA:64,10
DA:65,10
DA:72,10
DA:74,120
DA:76,10
DA:79,1
DA:86,63
DA:90,2
DA:96,1
DA:108,1
LF:50
LH:50
BRDA:51,0,0,80
BRDA:51,0,1,22
BRDA:51,0,2,14
BRDA:51,0,3,8
BRDA:86,1,0,63
BRDA:86,1,1,14
BRF:6
BRH:6
end_of_record
TN:
SF:src/app/components/process-progress-bar/process-progress-bar.component.ts
FN:12,(anonymous_0)
FN:23,(anonymous_1)
FN:26,(anonymous_2)
FN:41,(anonymous_3)
FN:45,(anonymous_4)
FN:48,(anonymous_5)
FN:51,(anonymous_6)
FN:55,(anonymous_7)
FN:58,(anonymous_8)
FN:68,(anonymous_9)
FNF:10
FNH:10
FNDA:5,(anonymous_0)
FNDA:5,(anonymous_1)
FNDA:6,(anonymous_2)
FNDA:5,(anonymous_3)
FNDA:3,(anonymous_4)
FNDA:1,(anonymous_5)
FNDA:2,(anonymous_6)
FNDA:1,(anonymous_7)
FNDA:10,(anonymous_8)
FNDA:2,(anonymous_9)
DA:2,1
DA:3,1
DA:4,1
DA:5,1
DA:6,1
DA:7,1
DA:8,1
DA:9,1
DA:10,1
DA:11,1
DA:13,5
DA:14,5
DA:15,5
DA:16,5
DA:17,5
DA:18,5
DA:19,5
DA:20,5
DA:21,5
DA:24,5
DA:27,6
DA:28,0
DA:29,0
DA:30,0
DA:31,0
DA:33,6
DA:34,6
DA:35,1
DA:37,6
DA:38,6
DA:42,5
DA:43,5
DA:46,3
DA:49,1
DA:52,2
DA:53,2
DA:56,1
DA:59,10
DA:60,10
DA:62,0
DA:63,0
DA:65,0
DA:68,2
DA:72,1
DA:82,1
LF:45
LH:38
BRDA:27,0,0,0
BRDA:27,0,1,6
BRDA:27,1,0,6
BRDA:27,1,1,0
BRDA:34,2,0,1
BRDA:34,2,1,5
BRDA:34,3,0,6
BRDA:34,3,1,6
BRDA:59,4,0,10
BRDA:59,4,1,0
BRDA:62,5,0,0
BRDA:62,5,1,0
BRF:12
BRH:7
end_of_record
TN:
SF:src/app/components/projects-dropdown/projects-dropdown.component.ts
FN:12,(anonymous_0)
FN:21,(anonymous_1)
FN:24,(anonymous_2)
FN:26,(anonymous_3)
FN:38,(anonymous_4)
FN:42,(anonymous_5)
FN:50,(anonymous_6)
FN:58,(anonymous_7)
FN:62,(anonymous_8)
FNF:9
FNH:8
FNDA:3,(anonymous_0)
FNDA:3,(anonymous_1)
FNDA:4,(anonymous_2)
FNDA:4,(anonymous_3)
FNDA:3,(anonymous_4)
FNDA:1,(anonymous_5)
FNDA:3,(anonymous_6)
FNDA:0,(anonymous_7)
FNDA:2,(anonymous_8)
DA:2,1
DA:3,1
DA:4,1
DA:5,1
DA:6,1
DA:7,1
DA:8,1
DA:9,1
DA:10,1
DA:11,1
DA:13,3
DA:14,3
DA:16,3
DA:18,3
DA:19,3
DA:22,3
DA:25,4
DA:27,4
DA:39,3
DA:40,3
DA:43,1
DA:45,1
DA:48,1
DA:50,3
DA:59,0
DA:62,2
DA:65,1
DA:70,1
DA:78,1
LF:29
LH:28
BRDA:31,0,0,4
BRDA:31,0,1,4
BRDA:43,1,0,1
BRDA:43,1,1,0
BRDA:45,2,0,1
BRDA:45,2,1,0
BRF:6
BRH:4
end_of_record
TN:
SF:src/app/components/resource-dropdown/resource-dropdown.component.ts
FN:8,(anonymous_0)
FN:29,(anonymous_1)
FN:32,(anonymous_2)
FN:39,(anonymous_3)
FN:46,(anonymous_4)
FN:54,(anonymous_5)
FN:69,(anonymous_6)
FN:73,(anonymous_7)
FN:84,(anonymous_8)
FN:86,(anonymous_9)
FN:86,(anonymous_10)
FN:86,(anonymous_11)
FN:89,(anonymous_12)
FN:92,(anonymous_13)
FN:96,(anonymous_14)
FN:100,(anonymous_15)
FN:106,(anonymous_16)
FN:123,(anonymous_17)
FN:130,(anonymous_18)
FN:133,(anonymous_19)
FN:136,(anonymous_20)
FN:139,(anonymous_21)
FN:140,(anonymous_22)
FN:142,(anonymous_23)
FN:143,(anonymous_24)
FN:143,(anonymous_25)
FN:143,(anonymous_26)
FNF:27
FNH:26
FNDA:27,(anonymous_0)
FNDA:27,(anonymous_1)
FNDA:2,(anonymous_2)
FNDA:29,(anonymous_3)
FNDA:20,(anonymous_4)
FNDA:26,(anonymous_5)
FNDA:10,(anonymous_6)
FNDA:26,(anonymous_7)
FNDA:7,(anonymous_8)
FNDA:7,(anonymous_9)
FNDA:35,(anonymous_10)
FNDA:27,(anonymous_11)
FNDA:7,(anonymous_12)
FNDA:35,(anonymous_13)
FNDA:46,(anonymous_14)
FNDA:44,(anonymous_15)
FNDA:0,(anonymous_16)
FNDA:37,(anonymous_17)
FNDA:29,(anonymous_18)
FNDA:53,(anonymous_19)
FNDA:28,(anonymous_20)
FNDA:81,(anonymous_21)
FNDA:79,(anonymous_22)
FNDA:37,(anonymous_23)
FNDA:36,(anonymous_24)
FNDA:156,(anonymous_25)
FNDA:100,(anonymous_26)
DA:2,1
DA:3,1
DA:4,1
DA:5,1
DA:6,1
DA:7,1
DA:10,27
DA:12,27
DA:14,27
DA:16,27
DA:20,27
DA:22,27
DA:23,27
DA:24,27
DA:25,27
DA:26,27
DA:27,27
DA:31,27
DA:32,23
DA:33,2
DA:34,2
DA:35,2
DA:40,29
DA:41,29
DA:43,29
DA:46,20
DA:47,25
DA:48,25
DA:49,25
DA:51,29
DA:55,26
DA:56,0
DA:58,26
DA:59,19
DA:60,19
DA:63,19
DA:66,7
DA:70,10
DA:71,10
DA:75,26
DA:76,0
DA:80,26
DA:81,19
DA:85,7
DA:86,35
DA:87,7
DA:90,7
DA:91,7
DA:92,35
DA:94,7
DA:100,46
DA:104,46
DA:107,0
DA:109,0
DA:110,0
DA:111,0
DA:113,0
DA:114,0
DA:116,0
DA:117,0
DA:120,0
DA:124,37
DA:125,37
DA:131,29
DA:134,53
DA:137,28
DA:140,81
DA:143,156
DA:146,1
DA:153,1
DA:160,1
LF:71
LH:60
BRDA:31,0,0,23
BRDA:31,0,1,4
BRDA:40,1,0,29
BRDA:40,1,1,0
BRDA:43,2,0,25
BRDA:43,2,1,4
BRDA:43,3,0,29
BRDA:43,3,1,25
BRDA:43,3,2,4
BRDA:43,3,3,4
BRDA:55,4,0,0
BRDA:55,4,1,26
BRDA:58,5,0,19
BRDA:58,5,1,7
BRDA:75,6,0,0
BRDA:75,6,1,26
BRDA:80,7,0,19
BRDA:80,7,1,7
BRDA:110,8,0,0
BRDA:110,8,1,0
BRDA:113,9,0,0
BRDA:113,9,1,0
BRDA:116,10,0,0
BRDA:116,10,1,0
BRDA:125,11,0,3
BRDA:125,11,1,34
BRDA:126,12,0,5
BRDA:126,12,1,29
BRDA:131,13,0,29
BRDA:131,13,1,28
BRF:30
BRH:21
end_of_record
TN:
SF:src/app/components/sidebar/sidebar.component.ts
FN:8,(anonymous_0)
FN:13,(anonymous_1)
FN:17,(anonymous_2)
FN:18,(anonymous_3)
FN:20,(anonymous_4)
FN:21,(anonymous_5)
FN:23,(anonymous_6)
FN:27,(anonymous_7)
FN:32,(anonymous_8)
FN:33,(anonymous_9)
FN:36,(anonymous_10)
FNF:11
FNH:10
FNDA:3,(anonymous_0)
FNDA:0,(anonymous_1)
FNDA:5,(anonymous_2)
FNDA:14,(anonymous_3)
FNDA:3,(anonymous_4)
FNDA:5,(anonymous_5)
FNDA:5,(anonymous_6)
FNDA:5,(anonymous_7)
FNDA:5,(anonymous_8)
FNDA:14,(anonymous_9)
FNDA:2,(anonymous_10)
DA:2,1
DA:3,1
DA:4,1
DA:5,1
DA:6,1
DA:7,1
DA:9,3
DA:10,3
DA:11,3
DA:14,0
DA:15,0
DA:18,14
DA:21,3
DA:22,5
DA:23,5
DA:28,5
DA:33,14
DA:36,2
DA:39,1
DA:47,1
LF:20
LH:18
BRDA:22,0,0,2
BRDA:22,0,1,3
BRDA:29,1,0,5
BRDA:29,1,1,5
BRDA:33,2,0,14
BRDA:33,2,1,14
BRF:6
BRH:6
end_of_record
TN:
SF:src/app/components/sidebar-entry/sidebar-entry.component.ts
FN:7,(anonymous_0)
FN:12,(anonymous_1)
FNF:2
FNH:2
FNDA:2,(anonymous_0)
FNDA:4,(anonymous_1)
DA:2,1
DA:3,1
DA:4,1
DA:5,1
DA:6,1
DA:10,2
DA:13,4
DA:16,1
DA:24,1
DA:31,1
LF:10
LH:10
BRDA:13,0,0,4
BRDA:13,0,1,0
BRDA:13,0,2,0
BRF:3
BRH:1
end_of_record
TN:
SF:src/app/components/tab/tab.component.ts
FN:7,(anonymous_0)
FNF:1
FNH:1
FNDA:1,(anonymous_0)
DA:2,1
DA:3,1
DA:4,1
DA:5,1
DA:6,1
DA:8,1
DA:11,1
DA:15,1
DA:26,1
LF:9
LH:9
BRF:0
BRH:0
end_of_record
TN:
SF:src/app/components/table/table.component.ts
FN:7,(anonymous_0)
FNF:1
FNH:1
FNDA:1,(anonymous_0)
DA:2,1
DA:3,1
DA:4,1
DA:5,1
DA:6,1
DA:8,1
DA:11,1
DA:14,1
DA:21,1
LF:9
LH:9
BRF:0
BRH:0
end_of_record
TN:
SF:src/app/components/table/table-body/table-body.component.ts
FN:7,(anonymous_0)
FNF:1
FNH:1
FNDA:1,(anonymous_0)
DA:2,1
DA:3,1
DA:4,1
DA:5,1
DA:6,1
DA:8,1
DA:11,1
DA:14,1
DA:20,1
LF:9
LH:9
BRF:0
BRH:0
end_of_record
TN:
SF:src/app/components/table/table-cell/table-cell.component.ts
FN:7,(anonymous_0)
FNF:1
FNH:1
FNDA:1,(anonymous_0)
DA:2,1
DA:3,1
DA:4,1
DA:5,1
DA:6,1
DA:8,1
DA:11,1
DA:14,1
DA:21,1
LF:9
LH:9
BRF:0
BRH:0
end_of_record
TN:
SF:src/app/components/table/table-header/table-header.component.ts
FN:7,(anonymous_0)
FNF:1
FNH:1
FNDA:1,(anonymous_0)
DA:2,1
DA:3,1
DA:4,1
DA:5,1
DA:6,1
DA:8,1
DA:11,1
DA:14,1
DA:20,1
LF:9
LH:9
BRF:0
BRH:0
end_of_record
TN:
SF:src/app/components/table/table-header-cell/table-header-cell.component.ts
FN:7,(anonymous_0)
FNF:1
FNH:1
FNDA:1,(anonymous_0)
DA:2,1
DA:3,1
DA:4,1
DA:5,1
DA:6,1
DA:8,1
DA:11,1
DA:14,1
DA:21,1
LF:9
LH:9
BRF:0
BRH:0
end_of_record
TN:
SF:src/app/components/table/table-row/table-row.component.ts
FN:7,(anonymous_0)
FNF:1
FNH:1
FNDA:1,(anonymous_0)
DA:2,1
DA:3,1
DA:4,1
DA:5,1
DA:6,1
DA:8,1
DA:11,1
DA:14,1
DA:21,1
LF:9
LH:9
BRF:0
BRH:0
end_of_record
TN:
SF:src/app/components/tabs/tabs.component.ts
FN:8,(anonymous_0)
FN:12,(anonymous_1)
FN:15,(anonymous_2)
FNF:3
FNH:0
FNDA:0,(anonymous_0)
FNDA:0,(anonymous_1)
FNDA:0,(anonymous_2)
DA:2,1
DA:3,1
DA:4,1
DA:5,1
DA:6,1
DA:7,1
DA:9,0
DA:10,0
DA:13,0
DA:15,0
DA:17,0
DA:18,0
DA:21,1
DA:25,1
DA:32,1
LF:15
LH:9
BRF:0
BRH:0
end_of_record
TN:
SF:src/app/components/time/time.component.ts
FN:8,(anonymous_0)
FN:12,(anonymous_1)
FNF:2
FNH:2
FNDA:2,(anonymous_0)
FNDA:2,(anonymous_1)
DA:2,1
DA:3,1
DA:4,1
DA:5,1
DA:6,1
DA:7,1
DA:9,2
DA:12,2
DA:15,1
DA:18,1
DA:25,1
LF:11
LH:11
BRF:0
BRH:0
end_of_record
TN:
SF:src/app/entities/entities.ts
FN:6,(anonymous_0)
FN:12,(anonymous_1)
FN:13,(anonymous_2)
FN:15,pendingState
FN:21,pending
FN:25,loading
FN:29,allLoadedSuccessfully
FN:30,(anonymous_7)
FN:33,allLoaded
FN:34,(anonymous_9)
FNF:10
FNH:7
FNDA:1,(anonymous_0)
FNDA:1,(anonymous_1)
FNDA:0,(anonymous_2)
FNDA:51,pendingState
FNDA:36,pending
FNDA:49,loading
FNDA:0,allLoadedSuccessfully
FNDA:0,(anonymous_7)
FNDA:43,allLoaded
FNDA:53,(anonymous_9)
DA:2,1
DA:3,1
DA:4,1
DA:6,1
DA:7,1
DA:8,1
DA:9,1
DA:10,1
DA:12,1
DA:13,1
DA:16,51
DA:20,1
DA:22,36
DA:24,1
DA:26,49
DA:28,1
DA:30,0
DA:32,1
DA:34,53
DA:36,1
LF:20
LH:19
BRDA:11,0,0,1
BRDA:11,0,1,1
BRDA:16,1,0,51
BRDA:16,1,1,30
BRDA:16,1,2,30
BRDA:22,2,0,36
BRDA:22,2,1,27
BRDA:34,3,0,53
BRDA:34,3,1,33
BRF:9
BRH:9
end_of_record
TN:
SF:src/app/entities/api-tokens/api-token.actions.ts
FN:5,(anonymous_0)
FN:26,(anonymous_1)
FN:32,(anonymous_2)
FN:39,(anonymous_3)
FN:46,(anonymous_4)
FN:53,(anonymous_5)
FN:60,(anonymous_6)
FN:67,(anonymous_7)
FN:74,(anonymous_8)
FN:81,(anonymous_9)
FN:88,(anonymous_10)
FN:95,(anonymous_11)
FN:102,(anonymous_12)
FN:109,(anonymous_13)
FN:116,(anonymous_14)
FN:123,(anonymous_15)
FN:130,(anonymous_16)
FN:137,(anonymous_17)
FN:144,(anonymous_18)
FNF:19
FNH:13
FNDA:1,(anonymous_0)
FNDA:7,(anonymous_1)
FNDA:1,(anonymous_2)
FNDA:1,(anonymous_3)
FNDA:11,(anonymous_4)
FNDA:10,(anonymous_5)
FNDA:0,(anonymous_6)
FNDA:0,(anonymous_7)
FNDA:0,(anonymous_8)
FNDA:0,(anonymous_9)
FNDA:4,(anonymous_10)
FNDA:3,(anonymous_11)
FNDA:2,(anonymous_12)
FNDA:1,(anonymous_13)
FNDA:1,(anonymous_14)
FNDA:1,(anonymous_15)
FNDA:0,(anonymous_16)
FNDA:2,(anonymous_17)
FNDA:0,(anonymous_18)
DA:2,1
DA:3,1
DA:5,1
DA:6,1
DA:7,1
DA:8,1
DA:9,1
DA:10,1
DA:11,1
DA:12,1
DA:13,1
DA:14,1
DA:15,1
DA:16,1
DA:17,1
DA:18,1
DA:19,1
DA:20,1
DA:21,1
DA:22,1
DA:23,1
DA:27,7
DA:30,1
DA:33,1
DA:34,1
DA:37,1
DA:40,1
DA:41,1
DA:44,1
DA:47,11
DA:48,11
DA:51,1
DA:54,10
DA:55,10
DA:58,1
DA:61,0
DA:62,0
DA:65,1
DA:68,0
DA:69,0
DA:72,1
DA:75,0
DA:76,0
DA:79,1
DA:82,0
DA:83,0
DA:86,1
DA:89,4
DA:90,4
DA:93,1
DA:96,3
DA:97,3
DA:100,1
DA:103,2
DA:104,2
DA:107,1
DA:110,1
DA:111,1
DA:114,1
DA:117,1
DA:118,1
DA:121,1
DA:124,1
DA:125,1
DA:128,1
DA:131,0
DA:132,0
DA:135,1
DA:138,2
DA:139,2
DA:142,1
DA:145,0
DA:146,0
DA:149,1
LF:74
LH:62
BRDA:24,0,0,1
BRDA:24,0,1,1
BRF:2
BRH:2
end_of_record
TN:
SF:src/app/entities/api-tokens/api-token.reducer.ts
FN:26,apiTokenEntityReducer
FNF:1
FNH:1
FNDA:5236,apiTokenEntityReducer
DA:2,1
DA:3,1
DA:4,1
DA:5,1
DA:6,1
DA:7,1
DA:10,1
DA:11,1
DA:12,1
DA:13,1
DA:14,1
DA:15,1
DA:16,1
DA:17,1
DA:27,5236
DA:29,7
DA:32,5
DA:35,1
DA:38,11
DA:43,10
DA:46,0
DA:49,0
DA:52,0
DA:58,0
DA:61,4
DA:64,5
DA:67,2
DA:70,2
DA:78,1
DA:81,4
DA:84,2
DA:87,5182
DA:89,1
LF:33
LH:29
BRDA:26,0,0,1328
BRDA:27,1,0,7
BRDA:27,1,1,5
BRDA:27,1,2,1
BRDA:27,1,3,11
BRDA:27,1,4,10
BRDA:27,1,5,0
BRDA:27,1,6,0
BRDA:27,1,7,0
BRDA:27,1,8,0
BRDA:27,1,9,4
BRDA:27,1,10,5
BRDA:27,1,11,2
BRDA:27,1,12,2
BRDA:27,1,13,1
BRDA:27,1,14,4
BRDA:27,1,15,2
BRF:17
BRH:13
end_of_record
TN:
SF:src/app/entities/api-tokens/api-token.selectors.ts
FN:11,(anonymous_0)
FN:12,(anonymous_1)
FN:13,(anonymous_2)
FN:14,(anonymous_3)
FN:15,(anonymous_4)
FN:16,(anonymous_5)
FN:17,(anonymous_6)
FNF:7
FNH:6
FNDA:18,(anonymous_0)
FNDA:12,(anonymous_1)
FNDA:12,(anonymous_2)
FNDA:0,(anonymous_3)
FNDA:21,(anonymous_4)
FNDA:21,(anonymous_5)
FNDA:21,(anonymous_6)
DA:3,1
DA:4,1
DA:5,1
DA:6,1
DA:7,1
DA:8,1
DA:9,1
DA:10,1
DA:11,18
DA:12,12
DA:13,12
DA:14,1
DA:15,21
DA:16,21
DA:17,21
LF:15
LH:15
BRF:0
BRH:0
end_of_record
TN:
SF:src/app/entities/automate-settings/automate-settings.actions.ts
FN:5,(anonymous_0)
FN:14,(anonymous_1)
FN:21,(anonymous_2)
FN:28,(anonymous_3)
FN:35,(anonymous_4)
FN:42,(anonymous_5)
FN:49,(anonymous_6)
FNF:7
FNH:3
FNDA:1,(anonymous_0)
FNDA:45,(anonymous_1)
FNDA:0,(anonymous_2)
FNDA:0,(anonymous_3)
FNDA:1,(anonymous_4)
FNDA:0,(anonymous_5)
FNDA:0,(anonymous_6)
DA:2,1
DA:3,1
DA:5,1
DA:6,1
DA:7,1
DA:8,1
DA:9,1
DA:10,1
DA:11,1
DA:15,45
DA:16,45
DA:19,1
DA:22,0
DA:23,0
DA:26,1
DA:29,0
DA:30,0
DA:33,1
DA:36,1
DA:37,1
DA:40,1
DA:43,0
DA:44,0
DA:47,1
DA:50,0
DA:51,0
DA:54,1
LF:27
LH:19
BRDA:12,0,0,1
BRDA:12,0,1,1
BRF:2
BRH:2
end_of_record
TN:
SF:src/app/entities/automate-settings/automate-settings.model.ts
FN:5,(anonymous_0)
FN:13,(anonymous_1)
FN:29,(anonymous_2)
FN:36,(anonymous_3)
FN:48,(anonymous_4)
FN:56,(anonymous_5)
FNF:6
FNH:6
FNDA:19,(anonymous_0)
FNDA:1,(anonymous_1)
FNDA:1,(anonymous_2)
FNDA:1,(anonymous_3)
FNDA:1,(anonymous_4)
FNDA:9,(anonymous_5)
DA:2,1
DA:3,1
DA:6,19
DA:9,1
DA:13,1
DA:15,1
DA:16,1
DA:18,1
DA:19,1
DA:21,1
DA:22,1
DA:23,1
DA:25,1
DA:26,1
DA:29,1
DA:30,1
DA:31,1
DA:32,1
DA:33,1
DA:36,1
DA:37,1
DA:38,1
DA:39,1
DA:40,1
DA:41,1
DA:42,1
DA:43,1
DA:48,1
DA:49,1
DA:50,1
DA:51,1
DA:52,1
DA:53,1
DA:57,9
DA:58,0
DA:59,0
DA:60,0
DA:61,0
DA:62,0
DA:63,0
DA:64,0
DA:65,0
DA:66,0
DA:67,0
DA:68,0
DA:69,0
DA:73,1
DA:76,1
DA:81,1
LF:49
LH:37
BRDA:27,0,0,1
BRDA:27,0,1,1
BRDA:34,1,0,1
BRDA:34,1,1,1
BRDA:44,2,0,1
BRDA:44,2,1,1
BRDA:54,3,0,1
BRDA:54,3,1,1
BRDA:57,4,0,0
BRDA:57,4,1,9
BRF:10
BRH:9
end_of_record
TN:
SF:src/app/entities/automate-settings/automate-settings.reducer.ts
FN:16,automateSettingsEntityReducer
FNF:1
FNH:1
FNDA:5215,automateSettingsEntityReducer
DA:2,1
DA:3,1
DA:4,1
DA:5,1
DA:6,1
DA:7,1
DA:17,5215
DA:19,45
DA:21,0
DA:23,0
DA:25,1
DA:27,0
DA:29,0
DA:31,5169
DA:34,1
LF:15
LH:11
BRDA:16,0,0,1328
BRDA:17,1,0,45
BRDA:17,1,1,0
BRDA:17,1,2,0
BRDA:17,1,3,1
BRDA:17,1,4,0
BRDA:17,1,5,0
BRDA:17,1,6,5169
BRF:8
BRH:4
end_of_record
TN:
SF:src/app/entities/automate-settings/automate-settings.selectors.ts
FN:6,(anonymous_0)
FN:7,(anonymous_1)
FN:8,(anonymous_2)
FNF:3
FNH:1
FNDA:0,(anonymous_0)
FNDA:0,(anonymous_1)
FNDA:46,(anonymous_2)
DA:2,1
DA:3,1
DA:4,1
DA:5,1
DA:6,1
DA:7,1
DA:8,46
LF:7
LH:7
BRF:0
BRH:0
end_of_record
TN:
SF:src/app/entities/cds/cds.actions.ts
FN:5,(anonymous_0)
FN:23,(anonymous_1)
FN:29,(anonymous_2)
FN:36,(anonymous_3)
FN:43,(anonymous_4)
FN:50,(anonymous_5)
FN:56,(anonymous_6)
FN:63,(anonymous_7)
FN:70,(anonymous_8)
FN:77,(anonymous_9)
FN:84,(anonymous_10)
FN:90,(anonymous_11)
FN:97,(anonymous_12)
FN:104,(anonymous_13)
FN:111,(anonymous_14)
FN:117,(anonymous_15)
FNF:16
FNH:1
FNDA:1,(anonymous_0)
FNDA:0,(anonymous_1)
FNDA:0,(anonymous_2)
FNDA:0,(anonymous_3)
FNDA:0,(anonymous_4)
FNDA:0,(anonymous_5)
FNDA:0,(anonymous_6)
FNDA:0,(anonymous_7)
FNDA:0,(anonymous_8)
FNDA:0,(anonymous_9)
FNDA:0,(anonymous_10)
FNDA:0,(anonymous_11)
FNDA:0,(anonymous_12)
FNDA:0,(anonymous_13)
FNDA:0,(anonymous_14)
FNDA:0,(anonymous_15)
DA:2,1
DA:3,1
DA:5,1
DA:6,1
DA:7,1
DA:8,1
DA:9,1
DA:10,1
DA:11,1
DA:12,1
DA:13,1
DA:14,1
DA:15,1
DA:16,1
DA:17,1
DA:18,1
DA:19,1
DA:20,1
DA:24,0
DA:27,1
DA:30,0
DA:31,0
DA:34,1
DA:37,0
DA:38,0
DA:41,1
DA:44,0
DA:45,0
DA:48,1
DA:51,0
DA:54,1
DA:57,0
DA:58,0
DA:61,1
DA:64,0
DA:65,0
DA:68,1
DA:71,0
DA:72,0
DA:75,1
DA:78,0
DA:79,0
DA:82,1
DA:85,0
DA:88,1
DA:91,0
DA:92,0
DA:95,1
DA:98,0
DA:99,0
DA:102,1
DA:105,0
DA:106,0
DA:109,1
DA:112,0
DA:115,1
DA:118,0
DA:119,0
DA:122,1
LF:59
LH:33
BRDA:21,0,0,1
BRDA:21,0,1,1
BRF:2
BRH:2
end_of_record
TN:
SF:src/app/entities/cds/cds.reducer.ts
FN:16,desktopEntityReducer
FNF:1
FNH:1
FNDA:5215,desktopEntityReducer
DA:2,1
DA:3,1
DA:4,1
DA:5,1
DA:6,1
DA:7,1
DA:17,5215
DA:19,0
DA:21,0
DA:23,0
DA:25,0
DA:27,0
DA:29,0
DA:31,0
DA:33,0
DA:35,0
DA:37,0
DA:39,0
DA:41,0
DA:43,0
DA:45,0
DA:47,0
DA:49,5215
DA:52,1
LF:24
LH:9
BRDA:16,0,0,1328
BRDA:17,1,0,0
BRDA:17,1,1,0
BRDA:17,1,2,0
BRDA:17,1,3,0
BRDA:17,1,4,0
BRDA:17,1,5,0
BRDA:17,1,6,0
BRDA:17,1,7,0
BRDA:17,1,8,0
BRDA:17,1,9,0
BRDA:17,1,10,0
BRDA:17,1,11,0
BRDA:17,1,12,0
BRDA:17,1,13,0
BRDA:17,1,14,0
BRDA:17,1,15,5215
BRF:17
BRH:2
end_of_record
TN:
SF:src/app/entities/client-runs/client-runs.actions.ts
FN:5,(anonymous_0)
FN:26,(anonymous_1)
FN:32,(anonymous_2)
FN:39,(anonymous_3)
FN:46,(anonymous_4)
FN:52,(anonymous_5)
FN:59,(anonymous_6)
FN:66,(anonymous_7)
FN:72,(anonymous_8)
FN:79,(anonymous_9)
FN:86,(anonymous_10)
FN:93,(anonymous_11)
FN:100,(anonymous_12)
FN:107,(anonymous_13)
FN:114,(anonymous_14)
FN:120,(anonymous_15)
FN:127,(anonymous_16)
FN:134,(anonymous_17)
FN:141,(anonymous_18)
FNF:19
FNH:2
FNDA:1,(anonymous_0)
FNDA:0,(anonymous_1)
FNDA:0,(anonymous_2)
FNDA:0,(anonymous_3)
FNDA:0,(anonymous_4)
FNDA:0,(anonymous_5)
FNDA:0,(anonymous_6)
FNDA:0,(anonymous_7)
FNDA:0,(anonymous_8)
FNDA:0,(anonymous_9)
FNDA:0,(anonymous_10)
FNDA:0,(anonymous_11)
FNDA:0,(anonymous_12)
FNDA:0,(anonymous_13)
FNDA:0,(anonymous_14)
FNDA:0,(anonymous_15)
FNDA:18,(anonymous_16)
FNDA:0,(anonymous_17)
FNDA:0,(anonymous_18)
DA:2,1
DA:3,1
DA:5,1
DA:6,1
DA:7,1
DA:8,1
DA:9,1
DA:10,1
DA:11,1
DA:12,1
DA:13,1
DA:14,1
DA:15,1
DA:16,1
DA:17,1
DA:18,1
DA:19,1
DA:20,1
DA:21,1
DA:22,1
DA:23,1
DA:27,0
DA:30,1
DA:33,0
DA:34,0
DA:37,1
DA:40,0
DA:41,0
DA:44,1
DA:47,0
DA:50,1
DA:53,0
DA:54,0
DA:57,1
DA:60,0
DA:61,0
DA:64,1
DA:67,0
DA:70,1
DA:73,0
DA:74,0
DA:77,1
DA:80,0
DA:81,0
DA:84,1
DA:87,0
DA:88,0
DA:91,1
DA:94,0
DA:95,0
DA:98,1
DA:101,0
DA:102,0
DA:105,1
DA:108,0
DA:109,0
DA:112,1
DA:115,0
DA:118,1
DA:121,0
DA:122,0
DA:125,1
DA:128,18
DA:129,18
DA:132,1
DA:135,0
DA:136,0
DA:139,1
DA:142,0
DA:143,0
DA:146,1
LF:71
LH:41
BRDA:24,0,0,1
BRDA:24,0,1,1
BRF:2
BRH:2
end_of_record
TN:
SF:src/app/entities/client-runs/client-runs.reducer.ts
FN:34,clientRunsEntityReducer
FNF:1
FNH:1
FNDA:5215,clientRunsEntityReducer
DA:2,1
DA:3,1
DA:4,1
DA:5,1
DA:6,1
DA:7,1
DA:35,5215
DA:37,0
DA:39,0
DA:41,0
DA:43,0
DA:45,0
DA:47,0
DA:49,0
DA:51,0
DA:53,0
DA:55,0
DA:57,0
DA:59,0
DA:61,0
DA:63,0
DA:65,0
DA:67,0
DA:68,0
DA:71,0
DA:74,0
DA:77,5215
DA:80,1
LF:28
LH:9
BRDA:34,0,0,1328
BRDA:35,1,0,0
BRDA:35,1,1,0
BRDA:35,1,2,0
BRDA:35,1,3,0
BRDA:35,1,4,0
BRDA:35,1,5,0
BRDA:35,1,6,0
BRDA:35,1,7,0
BRDA:35,1,8,0
BRDA:35,1,9,0
BRDA:35,1,10,0
BRDA:35,1,11,0
BRDA:35,1,12,0
BRDA:35,1,13,0
BRDA:35,1,14,0
BRDA:35,1,15,0
BRDA:35,1,16,0
BRDA:35,1,17,0
BRDA:35,1,18,5215
BRF:20
BRH:2
end_of_record
TN:
SF:src/app/entities/client-runs/client-runs.requests.ts
FN:15,(anonymous_0)
FN:18,(anonymous_1)
FN:38,(anonymous_2)
FN:41,(anonymous_3)
FN:44,(anonymous_4)
FN:46,(anonymous_5)
FN:46,(anonymous_6)
FN:48,(anonymous_7)
FN:54,(anonymous_8)
FN:58,(anonymous_9)
FN:58,(anonymous_10)
FN:64,(anonymous_11)
FN:70,(anonymous_12)
FN:70,(anonymous_13)
FN:72,(anonymous_14)
FN:88,(anonymous_15)
FN:102,(anonymous_16)
FN:105,(anonymous_17)
FN:116,(anonymous_18)
FN:136,(anonymous_19)
FN:153,(anonymous_20)
FN:160,(anonymous_21)
FN:161,(anonymous_22)
FN:167,(anonymous_23)
FNF:24
FNH:11
FNDA:62,(anonymous_0)
FNDA:0,(anonymous_1)
FNDA:0,(anonymous_2)
FNDA:0,(anonymous_3)
FNDA:0,(anonymous_4)
FNDA:0,(anonymous_5)
FNDA:0,(anonymous_6)
FNDA:5,(anonymous_7)
FNDA:4,(anonymous_8)
FNDA:3,(anonymous_9)
FNDA:72,(anonymous_10)
FNDA:0,(anonymous_11)
FNDA:0,(anonymous_12)
FNDA:0,(anonymous_13)
FNDA:5,(anonymous_14)
FNDA:17,(anonymous_15)
FNDA:0,(anonymous_16)
FNDA:0,(anonymous_17)
FNDA:0,(anonymous_18)
FNDA:0,(anonymous_19)
FNDA:8,(anonymous_20)
FNDA:5,(anonymous_21)
FNDA:10,(anonymous_22)
FNDA:1,(anonymous_23)
DA:2,1
DA:3,1
DA:4,1
DA:5,1
DA:6,1
DA:7,1
DA:8,1
DA:9,1
DA:10,1
DA:11,1
DA:12,1
DA:13,1
DA:14,1
DA:16,62
DA:19,0
DA:20,0
DA:25,0
DA:26,0
DA:28,0
DA:29,0
DA:30,0
DA:33,0
DA:36,0
DA:39,0
DA:40,0
DA:41,0
DA:45,0
DA:46,0
DA:49,5
DA:50,5
DA:51,5
DA:55,4
DA:56,4
DA:57,4
DA:58,72
DA:61,0
DA:65,0
DA:66,0
DA:69,0
DA:70,0
DA:73,5
DA:74,5
DA:75,5
DA:76,0
DA:78,5
DA:79,0
DA:81,5
DA:82,0
DA:84,5
DA:85,0
DA:87,5
DA:88,4
DA:89,17
DA:90,17
DA:93,5
DA:94,0
DA:96,5
DA:97,0
DA:100,5
DA:103,0
DA:104,0
DA:105,0
DA:106,0
DA:107,0
DA:109,0
DA:111,0
DA:112,0
DA:114,0
DA:117,0
DA:137,0
DA:147,0
DA:148,0
DA:149,0
DA:151,0
DA:154,8
DA:155,8
DA:156,5
DA:158,8
DA:161,5
DA:162,10
DA:163,10
DA:167,1
DA:170,1
DA:174,1
LF:84
LH:44
BRDA:25,0,0,0
BRDA:25,0,1,0
BRDA:28,1,0,0
BRDA:28,1,1,0
BRDA:29,2,0,0
BRDA:29,2,1,0
BRDA:50,3,0,4
BRDA:50,3,1,1
BRDA:55,4,0,4
BRDA:55,4,1,0
BRDA:55,5,0,4
BRDA:55,5,1,4
BRDA:58,6,0,72
BRDA:58,6,1,72
BRDA:58,6,2,70
BRDA:74,7,0,5
BRDA:74,7,1,0
BRDA:75,8,0,0
BRDA:75,8,1,5
BRDA:78,9,0,0
BRDA:78,9,1,5
BRDA:81,10,0,0
BRDA:81,10,1,5
BRDA:84,11,0,0
BRDA:84,11,1,5
BRDA:87,12,0,4
BRDA:87,12,1,1
BRDA:93,13,0,0
BRDA:93,13,1,5
BRDA:96,14,0,0
BRDA:96,14,1,5
BRDA:104,15,0,0
BRDA:104,15,1,0
BRDA:111,16,0,0
BRDA:111,16,1,0
BRDA:147,17,0,0
BRDA:147,17,1,0
BRDA:155,18,0,5
BRDA:155,18,1,3
BRF:39
BRH:19
end_of_record
TN:
SF:src/app/entities/client-runs/client-runs.selectors.ts
FN:6,(anonymous_0)
FN:7,(anonymous_1)
FN:8,(anonymous_2)
FN:9,(anonymous_3)
FNF:4
FNH:0
FNDA:0,(anonymous_0)
FNDA:0,(anonymous_1)
FNDA:0,(anonymous_2)
FNDA:0,(anonymous_3)
DA:2,1
DA:3,1
DA:4,1
DA:5,1
DA:6,1
DA:7,1
DA:8,1
DA:9,1
LF:8
LH:8
BRDA:6,0,0,0
BRDA:6,0,1,0
BRF:2
BRH:0
end_of_record
TN:
SF:src/app/entities/clients/client-details.reducer.ts
FN:11,(anonymous_0)
FN:16,clientDetailsEntityReducer
FNF:2
FNH:1
FNDA:0,(anonymous_0)
FNDA:5215,clientDetailsEntityReducer
DA:2,1
DA:3,1
DA:4,1
DA:5,1
DA:6,1
DA:7,1
DA:8,1
DA:9,1
DA:10,1
DA:11,0
DA:13,1
DA:17,5215
DA:19,0
DA:21,0
DA:23,0
DA:25,2
DA:27,2
DA:30,2
DA:32,5209
DA:35,1
LF:20
LH:16
BRDA:16,0,0,1328
BRDA:17,1,0,0
BRDA:17,1,1,0
BRDA:17,1,2,0
BRDA:17,1,3,2
BRDA:17,1,4,2
BRDA:17,1,5,2
BRDA:17,1,6,5209
BRDA:27,2,0,2
BRDA:27,2,1,0
BRF:10
BRH:6
end_of_record
TN:
SF:src/app/entities/clients/client-details.selectors.ts
FN:11,(anonymous_0)
FN:12,(anonymous_1)
FN:13,(anonymous_2)
FN:14,(anonymous_3)
FN:15,(anonymous_4)
FNF:5
FNH:4
FNDA:0,(anonymous_0)
FNDA:11,(anonymous_1)
FNDA:1,(anonymous_2)
FNDA:11,(anonymous_3)
FNDA:11,(anonymous_4)
DA:3,1
DA:4,1
DA:5,1
DA:6,1
DA:7,1
DA:8,1
DA:9,1
DA:10,1
DA:11,1
DA:12,11
DA:13,1
DA:14,11
DA:15,11
LF:13
LH:13
BRF:0
BRH:0
end_of_record
TN:
SF:src/app/entities/clients/client.action.ts
FN:5,(anonymous_0)
FN:23,(anonymous_1)
FN:30,(anonymous_2)
FN:37,(anonymous_3)
FN:44,(anonymous_4)
FN:51,(anonymous_5)
FN:58,(anonymous_6)
FN:65,(anonymous_7)
FN:72,(anonymous_8)
FN:79,(anonymous_9)
FN:86,(anonymous_10)
FN:93,(anonymous_11)
FN:100,(anonymous_12)
FN:107,(anonymous_13)
FN:114,(anonymous_14)
FN:121,(anonymous_15)
FNF:16
FNH:6
FNDA:1,(anonymous_0)
FNDA:74,(anonymous_1)
FNDA:2,(anonymous_2)
FNDA:0,(anonymous_3)
FNDA:0,(anonymous_4)
FNDA:0,(anonymous_5)
FNDA:0,(anonymous_6)
FNDA:0,(anonymous_7)
FNDA:0,(anonymous_8)
FNDA:0,(anonymous_9)
FNDA:0,(anonymous_10)
FNDA:0,(anonymous_11)
FNDA:0,(anonymous_12)
FNDA:2,(anonymous_13)
FNDA:2,(anonymous_14)
FNDA:2,(anonymous_15)
DA:2,1
DA:3,1
DA:5,1
DA:6,1
DA:7,1
DA:8,1
DA:9,1
DA:10,1
DA:11,1
DA:12,1
DA:13,1
DA:14,1
DA:15,1
DA:16,1
DA:17,1
DA:18,1
DA:19,1
DA:20,1
DA:24,74
DA:25,74
DA:28,1
DA:31,2
DA:32,2
DA:35,1
DA:38,0
DA:39,0
DA:42,1
DA:45,0
DA:46,0
DA:49,1
DA:52,0
DA:53,0
DA:56,1
DA:59,0
DA:60,0
DA:63,1
DA:66,0
DA:67,0
DA:70,1
DA:73,0
DA:74,0
DA:77,1
DA:80,0
DA:81,0
DA:84,1
DA:87,0
DA:88,0
DA:91,1
DA:94,0
DA:95,0
DA:98,1
DA:101,0
DA:102,0
DA:105,1
DA:108,2
DA:109,2
DA:112,1
DA:115,2
DA:116,2
DA:119,1
DA:122,2
DA:123,2
DA:126,1
LF:63
LH:43
BRDA:21,0,0,1
BRDA:21,0,1,1
BRF:2
BRH:2
end_of_record
TN:
SF:src/app/entities/clients/client.reducer.ts
FN:13,(anonymous_0)
FN:19,clientEntityReducer
FN:39,(anonymous_2)
FN:49,(anonymous_3)
FN:49,(anonymous_4)
FNF:5
FNH:1
FNDA:0,(anonymous_0)
FNDA:5215,clientEntityReducer
FNDA:0,(anonymous_2)
FNDA:0,(anonymous_3)
FNDA:0,(anonymous_4)
DA:2,1
DA:3,1
DA:4,1
DA:5,1
DA:6,1
DA:7,1
DA:8,1
DA:9,1
DA:10,1
DA:11,1
DA:12,1
DA:13,0
DA:15,1
DA:20,5215
DA:22,74
DA:24,2
DA:26,0
DA:28,0
DA:31,0
DA:34,0
DA:37,0
DA:39,0
DA:40,0
DA:41,0
DA:43,0
DA:45,5139
DA:48,1
DA:49,1
LF:28
LH:18
BRDA:19,0,0,1328
BRDA:20,1,0,74
BRDA:20,1,1,2
BRDA:20,1,2,0
BRDA:20,1,3,0
BRDA:20,1,4,0
BRDA:20,1,5,0
BRDA:20,1,6,0
BRDA:20,1,7,0
BRDA:20,1,8,0
BRDA:20,1,9,5139
BRDA:24,2,0,2
BRDA:24,2,1,0
BRDA:24,3,0,2
BRDA:24,3,1,1
BRDA:31,4,0,0
BRDA:31,4,1,0
BRDA:31,5,0,0
BRDA:31,5,1,0
BRDA:41,6,0,0
BRDA:41,6,1,0
BRDA:41,7,0,0
BRDA:41,7,1,0
BRF:23
BRH:7
end_of_record
TN:
SF:src/app/entities/clients/client.selectors.ts
FN:9,(anonymous_0)
FN:10,(anonymous_1)
FN:11,(anonymous_2)
FN:12,(anonymous_3)
FN:13,(anonymous_4)
FN:14,(anonymous_5)
FN:15,(anonymous_6)
FNF:7
FNH:5
FNDA:0,(anonymous_0)
FNDA:76,(anonymous_1)
FNDA:76,(anonymous_2)
FNDA:76,(anonymous_3)
FNDA:0,(anonymous_4)
FNDA:1,(anonymous_5)
FNDA:1,(anonymous_6)
DA:3,1
DA:4,1
DA:5,1
DA:6,1
DA:7,1
DA:8,1
DA:9,1
DA:10,76
DA:11,76
DA:12,76
DA:13,1
DA:14,1
DA:15,1
LF:13
LH:13
BRF:0
BRH:0
end_of_record
TN:
SF:src/app/entities/cookbooks/cookbook-details.actions.ts
FN:5,(anonymous_0)
FN:11,(anonymous_1)
FN:18,(anonymous_2)
FN:25,(anonymous_3)
FNF:4
FNH:3
FNDA:1,(anonymous_0)
FNDA:1,(anonymous_1)
FNDA:3,(anonymous_2)
FNDA:0,(anonymous_3)
DA:2,1
DA:3,1
DA:5,1
DA:6,1
DA:7,1
DA:8,1
DA:12,1
DA:13,1
DA:16,1
DA:19,3
DA:20,3
DA:23,1
DA:26,0
DA:27,0
DA:30,1
LF:15
LH:13
BRDA:9,0,0,1
BRDA:9,0,1,1
BRF:2
BRH:2
end_of_record
TN:
SF:src/app/entities/cookbooks/cookbook-details.reducer.ts
FN:10,(anonymous_0)
FN:15,cookbookDetailsEntityReducer
FN:28,(anonymous_2)
FN:28,(anonymous_3)
FNF:4
FNH:2
FNDA:3,(anonymous_0)
FNDA:5215,cookbookDetailsEntityReducer
FNDA:0,(anonymous_2)
FNDA:0,(anonymous_3)
DA:2,1
DA:3,1
DA:4,1
DA:5,1
DA:6,1
DA:7,1
DA:8,1
DA:9,1
DA:10,3
DA:12,1
DA:16,5215
DA:18,1
DA:20,3
DA:22,0
DA:24,5211
DA:27,1
DA:28,1
LF:17
LH:16
BRDA:15,0,0,1328
BRDA:16,1,0,1
BRDA:16,1,1,3
BRDA:16,1,2,0
BRDA:16,1,3,5211
BRF:5
BRH:4
end_of_record
TN:
SF:src/app/entities/cookbooks/cookbook-details.requests.ts
FN:11,(anonymous_0)
FN:14,(anonymous_1)
FN:17,(anonymous_2)
FN:19,(anonymous_3)
FN:41,(anonymous_4)
FNF:5
FNH:3
FNDA:2,(anonymous_0)
FNDA:1,(anonymous_1)
FNDA:0,(anonymous_2)
FNDA:0,(anonymous_3)
FNDA:1,(anonymous_4)
DA:2,1
DA:3,1
DA:4,1
DA:5,1
DA:6,1
DA:7,1
DA:8,1
DA:9,1
DA:10,1
DA:12,2
DA:15,1
DA:16,1
DA:17,0
DA:20,0
DA:41,1
DA:44,1
DA:48,1
LF:17
LH:15
BRF:0
BRH:0
end_of_record
TN:
SF:src/app/entities/cookbooks/cookbook-details.selectors.ts
FN:11,(anonymous_0)
FN:12,(anonymous_1)
FNF:2
FNH:2
FNDA:9,(anonymous_0)
FNDA:9,(anonymous_1)
DA:3,1
DA:4,1
DA:5,1
DA:6,1
DA:7,1
DA:8,1
DA:9,1
DA:10,1
DA:11,9
DA:12,9
LF:10
LH:10
BRF:0
BRH:0
end_of_record
TN:
SF:src/app/entities/cookbooks/cookbook-versions.actions.ts
FN:5,(anonymous_0)
FN:11,(anonymous_1)
FN:18,(anonymous_2)
FN:25,(anonymous_3)
FNF:4
FNH:3
FNDA:1,(anonymous_0)
FNDA:6,(anonymous_1)
FNDA:1,(anonymous_2)
FNDA:0,(anonymous_3)
DA:2,1
DA:3,1
DA:5,1
DA:6,1
DA:7,1
DA:8,1
DA:12,6
DA:13,6
DA:16,1
DA:19,1
DA:20,1
DA:23,1
DA:26,0
DA:27,0
DA:30,1
LF:15
LH:13
BRDA:9,0,0,1
BRDA:9,0,1,1
BRF:2
BRH:2
end_of_record
TN:
SF:src/app/entities/cookbooks/cookbook-versions.reducer.ts
FN:10,(anonymous_0)
FN:15,cookbookVersionsEntityReducer
FN:29,(anonymous_2)
FN:29,(anonymous_3)
FNF:4
FNH:2
FNDA:1,(anonymous_0)
FNDA:5215,cookbookVersionsEntityReducer
FNDA:0,(anonymous_2)
FNDA:0,(anonymous_3)
DA:2,1
DA:3,1
DA:4,1
DA:5,1
DA:6,1
DA:7,1
DA:8,1
DA:9,1
DA:10,1
DA:12,1
DA:16,5215
DA:18,6
DA:20,1
DA:23,0
DA:25,5208
DA:28,1
DA:29,1
LF:17
LH:16
BRDA:15,0,0,1328
BRDA:16,1,0,6
BRDA:16,1,1,1
BRDA:16,1,2,0
BRDA:16,1,3,5208
BRF:5
BRH:4
end_of_record
TN:
SF:src/app/entities/cookbooks/cookbook-versions.selectors.ts
FN:10,(anonymous_0)
FN:11,(anonymous_1)
FNF:2
FNH:2
FNDA:7,(anonymous_0)
FNDA:7,(anonymous_1)
DA:3,1
DA:4,1
DA:5,1
DA:6,1
DA:7,1
DA:8,1
DA:9,1
DA:10,7
DA:11,7
LF:9
LH:9
BRF:0
BRH:0
end_of_record
TN:
SF:src/app/entities/cookbooks/cookbook.actions.ts
FN:5,(anonymous_0)
FN:11,(anonymous_1)
FN:18,(anonymous_2)
FN:25,(anonymous_3)
FNF:4
FNH:3
FNDA:1,(anonymous_0)
FNDA:87,(anonymous_1)
FNDA:2,(anonymous_2)
FNDA:0,(anonymous_3)
DA:2,1
DA:3,1
DA:5,1
DA:6,1
DA:7,1
DA:8,1
DA:12,87
DA:13,87
DA:16,1
DA:19,2
DA:20,2
DA:23,1
DA:26,0
DA:27,0
DA:30,1
LF:15
LH:13
BRDA:9,0,0,1
BRDA:9,0,1,1
BRF:2
BRH:2
end_of_record
TN:
SF:src/app/entities/cookbooks/cookbook.reducer.ts
FN:10,(anonymous_0)
FN:15,cookbookEntityReducer
FN:28,(anonymous_2)
FN:28,(anonymous_3)
FNF:4
FNH:2
FNDA:1,(anonymous_0)
FNDA:5215,cookbookEntityReducer
FNDA:0,(anonymous_2)
FNDA:0,(anonymous_3)
DA:2,1
DA:3,1
DA:4,1
DA:5,1
DA:6,1
DA:7,1
DA:8,1
DA:9,1
DA:10,1
DA:12,1
DA:16,5215
DA:18,87
DA:20,2
DA:22,0
DA:24,5126
DA:27,1
DA:28,1
LF:17
LH:16
BRDA:15,0,0,1328
BRDA:16,1,0,87
BRDA:16,1,1,2
BRDA:16,1,2,0
BRDA:16,1,3,5126
BRF:5
BRH:4
end_of_record
TN:
SF:src/app/entities/cookbooks/cookbook.selectors.ts
FN:11,(anonymous_0)
FN:12,(anonymous_1)
FNF:2
FNH:1
FNDA:89,(anonymous_0)
FNDA:0,(anonymous_1)
DA:3,1
DA:4,1
DA:5,1
DA:6,1
DA:7,1
DA:8,1
DA:9,1
DA:10,1
DA:11,89
DA:12,1
LF:10
LH:10
BRF:0
BRH:0
end_of_record
TN:
SF:src/app/entities/credentials/credential.actions.ts
FN:5,(anonymous_0)
FN:11,(anonymous_1)
FN:18,(anonymous_2)
FN:25,(anonymous_3)
FNF:4
FNH:2
FNDA:1,(anonymous_0)
FNDA:12,(anonymous_1)
FNDA:0,(anonymous_2)
FNDA:0,(anonymous_3)
DA:2,1
DA:3,1
DA:5,1
DA:6,1
DA:7,1
DA:8,1
DA:12,12
DA:13,12
DA:16,1
DA:19,0
DA:20,0
DA:23,1
DA:26,0
DA:27,0
DA:30,1
LF:15
LH:11
BRDA:9,0,0,1
BRDA:9,0,1,1
BRF:2
BRH:2
end_of_record
TN:
SF:src/app/entities/credentials/credential.reducer.ts
FN:13,credentialReducer
FNF:1
FNH:1
FNDA:5215,credentialReducer
DA:2,1
DA:3,1
DA:4,1
DA:5,1
DA:6,1
DA:7,1
DA:8,1
DA:9,1
DA:14,5215
DA:16,11
DA:18,0
DA:19,0
DA:21,0
DA:23,5204
DA:26,1
LF:15
LH:12
BRDA:13,0,0,1408
BRDA:14,1,0,11
BRDA:14,1,1,0
BRDA:14,1,2,0
BRDA:14,1,3,5204
BRF:5
BRH:3
end_of_record
TN:
SF:src/app/entities/credentials/credential.selectors.ts
FN:10,(anonymous_0)
FN:10,(anonymous_1)
FN:11,(anonymous_2)
FN:12,(anonymous_3)
FNF:4
FNH:2
FNDA:0,(anonymous_0)
FNDA:0,(anonymous_1)
FNDA:18,(anonymous_2)
FNDA:18,(anonymous_3)
DA:3,1
DA:4,1
DA:5,1
DA:6,1
DA:7,1
DA:8,1
DA:9,1
DA:10,1
DA:11,18
DA:12,18
LF:10
LH:10
BRF:0
BRH:0
end_of_record
TN:
SF:src/app/entities/data-bags/data-bag-details.actions.ts
FN:5,(anonymous_0)
FN:20,(anonymous_1)
FN:27,(anonymous_2)
FN:34,(anonymous_3)
FN:41,(anonymous_4)
FN:48,(anonymous_5)
FN:55,(anonymous_6)
FN:62,(anonymous_7)
FN:69,(anonymous_8)
FN:76,(anonymous_9)
FN:83,(anonymous_10)
FN:90,(anonymous_11)
FN:97,(anonymous_12)
FNF:13
FNH:8
FNDA:1,(anonymous_0)
FNDA:1,(anonymous_1)
FNDA:5,(anonymous_2)
FNDA:0,(anonymous_3)
FNDA:2,(anonymous_4)
FNDA:1,(anonymous_5)
FNDA:1,(anonymous_6)
FNDA:1,(anonymous_7)
FNDA:1,(anonymous_8)
FNDA:0,(anonymous_9)
FNDA:0,(anonymous_10)
FNDA:0,(anonymous_11)
FNDA:0,(anonymous_12)
DA:2,1
DA:3,1
DA:5,1
DA:6,1
DA:7,1
DA:8,1
DA:9,1
DA:10,1
DA:11,1
DA:12,1
DA:13,1
DA:14,1
DA:15,1
DA:16,1
DA:17,1
DA:21,1
DA:22,1
DA:25,1
DA:28,5
DA:29,5
DA:32,1
DA:35,0
DA:36,0
DA:39,1
DA:42,2
DA:43,2
DA:46,1
DA:49,1
DA:50,1
DA:53,1
DA:56,1
DA:57,1
DA:60,1
DA:63,1
DA:64,1
DA:67,1
DA:70,1
DA:71,1
DA:74,1
DA:77,0
DA:78,0
DA:81,1
DA:84,0
DA:85,0
DA:88,1
DA:91,0
DA:92,0
DA:95,1
DA:98,0
DA:99,0
DA:102,1
LF:51
LH:41
BRDA:18,0,0,1
BRDA:18,0,1,1
BRF:2
BRH:2
end_of_record
TN:
SF:src/app/entities/data-bags/data-bag-details.reducer.ts
FN:14,(anonymous_0)
FN:21,dataBagItemsEntityReducer
FN:43,(anonymous_2)
FN:63,(anonymous_3)
FN:63,(anonymous_4)
FNF:5
FNH:3
FNDA:1,(anonymous_0)
FNDA:5215,dataBagItemsEntityReducer
FNDA:1,(anonymous_2)
FNDA:0,(anonymous_3)
FNDA:0,(anonymous_4)
DA:2,1
DA:3,1
DA:4,1
DA:5,1
DA:6,1
DA:7,1
DA:8,1
DA:9,1
DA:10,1
DA:11,1
DA:12,1
DA:13,1
DA:14,1
DA:16,1
DA:22,5215
DA:24,1
DA:27,5
DA:29,0
DA:31,2
DA:34,1
DA:37,1
DA:40,1
DA:43,1
DA:44,1
DA:45,1
DA:47,0
DA:50,0
DA:52,0
DA:57,0
DA:59,5203
DA:62,1
DA:63,1
LF:32
LH:27
BRDA:21,0,0,1328
BRDA:22,1,0,1
BRDA:22,1,1,5
BRDA:22,1,2,0
BRDA:22,1,3,2
BRDA:22,1,4,1
BRDA:22,1,5,1
BRDA:22,1,6,1
BRDA:22,1,7,1
BRDA:22,1,8,0
BRDA:22,1,9,0
BRDA:22,1,10,0
BRDA:22,1,11,0
BRDA:22,1,12,5203
BRDA:27,2,0,5
BRDA:27,2,1,0
BRDA:27,3,0,5
BRDA:27,3,1,0
BRDA:45,4,0,1
BRDA:45,4,1,0
BRDA:45,5,0,1
BRDA:45,5,1,0
BRF:22
BRH:13
end_of_record
TN:
SF:src/app/entities/data-bags/data-bag-details.selector.ts
FN:11,(anonymous_0)
FN:12,(anonymous_1)
FN:13,(anonymous_2)
FN:14,(anonymous_3)
FN:15,(anonymous_4)
FN:16,(anonymous_5)
FN:17,(anonymous_6)
FNF:7
FNH:6
FNDA:13,(anonymous_0)
FNDA:0,(anonymous_1)
FNDA:13,(anonymous_2)
FNDA:1,(anonymous_3)
FNDA:13,(anonymous_4)
FNDA:7,(anonymous_5)
FNDA:7,(anonymous_6)
DA:3,1
DA:4,1
DA:5,1
DA:6,1
DA:7,1
DA:8,1
DA:9,1
DA:10,1
DA:11,13
DA:12,1
DA:13,13
DA:14,1
DA:15,13
DA:16,7
DA:17,7
LF:15
LH:15
BRF:0
BRH:0
end_of_record
TN:
SF:src/app/entities/data-bags/data-bag-item-details.actions.ts
FN:5,(anonymous_0)
FN:11,(anonymous_1)
FN:18,(anonymous_2)
FN:25,(anonymous_3)
FNF:4
FNH:1
FNDA:1,(anonymous_0)
FNDA:0,(anonymous_1)
FNDA:0,(anonymous_2)
FNDA:0,(anonymous_3)
DA:2,1
DA:3,1
DA:5,1
DA:6,1
DA:7,1
DA:8,1
DA:12,0
DA:13,0
DA:16,1
DA:19,0
DA:20,0
DA:23,1
DA:26,0
DA:27,0
DA:30,1
LF:15
LH:9
BRDA:9,0,0,1
BRDA:9,0,1,1
BRF:2
BRH:2
end_of_record
TN:
SF:src/app/entities/data-bags/data-bag-item-details.reducer.ts
FN:10,(anonymous_0)
FN:15,dataBagItemDetailsEntityReducer
FN:30,(anonymous_2)
FN:30,(anonymous_3)
FNF:4
FNH:1
FNDA:0,(anonymous_0)
FNDA:5215,dataBagItemDetailsEntityReducer
FNDA:0,(anonymous_2)
FNDA:0,(anonymous_3)
DA:2,1
DA:3,1
DA:4,1
DA:5,1
DA:6,1
DA:7,1
DA:8,1
DA:9,1
DA:10,0
DA:12,1
DA:16,5215
DA:18,0
DA:21,0
DA:24,0
DA:26,5215
DA:29,1
DA:30,1
LF:17
LH:13
BRDA:15,0,0,1328
BRDA:16,1,0,0
BRDA:16,1,1,0
BRDA:16,1,2,0
BRDA:16,1,3,5215
BRF:5
BRH:2
end_of_record
TN:
SF:src/app/entities/data-bags/data-bag-item-details.selector.ts
FN:11,(anonymous_0)
FN:12,(anonymous_1)
FNF:2
FNH:2
FNDA:1,(anonymous_0)
FNDA:1,(anonymous_1)
DA:3,1
DA:4,1
DA:5,1
DA:6,1
DA:7,1
DA:8,1
DA:9,1
DA:10,1
DA:11,1
DA:12,1
LF:10
LH:10
BRF:0
BRH:0
end_of_record
TN:
SF:src/app/entities/data-bags/data-bags.actions.ts
FN:5,(anonymous_0)
FN:17,(anonymous_1)
FN:24,(anonymous_2)
FN:31,(anonymous_3)
FN:38,(anonymous_4)
FN:45,(anonymous_5)
FN:52,(anonymous_6)
FN:59,(anonymous_7)
FN:66,(anonymous_8)
FN:73,(anonymous_9)
FNF:10
FNH:6
FNDA:1,(anonymous_0)
FNDA:3,(anonymous_1)
FNDA:2,(anonymous_2)
FNDA:0,(anonymous_3)
FNDA:2,(anonymous_4)
FNDA:1,(anonymous_5)
FNDA:1,(anonymous_6)
FNDA:0,(anonymous_7)
FNDA:0,(anonymous_8)
FNDA:0,(anonymous_9)
DA:2,1
DA:3,1
DA:5,1
DA:6,1
DA:7,1
DA:8,1
DA:9,1
DA:10,1
DA:11,1
DA:12,1
DA:13,1
DA:14,1
DA:18,3
DA:19,3
DA:22,1
DA:25,2
DA:26,2
DA:29,1
DA:32,0
DA:33,0
DA:36,1
DA:39,2
DA:40,2
DA:43,1
DA:46,1
DA:47,1
DA:50,1
DA:53,1
DA:54,1
DA:57,1
DA:60,0
DA:61,0
DA:64,1
DA:67,0
DA:68,0
DA:71,1
DA:74,0
DA:75,0
DA:78,1
LF:39
LH:31
BRDA:15,0,0,1
BRDA:15,0,1,1
BRF:2
BRH:2
end_of_record
TN:
SF:src/app/entities/data-bags/data-bags.reducer.ts
FN:13,(anonymous_0)
FN:19,dataBagEntityReducer
FN:50,(anonymous_2)
FN:50,(anonymous_3)
FNF:4
FNH:2
FNDA:2,(anonymous_0)
FNDA:5215,dataBagEntityReducer
FNDA:0,(anonymous_2)
FNDA:0,(anonymous_3)
DA:2,1
DA:3,1
DA:4,1
DA:5,1
DA:6,1
DA:7,1
DA:8,1
DA:9,1
DA:10,1
DA:11,1
DA:12,1
DA:13,2
DA:15,1
DA:20,5215
DA:22,3
DA:24,2
DA:26,0
DA:28,2
DA:31,1
DA:34,1
DA:37,0
DA:40,0
DA:43,0
DA:46,5206
DA:49,1
DA:50,1
LF:26
LH:22
BRDA:19,0,0,1328
BRDA:20,1,0,3
BRDA:20,1,1,2
BRDA:20,1,2,0
BRDA:20,1,3,2
BRDA:20,1,4,1
BRDA:20,1,5,1
BRDA:20,1,6,0
BRDA:20,1,7,0
BRDA:20,1,8,0
BRDA:20,1,9,5206
BRF:11
BRH:7
end_of_record
TN:
SF:src/app/entities/data-bags/data-bags.selectors.ts
FN:11,(anonymous_0)
FN:12,(anonymous_1)
FN:13,(anonymous_2)
FN:14,(anonymous_3)
FN:15,(anonymous_4)
FNF:5
FNH:4
FNDA:5,(anonymous_0)
FNDA:5,(anonymous_1)
FNDA:7,(anonymous_2)
FNDA:7,(anonymous_3)
FNDA:0,(anonymous_4)
DA:3,1
DA:4,1
DA:5,1
DA:6,1
DA:7,1
DA:8,1
DA:9,1
DA:10,1
DA:11,5
DA:12,5
DA:13,7
DA:14,7
DA:15,1
LF:13
LH:13
BRF:0
BRH:0
end_of_record
TN:
SF:src/app/entities/desktop/desktop.actions.ts
FN:5,(anonymous_0)
FN:44,(anonymous_1)
FN:51,(anonymous_2)
FN:58,(anonymous_3)
FN:64,(anonymous_4)
FN:71,(anonymous_5)
FN:78,(anonymous_6)
FN:86,(anonymous_7)
FN:93,(anonymous_8)
FN:100,(anonymous_9)
FN:106,(anonymous_10)
FN:113,(anonymous_11)
FN:120,(anonymous_12)
FN:126,(anonymous_13)
FN:133,(anonymous_14)
FN:140,(anonymous_15)
FN:146,(anonymous_16)
FN:153,(anonymous_17)
FN:160,(anonymous_18)
FN:167,(anonymous_19)
FN:173,(anonymous_20)
FN:180,(anonymous_21)
FN:187,(anonymous_22)
FN:194,(anonymous_23)
FN:201,(anonymous_24)
FN:208,(anonymous_25)
FN:214,(anonymous_26)
FN:221,(anonymous_27)
FN:228,(anonymous_28)
FN:235,(anonymous_29)
FN:242,(anonymous_30)
FN:248,(anonymous_31)
FN:255,(anonymous_32)
FN:262,(anonymous_33)
FN:269,(anonymous_34)
FN:276,(anonymous_35)
FN:283,(anonymous_36)
FNF:37
FNH:2
FNDA:1,(anonymous_0)
FNDA:0,(anonymous_1)
FNDA:0,(anonymous_2)
FNDA:0,(anonymous_3)
FNDA:0,(anonymous_4)
FNDA:0,(anonymous_5)
FNDA:0,(anonymous_6)
FNDA:0,(anonymous_7)
FNDA:0,(anonymous_8)
FNDA:0,(anonymous_9)
FNDA:0,(anonymous_10)
FNDA:0,(anonymous_11)
FNDA:0,(anonymous_12)
FNDA:0,(anonymous_13)
FNDA:0,(anonymous_14)
FNDA:0,(anonymous_15)
FNDA:0,(anonymous_16)
FNDA:0,(anonymous_17)
FNDA:0,(anonymous_18)
FNDA:0,(anonymous_19)
FNDA:0,(anonymous_20)
FNDA:0,(anonymous_21)
FNDA:0,(anonymous_22)
FNDA:0,(anonymous_23)
FNDA:0,(anonymous_24)
FNDA:0,(anonymous_25)
FNDA:0,(anonymous_26)
FNDA:0,(anonymous_27)
FNDA:0,(anonymous_28)
FNDA:0,(anonymous_29)
FNDA:0,(anonymous_30)
FNDA:0,(anonymous_31)
FNDA:0,(anonymous_32)
FNDA:0,(anonymous_33)
FNDA:0,(anonymous_34)
FNDA:0,(anonymous_35)
FNDA:1,(anonymous_36)
DA:2,1
DA:3,1
DA:5,1
DA:6,1
DA:7,1
DA:8,1
DA:9,1
DA:10,1
DA:11,1
DA:12,1
DA:13,1
DA:14,1
DA:15,1
DA:16,1
DA:17,1
DA:18,1
DA:19,1
DA:20,1
DA:21,1
DA:22,1
DA:23,1
DA:24,1
DA:25,1
DA:26,1
DA:27,1
DA:28,1
DA:29,1
DA:30,1
DA:31,1
DA:32,1
DA:33,1
DA:34,1
DA:35,1
DA:36,1
DA:37,1
DA:38,1
DA:39,1
DA:40,1
DA:41,1
DA:45,0
DA:46,0
DA:49,1
DA:52,0
DA:53,0
DA:56,1
DA:59,0
DA:62,1
DA:65,0
DA:66,0
DA:69,1
DA:72,0
DA:73,0
DA:76,1
DA:79,0
DA:80,0
DA:81,0
DA:84,1
DA:87,0
DA:88,0
DA:91,1
DA:94,0
DA:95,0
DA:98,1
DA:101,0
DA:104,1
DA:107,0
DA:108,0
DA:111,1
DA:114,0
DA:115,0
DA:118,1
DA:121,0
DA:124,1
DA:127,0
DA:128,0
DA:131,1
DA:134,0
DA:135,0
DA:138,1
DA:141,0
DA:144,1
DA:147,0
DA:148,0
DA:151,1
DA:154,0
DA:155,0
DA:158,1
DA:161,0
DA:162,0
DA:165,1
DA:168,0
DA:171,1
DA:174,0
DA:175,0
DA:178,1
DA:181,0
DA:182,0
DA:185,1
DA:188,0
DA:189,0
DA:192,1
DA:195,0
DA:196,0
DA:199,1
DA:202,0
DA:203,0
DA:206,1
DA:209,0
DA:212,1
DA:215,0
DA:216,0
DA:219,1
DA:222,0
DA:223,0
DA:226,1
DA:229,0
DA:230,0
DA:233,1
DA:236,0
DA:237,0
DA:240,1
DA:243,0
DA:246,1
DA:249,0
DA:250,0
DA:253,1
DA:256,0
DA:257,0
DA:260,1
DA:263,0
DA:264,0
DA:267,1
DA:270,0
DA:271,0
DA:274,1
DA:277,0
DA:278,0
DA:281,1
DA:284,1
DA:285,1
DA:288,1
LF:141
LH:77
BRDA:42,0,0,1
BRDA:42,0,1,1
BRF:2
BRH:2
end_of_record
TN:
SF:src/app/entities/desktop/desktop.model.ts
FN:5,(anonymous_0)
FN:15,(anonymous_1)
FN:20,(anonymous_2)
FN:27,(anonymous_3)
FN:50,(anonymous_4)
FNF:5
FNH:5
FNDA:1,(anonymous_0)
FNDA:1,(anonymous_1)
FNDA:1,(anonymous_2)
FNDA:1,(anonymous_3)
FNDA:1,(anonymous_4)
DA:2,1
DA:3,1
DA:5,1
DA:6,1
DA:7,1
DA:8,1
DA:9,1
DA:10,1
DA:11,1
DA:12,1
DA:15,1
DA:16,1
DA:17,1
DA:20,1
DA:21,1
DA:22,1
DA:23,1
DA:24,1
DA:27,1
DA:28,1
DA:29,1
DA:30,1
DA:31,1
DA:32,1
DA:33,1
DA:34,1
DA:35,1
DA:36,1
DA:37,1
DA:38,1
DA:39,1
DA:40,1
DA:41,1
DA:42,1
DA:43,1
DA:44,1
DA:45,1
DA:46,1
DA:47,1
DA:50,1
DA:51,1
DA:52,1
DA:53,1
DA:54,1
DA:55,1
DA:56,1
DA:57,1
DA:58,1
DA:59,1
DA:60,1
DA:61,1
DA:62,1
DA:63,1
DA:64,1
DA:65,1
DA:66,1
DA:67,1
DA:68,1
DA:69,1
DA:70,1
LF:60
LH:60
BRDA:13,0,0,1
BRDA:13,0,1,1
BRDA:18,1,0,1
BRDA:18,1,1,1
BRDA:25,2,0,1
BRDA:25,2,1,1
BRDA:48,3,0,1
BRDA:48,3,1,1
BRDA:71,4,0,1
BRDA:71,4,1,1
BRF:10
BRH:10
end_of_record
TN:
SF:src/app/entities/desktop/desktop.reducer.ts
FN:146,desktopEntityReducer
FN:213,(anonymous_1)
FN:233,nodeMetadataCounts
FN:236,(anonymous_3)
FN:238,(anonymous_4)
FN:248,nodeMetadataCountLabel
FNF:6
FNH:1
FNDA:5216,desktopEntityReducer
FNDA:0,(anonymous_1)
FNDA:0,nodeMetadataCounts
FNDA:0,(anonymous_3)
FNDA:0,(anonymous_4)
FNDA:0,nodeMetadataCountLabel
DA:2,1
DA:3,1
DA:4,1
DA:5,1
DA:6,1
DA:7,1
DA:8,1
DA:110,1
DA:147,5216
DA:149,0
DA:151,0
DA:153,0
DA:155,0
DA:157,0
DA:159,0
DA:161,0
DA:163,0
DA:165,0
DA:167,0
DA:169,0
DA:171,0
DA:173,0
DA:175,0
DA:177,0
DA:179,0
DA:181,0
DA:183,0
DA:185,0
DA:187,0
DA:189,0
DA:191,0
DA:193,0
DA:195,0
DA:197,0
DA:199,0
DA:201,0
DA:203,0
DA:205,0
DA:207,0
DA:208,0
DA:211,0
DA:213,0
DA:214,0
DA:217,0
DA:218,0
DA:219,0
DA:220,0
DA:223,0
DA:225,0
DA:227,1
DA:229,5215
DA:232,1
DA:235,0
DA:236,0
DA:237,0
DA:238,0
DA:239,0
DA:240,0
DA:241,0
DA:242,0
DA:243,0
DA:245,0
DA:249,0
DA:251,0
DA:253,0
DA:255,0
DA:257,0
LF:67
LH:12
BRDA:146,0,0,1328
BRDA:147,1,0,0
BRDA:147,1,1,0
BRDA:147,1,2,0
BRDA:147,1,3,0
BRDA:147,1,4,0
BRDA:147,1,5,0
BRDA:147,1,6,0
BRDA:147,1,7,0
BRDA:147,1,8,0
BRDA:147,1,9,0
BRDA:147,1,10,0
BRDA:147,1,11,0
BRDA:147,1,12,0
BRDA:147,1,13,0
BRDA:147,1,14,0
BRDA:147,1,15,0
BRDA:147,1,16,0
BRDA:147,1,17,0
BRDA:147,1,18,0
BRDA:147,1,19,0
BRDA:147,1,20,0
BRDA:147,1,21,0
BRDA:147,1,22,0
BRDA:147,1,23,0
BRDA:147,1,24,0
BRDA:147,1,25,0
BRDA:147,1,26,0
BRDA:147,1,27,0
BRDA:147,1,28,0
BRDA:147,1,29,0
BRDA:147,1,30,0
BRDA:147,1,31,0
BRDA:147,1,32,0
BRDA:147,1,33,0
BRDA:147,1,34,1
BRDA:147,1,35,5215
BRDA:218,2,0,0
BRDA:218,2,1,0
BRDA:219,3,0,0
BRDA:219,3,1,0
BRDA:241,4,0,0
BRDA:241,4,1,0
BRDA:242,5,0,0
BRDA:242,5,1,0
BRDA:249,6,0,0
BRDA:249,6,1,0
BRDA:249,6,2,0
BRDA:249,6,3,0
BRF:49
BRH:3
end_of_record
TN:
SF:src/app/entities/destinations/destination.actions.ts
FN:5,(anonymous_0)
FN:29,(anonymous_1)
FN:35,(anonymous_2)
FN:42,(anonymous_3)
FN:49,(anonymous_4)
FN:56,(anonymous_5)
FN:63,(anonymous_6)
FN:71,(anonymous_7)
FN:80,(anonymous_8)
FN:87,(anonymous_9)
FN:94,(anonymous_10)
FN:101,(anonymous_11)
FN:108,(anonymous_12)
FN:115,(anonymous_13)
FN:122,(anonymous_14)
FN:129,(anonymous_15)
FN:136,(anonymous_16)
FN:143,(anonymous_17)
FN:150,(anonymous_18)
FN:157,(anonymous_19)
FN:164,(anonymous_20)
FN:171,(anonymous_21)
FNF:22
FNH:7
FNDA:1,(anonymous_0)
FNDA:24,(anonymous_1)
FNDA:0,(anonymous_2)
FNDA:0,(anonymous_3)
FNDA:0,(anonymous_4)
FNDA:0,(anonymous_5)
FNDA:0,(anonymous_6)
FNDA:17,(anonymous_7)
FNDA:5,(anonymous_8)
FNDA:2,(anonymous_9)
FNDA:0,(anonymous_10)
FNDA:0,(anonymous_11)
FNDA:0,(anonymous_12)
FNDA:1,(anonymous_13)
FNDA:0,(anonymous_14)
FNDA:0,(anonymous_15)
FNDA:1,(anonymous_16)
FNDA:0,(anonymous_17)
FNDA:0,(anonymous_18)
FNDA:0,(anonymous_19)
FNDA:0,(anonymous_20)
FNDA:0,(anonymous_21)
DA:2,1
DA:3,1
DA:5,1
DA:6,1
DA:7,1
DA:8,1
DA:9,1
DA:10,1
DA:11,1
DA:12,1
DA:13,1
DA:14,1
DA:15,1
DA:16,1
DA:17,1
DA:18,1
DA:19,1
DA:20,1
DA:21,1
DA:22,1
DA:23,1
DA:24,1
DA:25,1
DA:26,1
DA:30,24
DA:33,1
DA:36,0
DA:37,0
DA:40,1
DA:43,0
DA:44,0
DA:47,1
DA:50,0
DA:51,0
DA:54,1
DA:57,0
DA:58,0
DA:61,1
DA:64,0
DA:65,0
DA:66,0
DA:69,1
DA:72,17
DA:73,17
DA:74,17
DA:75,17
DA:78,1
DA:81,5
DA:82,5
DA:85,1
DA:88,2
DA:89,2
DA:92,1
DA:95,0
DA:96,0
DA:99,1
DA:102,0
DA:103,0
DA:106,1
DA:109,0
DA:110,0
DA:113,1
DA:116,1
DA:117,1
DA:120,1
DA:123,0
DA:124,0
DA:127,1
DA:130,0
DA:131,0
DA:134,1
DA:137,1
DA:138,1
DA:141,1
DA:144,0
DA:145,0
DA:148,1
DA:151,0
DA:152,0
DA:155,1
DA:158,0
DA:159,0
DA:162,1
DA:165,0
DA:166,0
DA:169,1
DA:172,0
DA:173,0
DA:176,1
LF:89
LH:58
BRDA:27,0,0,1
BRDA:27,0,1,1
BRF:2
BRH:2
end_of_record
TN:
SF:src/app/entities/destinations/destination.model.ts
FNF:0
FNH:0
DA:2,1
DA:3,1
DA:4,1
LF:3
LH:3
BRF:0
BRH:0
end_of_record
TN:
SF:src/app/entities/destinations/destination.reducer.ts
FN:27,destinationEntityReducer
FNF:1
FNH:1
FNDA:5215,destinationEntityReducer
DA:2,1
DA:3,1
DA:4,1
DA:5,1
DA:6,1
DA:7,1
DA:8,1
DA:9,1
DA:10,1
DA:11,1
DA:12,1
DA:13,1
DA:14,1
DA:15,1
DA:16,1
DA:17,1
DA:28,5215
DA:30,24
DA:33,0
DA:36,0
DA:39,0
DA:42,0
DA:45,0
DA:48,7
DA:51,5
DA:54,2
DA:57,0
DA:60,0
DA:63,0
DA:66,1
DA:68,0
DA:73,0
DA:75,0
DA:77,0
DA:82,0
DA:84,1
DA:86,0
DA:88,0
DA:90,5175
DA:93,1
LF:40
LH:25
BRDA:27,0,0,1328
BRDA:28,1,0,24
BRDA:28,1,1,0
BRDA:28,1,2,0
BRDA:28,1,3,0
BRDA:28,1,4,0
BRDA:28,1,5,0
BRDA:28,1,6,7
BRDA:28,1,7,5
BRDA:28,1,8,2
BRDA:28,1,9,0
BRDA:28,1,10,0
BRDA:28,1,11,0
BRDA:28,1,12,1
BRDA:28,1,13,0
BRDA:28,1,14,0
BRDA:28,1,15,0
BRDA:28,1,16,0
BRDA:28,1,17,0
BRDA:28,1,18,1
BRDA:28,1,19,0
BRDA:28,1,20,0
BRDA:28,1,21,5175
BRF:23
BRH:8
end_of_record
TN:
SF:src/app/entities/destinations/destination.requests.ts
FN:14,(anonymous_0)
FN:17,(anonymous_1)
FN:20,(anonymous_2)
FN:22,(anonymous_3)
FN:24,(anonymous_4)
FN:27,(anonymous_5)
FN:34,(anonymous_6)
FN:41,(anonymous_7)
FN:44,(anonymous_8)
FN:47,(anonymous_9)
FN:51,(anonymous_10)
FN:57,(anonymous_11)
FN:61,(anonymous_12)
FN:67,(anonymous_13)
FN:75,(anonymous_14)
FN:83,(anonymous_15)
FN:88,(anonymous_16)
FN:91,(anonymous_17)
FN:99,(anonymous_18)
FN:102,(anonymous_19)
FN:105,(anonymous_20)
FN:109,(anonymous_21)
FN:130,(anonymous_22)
FN:133,(anonymous_23)
FN:139,(anonymous_24)
FN:142,(anonymous_25)
FN:146,(anonymous_26)
FNF:27
FNH:2
FNDA:24,(anonymous_0)
FNDA:0,(anonymous_1)
FNDA:0,(anonymous_2)
FNDA:0,(anonymous_3)
FNDA:0,(anonymous_4)
FNDA:0,(anonymous_5)
FNDA:0,(anonymous_6)
FNDA:0,(anonymous_7)
FNDA:0,(anonymous_8)
FNDA:0,(anonymous_9)
FNDA:0,(anonymous_10)
FNDA:0,(anonymous_11)
FNDA:0,(anonymous_12)
FNDA:0,(anonymous_13)
FNDA:0,(anonymous_14)
FNDA:0,(anonymous_15)
FNDA:0,(anonymous_16)
FNDA:0,(anonymous_17)
FNDA:0,(anonymous_18)
FNDA:0,(anonymous_19)
FNDA:0,(anonymous_20)
FNDA:0,(anonymous_21)
FNDA:0,(anonymous_22)
FNDA:0,(anonymous_23)
FNDA:0,(anonymous_24)
FNDA:0,(anonymous_25)
FNDA:1,(anonymous_26)
DA:2,1
DA:3,1
DA:4,1
DA:5,1
DA:6,1
DA:7,1
DA:8,1
DA:9,1
DA:10,1
DA:11,1
DA:12,1
DA:13,1
DA:15,24
DA:18,0
DA:21,0
DA:22,0
DA:25,0
DA:26,0
DA:28,0
DA:29,0
DA:32,0
DA:33,0
DA:35,0
DA:36,0
DA:39,0
DA:42,0
DA:45,0
DA:48,0
DA:49,0
DA:50,0
DA:51,0
DA:54,0
DA:58,0
DA:59,0
DA:60,0
DA:61,0
DA:64,0
DA:68,0
DA:76,0
DA:84,0
DA:85,0
DA:89,0
DA:92,0
DA:93,0
DA:96,0
DA:100,0
DA:103,0
DA:106,0
DA:107,0
DA:110,0
DA:111,0
DA:122,0
DA:131,0
DA:134,0
DA:140,0
DA:143,0
DA:146,1
DA:149,1
DA:153,1
LF:59
LH:16
BRDA:25,0,0,0
BRDA:25,0,1,0
BRDA:32,1,0,0
BRDA:32,1,1,0
BRDA:48,2,0,0
BRDA:48,2,1,0
BRDA:58,3,0,0
BRDA:58,3,1,0
BRDA:58,4,0,0
BRDA:58,4,1,0
BRDA:84,5,0,0
BRDA:84,5,1,0
BRDA:92,6,0,0
BRDA:92,6,1,0
BRDA:110,7,0,0
BRDA:110,7,1,0
BRF:16
BRH:0
end_of_record
TN:
SF:src/app/entities/destinations/destination.selectors.ts
FN:11,(anonymous_0)
FN:12,(anonymous_1)
FN:13,(anonymous_2)
FN:14,(anonymous_3)
FN:15,(anonymous_4)
FN:16,(anonymous_5)
FN:17,(anonymous_6)
FN:18,(anonymous_7)
FN:19,(anonymous_8)
FNF:9
FNH:6
FNDA:0,(anonymous_0)
FNDA:38,(anonymous_1)
FNDA:38,(anonymous_2)
FNDA:5,(anonymous_3)
FNDA:1,(anonymous_4)
FNDA:5,(anonymous_5)
FNDA:0,(anonymous_6)
FNDA:0,(anonymous_7)
FNDA:1,(anonymous_8)
DA:3,1
DA:4,1
DA:5,1
DA:6,1
DA:7,1
DA:8,1
DA:9,1
DA:10,1
DA:11,1
DA:12,38
DA:13,38
DA:14,5
DA:15,1
DA:16,5
DA:17,1
DA:18,1
DA:19,1
LF:17
LH:17
BRF:0
BRH:0
end_of_record
TN:
SF:src/app/entities/environments/environment-details.reducer.ts
FN:11,(anonymous_0)
FN:17,environmentDetailsEntityReducer
FN:39,(anonymous_2)
FN:39,(anonymous_3)
FNF:4
FNH:1
FNDA:0,(anonymous_0)
FNDA:5215,environmentDetailsEntityReducer
FNDA:0,(anonymous_2)
FNDA:0,(anonymous_3)
DA:2,1
DA:3,1
DA:4,1
DA:5,1
DA:6,1
DA:7,1
DA:8,1
DA:9,1
DA:10,1
DA:11,0
DA:13,1
DA:18,5215
DA:20,0
DA:22,0
DA:24,0
DA:26,0
DA:28,0
DA:33,0
DA:35,5215
DA:38,1
DA:39,1
LF:21
LH:14
BRDA:17,0,0,1328
BRDA:18,1,0,0
BRDA:18,1,1,0
BRDA:18,1,2,0
BRDA:18,1,3,0
BRDA:18,1,4,0
BRDA:18,1,5,0
BRDA:18,1,6,5215
BRF:8
BRH:2
end_of_record
TN:
SF:src/app/entities/environments/environment-details.selectors.ts
FN:11,(anonymous_0)
FN:12,(anonymous_1)
FN:13,(anonymous_2)
FN:14,(anonymous_3)
FNF:4
FNH:2
FNDA:0,(anonymous_0)
FNDA:0,(anonymous_1)
FNDA:1,(anonymous_2)
FNDA:1,(anonymous_3)
DA:3,1
DA:4,1
DA:5,1
DA:6,1
DA:7,1
DA:8,1
DA:9,1
DA:10,1
DA:11,1
DA:12,1
DA:13,1
DA:14,1
LF:12
LH:12
BRF:0
BRH:0
end_of_record
TN:
SF:src/app/entities/environments/environment.action.ts
FN:5,(anonymous_0)
FN:23,(anonymous_1)
FN:30,(anonymous_2)
FN:37,(anonymous_3)
FN:44,(anonymous_4)
FN:51,(anonymous_5)
FN:58,(anonymous_6)
FN:65,(anonymous_7)
FN:72,(anonymous_8)
FN:79,(anonymous_9)
FN:86,(anonymous_10)
FN:93,(anonymous_11)
FN:100,(anonymous_12)
FN:107,(anonymous_13)
FN:114,(anonymous_14)
FN:121,(anonymous_15)
FNF:16
FNH:6
FNDA:1,(anonymous_0)
FNDA:84,(anonymous_1)
FNDA:3,(anonymous_2)
FNDA:0,(anonymous_3)
FNDA:0,(anonymous_4)
FNDA:0,(anonymous_5)
FNDA:0,(anonymous_6)
FNDA:3,(anonymous_7)
FNDA:1,(anonymous_8)
FNDA:2,(anonymous_9)
FNDA:0,(anonymous_10)
FNDA:0,(anonymous_11)
FNDA:0,(anonymous_12)
FNDA:0,(anonymous_13)
FNDA:0,(anonymous_14)
FNDA:0,(anonymous_15)
DA:2,1
DA:3,1
DA:5,1
DA:6,1
DA:7,1
DA:8,1
DA:9,1
DA:10,1
DA:11,1
DA:12,1
DA:13,1
DA:14,1
DA:15,1
DA:16,1
DA:17,1
DA:18,1
DA:19,1
DA:20,1
DA:24,84
DA:25,84
DA:28,1
DA:31,3
DA:32,3
DA:35,1
DA:38,0
DA:39,0
DA:42,1
DA:45,0
DA:46,0
DA:49,1
DA:52,0
DA:53,0
DA:56,1
DA:59,0
DA:60,0
DA:63,1
DA:66,3
DA:67,3
DA:70,1
DA:73,1
DA:74,1
DA:77,1
DA:80,2
DA:81,2
DA:84,1
DA:87,0
DA:88,0
DA:91,1
DA:94,0
DA:95,0
DA:98,1
DA:101,0
DA:102,0
DA:105,1
DA:108,0
DA:109,0
DA:112,1
DA:115,0
DA:116,0
DA:119,1
DA:122,0
DA:123,0
DA:126,1
LF:63
LH:43
BRDA:21,0,0,1
BRDA:21,0,1,1
BRF:2
BRH:2
end_of_record
TN:
SF:src/app/entities/environments/environment.model.ts
FN:5,(anonymous_0)
FNF:1
FNH:1
FNDA:5,(anonymous_0)
DA:2,1
DA:3,1
DA:6,5
DA:8,5
DA:10,5
DA:16,1
LF:6
LH:6
BRDA:7,0,0,5
BRDA:7,0,1,0
BRDA:7,0,2,5
BRDA:9,1,0,5
BRDA:9,1,1,0
BRDA:9,1,2,5
BRF:6
BRH:4
end_of_record
TN:
SF:src/app/entities/environments/environment.reducer.ts
FN:13,(anonymous_0)
FN:19,environmentEntityReducer
FN:40,(anonymous_2)
FN:50,(anonymous_3)
FN:50,(anonymous_4)
FNF:5
FNH:2
FNDA:1,(anonymous_0)
FNDA:5215,environmentEntityReducer
FNDA:0,(anonymous_2)
FNDA:0,(anonymous_3)
FNDA:0,(anonymous_4)
DA:2,1
DA:3,1
DA:4,1
DA:5,1
DA:6,1
DA:7,1
DA:8,1
DA:9,1
DA:10,1
DA:11,1
DA:12,1
DA:13,1
DA:15,1
DA:20,5215
DA:22,84
DA:25,3
DA:27,0
DA:29,3
DA:32,1
DA:35,2
DA:38,0
DA:40,0
DA:41,0
DA:42,0
DA:44,0
DA:46,5122
DA:49,1
DA:50,1
LF:28
LH:22
BRDA:19,0,0,1328
BRDA:20,1,0,84
BRDA:20,1,1,3
BRDA:20,1,2,0
BRDA:20,1,3,3
BRDA:20,1,4,1
BRDA:20,1,5,2
BRDA:20,1,6,0
BRDA:20,1,7,0
BRDA:20,1,8,0
BRDA:20,1,9,5122
BRDA:25,2,0,3
BRDA:25,2,1,0
BRDA:25,3,0,3
BRDA:25,3,1,1
BRDA:42,4,0,0
BRDA:42,4,1,0
BRDA:42,5,0,0
BRDA:42,5,1,0
BRF:19
BRH:10
end_of_record
TN:
SF:src/app/entities/environments/environment.selectors.ts
FN:9,(anonymous_0)
FN:10,(anonymous_1)
FN:11,(anonymous_2)
FN:12,(anonymous_3)
FN:13,(anonymous_4)
FN:14,(anonymous_5)
FNF:6
FNH:5
FNDA:0,(anonymous_0)
FNDA:85,(anonymous_1)
FNDA:85,(anonymous_2)
FNDA:11,(anonymous_3)
FNDA:11,(anonymous_4)
FNDA:76,(anonymous_5)
DA:3,1
DA:4,1
DA:5,1
DA:6,1
DA:7,1
DA:8,1
DA:9,1
DA:10,85
DA:11,85
DA:12,11
DA:13,11
DA:14,76
LF:12
LH:12
BRF:0
BRH:0
end_of_record
TN:
SF:src/app/entities/global-config/destination-config.actions.ts
FN:5,(anonymous_0)
FN:11,(anonymous_1)
FN:18,(anonymous_2)
FN:25,(anonymous_3)
FNF:4
FNH:2
FNDA:1,(anonymous_0)
FNDA:3,(anonymous_1)
FNDA:0,(anonymous_2)
FNDA:0,(anonymous_3)
DA:2,1
DA:3,1
DA:5,1
DA:6,1
DA:7,1
DA:8,1
DA:12,3
DA:13,3
DA:16,1
DA:19,0
DA:20,0
DA:23,1
DA:26,0
DA:27,0
DA:30,1
LF:15
LH:11
BRDA:9,0,0,1
BRDA:9,0,1,1
BRF:2
BRH:2
end_of_record
TN:
SF:src/app/entities/global-config/destination-config.reducer.ts
FN:18,globalConfigEntityReducer
FNF:1
FNH:1
FNDA:5215,globalConfigEntityReducer
DA:2,1
DA:3,1
DA:4,1
DA:5,1
DA:6,1
DA:7,1
DA:8,1
DA:9,1
DA:10,1
DA:11,1
DA:19,5215
DA:21,3
DA:24,0
DA:25,0
DA:28,0
DA:31,5212
DA:34,1
LF:17
LH:14
BRDA:18,0,0,1328
BRDA:19,1,0,3
BRDA:19,1,1,0
BRDA:19,1,2,0
BRDA:19,1,3,5212
BRF:5
BRH:3
end_of_record
TN:
SF:src/app/entities/global-config/destination-config.selectors.ts
FN:6,(anonymous_0)
FN:7,(anonymous_1)
FNF:2
FNH:1
FNDA:0,(anonymous_0)
FNDA:3,(anonymous_1)
DA:2,1
DA:3,1
DA:4,1
DA:5,1
DA:6,1
DA:7,1
DA:8,3
LF:7
LH:7
BRF:0
BRH:0
end_of_record
TN:
SF:src/app/entities/infra-nodes/infra-node-details.reducer.ts
FN:10,(anonymous_0)
FN:15,infraNodeDetailsEntityReducer
FNF:2
FNH:2
FNDA:5,(anonymous_0)
FNDA:5215,infraNodeDetailsEntityReducer
DA:2,1
DA:3,1
DA:4,1
DA:5,1
DA:6,1
DA:7,1
DA:8,1
DA:9,1
DA:10,5
DA:12,1
DA:16,5215
DA:18,12
DA:20,5
DA:22,0
DA:24,5198
DA:27,1
LF:16
LH:15
BRDA:15,0,0,1328
BRDA:16,1,0,12
BRDA:16,1,1,5
BRDA:16,1,2,0
BRDA:16,1,3,5198
BRF:5
BRH:4
end_of_record
TN:
SF:src/app/entities/infra-nodes/infra-node-details.selectors.ts
FN:11,(anonymous_0)
FN:12,(anonymous_1)
FN:13,(anonymous_2)
FNF:3
FNH:1
FNDA:0,(anonymous_0)
FNDA:0,(anonymous_1)
FNDA:11,(anonymous_2)
DA:3,1
DA:4,1
DA:5,1
DA:6,1
DA:7,1
DA:8,1
DA:9,1
DA:10,1
DA:11,1
DA:12,1
DA:13,11
LF:11
LH:11
BRF:0
BRH:0
end_of_record
TN:
SF:src/app/entities/infra-nodes/infra-nodes.actions.ts
FN:5,(anonymous_0)
FN:32,(anonymous_1)
FN:39,(anonymous_2)
FN:46,(anonymous_3)
FN:53,(anonymous_4)
FN:60,(anonymous_5)
FN:67,(anonymous_6)
FN:74,(anonymous_7)
FN:81,(anonymous_8)
FN:88,(anonymous_9)
FN:95,(anonymous_10)
FN:102,(anonymous_11)
FN:109,(anonymous_12)
FN:116,(anonymous_13)
FN:123,(anonymous_14)
FN:130,(anonymous_15)
FN:137,(anonymous_16)
FN:144,(anonymous_17)
FN:151,(anonymous_18)
FN:158,(anonymous_19)
FN:165,(anonymous_20)
FN:172,(anonymous_21)
FN:179,(anonymous_22)
FN:186,(anonymous_23)
FN:193,(anonymous_24)
FNF:25
FNH:11
FNDA:1,(anonymous_0)
FNDA:9,(anonymous_1)
FNDA:2,(anonymous_2)
FNDA:0,(anonymous_3)
FNDA:12,(anonymous_4)
FNDA:5,(anonymous_5)
FNDA:0,(anonymous_6)
FNDA:0,(anonymous_7)
FNDA:0,(anonymous_8)
FNDA:0,(anonymous_9)
FNDA:0,(anonymous_10)
FNDA:1,(anonymous_11)
FNDA:0,(anonymous_12)
FNDA:1,(anonymous_13)
FNDA:0,(anonymous_14)
FNDA:0,(anonymous_15)
FNDA:0,(anonymous_16)
FNDA:3,(anonymous_17)
FNDA:0,(anonymous_18)
FNDA:0,(anonymous_19)
FNDA:2,(anonymous_20)
FNDA:0,(anonymous_21)
FNDA:3,(anonymous_22)
FNDA:1,(anonymous_23)
FNDA:0,(anonymous_24)
DA:2,1
DA:3,1
DA:5,1
DA:6,1
DA:7,1
DA:8,1
DA:9,1
DA:10,1
DA:11,1
DA:12,1
DA:13,1
DA:14,1
DA:15,1
DA:16,1
DA:17,1
DA:18,1
DA:19,1
DA:20,1
DA:21,1
DA:22,1
DA:23,1
DA:24,1
DA:25,1
DA:26,1
DA:27,1
DA:28,1
DA:29,1
DA:33,9
DA:34,9
DA:37,1
DA:40,2
DA:41,2
DA:44,1
DA:47,0
DA:48,0
DA:51,1
DA:54,12
DA:55,12
DA:58,1
DA:61,5
DA:62,5
DA:65,1
DA:68,0
DA:69,0
DA:72,1
DA:75,0
DA:76,0
DA:79,1
DA:82,0
DA:83,0
DA:86,1
DA:89,0
DA:90,0
DA:93,1
DA:96,0
DA:97,0
DA:100,1
DA:103,1
DA:104,1
DA:107,1
DA:110,0
DA:111,0
DA:114,1
DA:117,1
DA:118,1
DA:121,1
DA:124,0
DA:125,0
DA:128,1
DA:131,0
DA:132,0
DA:135,1
DA:138,0
DA:139,0
DA:142,1
DA:145,3
DA:146,3
DA:149,1
DA:152,0
DA:153,0
DA:156,1
DA:159,0
DA:160,0
DA:163,1
DA:166,2
DA:167,2
DA:170,1
DA:173,0
DA:174,0
DA:177,1
DA:180,3
DA:181,3
DA:184,1
DA:187,1
DA:188,1
DA:191,1
DA:194,0
DA:195,0
DA:198,1
LF:99
LH:71
BRDA:30,0,0,1
BRDA:30,0,1,1
BRF:2
BRH:2
end_of_record
TN:
SF:src/app/entities/infra-nodes/infra-nodes.reducer.ts
FN:17,(anonymous_0)
FN:23,infraNodeEntityReducer
FN:34,(anonymous_2)
FN:83,(anonymous_3)
FN:83,(anonymous_4)
FNF:5
FNH:1
FNDA:0,(anonymous_0)
FNDA:5215,infraNodeEntityReducer
FNDA:0,(anonymous_2)
FNDA:0,(anonymous_3)
FNDA:0,(anonymous_4)
DA:2,1
DA:3,1
DA:4,1
DA:5,1
DA:6,1
DA:7,1
DA:8,1
DA:9,1
DA:10,1
DA:11,1
DA:12,1
DA:13,1
DA:14,1
DA:15,1
DA:16,1
DA:17,0
DA:19,1
DA:24,5215
DA:26,9
DA:28,2
DA:30,0
DA:32,0
DA:34,0
DA:35,0
DA:36,0
DA:38,0
DA:40,12
DA:42,5
DA:44,0
DA:46,0
DA:48,1
DA:53,0
DA:55,1
DA:57,0
DA:59,0
DA:61,0
DA:63,3
DA:65,0
DA:67,0
DA:69,2
DA:71,0
DA:73,3
DA:75,1
DA:77,0
DA:79,5176
DA:82,1
DA:83,1
LF:47
LH:30
BRDA:23,0,0,1328
BRDA:24,1,0,9
BRDA:24,1,1,2
BRDA:24,1,2,0
BRDA:24,1,3,0
BRDA:24,1,4,0
BRDA:24,1,5,0
BRDA:24,1,6,12
BRDA:24,1,7,5
BRDA:24,1,8,0
BRDA:24,1,9,0
BRDA:24,1,10,1
BRDA:24,1,11,0
BRDA:24,1,12,1
BRDA:24,1,13,0
BRDA:24,1,14,0
BRDA:24,1,15,0
BRDA:24,1,16,3
BRDA:24,1,17,0
BRDA:24,1,18,0
BRDA:24,1,19,2
BRDA:24,1,20,0
BRDA:24,1,21,3
BRDA:24,1,22,1
BRDA:24,1,23,0
BRDA:24,1,24,5176
BRDA:28,2,0,2
BRDA:28,2,1,0
BRDA:28,3,0,2
BRDA:28,3,1,1
BRDA:36,4,0,0
BRDA:36,4,1,0
BRDA:36,5,0,0
BRDA:36,5,1,0
BRDA:42,6,0,5
BRDA:42,6,1,0
BRDA:57,7,0,0
BRDA:57,7,1,0
BRDA:63,8,0,3
BRDA:63,8,1,0
BRDA:69,9,0,2
BRDA:69,9,1,0
BRDA:75,10,0,1
BRDA:75,10,1,0
BRDA:75,11,0,1
BRDA:75,11,1,0
BRF:46
BRH:20
end_of_record
TN:
SF:src/app/entities/infra-nodes/infra-nodes.selectors.ts
FN:9,(anonymous_0)
FN:10,(anonymous_1)
FN:11,(anonymous_2)
FN:12,(anonymous_3)
FN:13,(anonymous_4)
FN:14,(anonymous_5)
FN:15,(anonymous_6)
FN:16,(anonymous_7)
FN:17,(anonymous_8)
FN:18,(anonymous_9)
FN:19,(anonymous_10)
FN:20,(anonymous_11)
FN:21,(anonymous_12)
FN:22,(anonymous_13)
FNF:14
FNH:13
FNDA:18,(anonymous_0)
FNDA:0,(anonymous_1)
FNDA:6,(anonymous_2)
FNDA:2,(anonymous_3)
FNDA:14,(anonymous_4)
FNDA:16,(anonymous_5)
FNDA:18,(anonymous_6)
FNDA:16,(anonymous_7)
FNDA:14,(anonymous_8)
FNDA:18,(anonymous_9)
FNDA:6,(anonymous_10)
FNDA:3,(anonymous_11)
FNDA:4,(anonymous_12)
FNDA:4,(anonymous_13)
DA:3,1
DA:4,1
DA:5,1
DA:6,1
DA:7,1
DA:8,1
DA:9,18
DA:10,1
DA:11,6
DA:12,2
DA:13,14
DA:14,16
DA:15,18
DA:16,16
DA:17,14
DA:18,18
DA:19,6
DA:20,3
DA:21,4
DA:22,4
LF:20
LH:20
BRF:0
BRH:0
end_of_record
TN:
SF:src/app/entities/infra-roles/infra-role-details.reducer.ts
FN:11,(anonymous_0)
FN:17,infraRoleDetailsEntityReducer
FNF:2
FNH:1
FNDA:0,(anonymous_0)
FNDA:5215,infraRoleDetailsEntityReducer
DA:2,1
DA:3,1
DA:4,1
DA:5,1
DA:6,1
DA:7,1
DA:8,1
DA:9,1
DA:10,1
DA:11,0
DA:13,1
DA:18,5215
DA:20,0
DA:22,0
DA:24,0
DA:26,0
DA:28,0
DA:33,0
DA:35,5215
DA:38,1
LF:20
LH:13
BRDA:17,0,0,1328
BRDA:18,1,0,0
BRDA:18,1,1,0
BRDA:18,1,2,0
BRDA:18,1,3,0
BRDA:18,1,4,0
BRDA:18,1,5,0
BRDA:18,1,6,5215
BRF:8
BRH:2
end_of_record
TN:
SF:src/app/entities/infra-roles/infra-role-details.selectors.ts
FN:11,(anonymous_0)
FN:12,(anonymous_1)
FN:13,(anonymous_2)
FN:14,(anonymous_3)
FNF:4
FNH:2
FNDA:0,(anonymous_0)
FNDA:0,(anonymous_1)
FNDA:1,(anonymous_2)
FNDA:1,(anonymous_3)
DA:3,1
DA:4,1
DA:5,1
DA:6,1
DA:7,1
DA:8,1
DA:9,1
DA:10,1
DA:11,1
DA:12,1
DA:13,1
DA:14,1
LF:12
LH:12
BRF:0
BRH:0
end_of_record
TN:
SF:src/app/entities/infra-roles/infra-role.action.ts
FN:5,(anonymous_0)
FN:23,(anonymous_1)
FN:30,(anonymous_2)
FN:37,(anonymous_3)
FN:44,(anonymous_4)
FN:51,(anonymous_5)
FN:58,(anonymous_6)
FN:65,(anonymous_7)
FN:72,(anonymous_8)
FN:79,(anonymous_9)
FN:86,(anonymous_10)
FN:93,(anonymous_11)
FN:100,(anonymous_12)
FN:107,(anonymous_13)
FN:114,(anonymous_14)
FN:121,(anonymous_15)
FNF:16
FNH:6
FNDA:1,(anonymous_0)
FNDA:3,(anonymous_1)
FNDA:1,(anonymous_2)
FNDA:2,(anonymous_3)
FNDA:0,(anonymous_4)
FNDA:0,(anonymous_5)
FNDA:0,(anonymous_6)
FNDA:79,(anonymous_7)
FNDA:3,(anonymous_8)
FNDA:0,(anonymous_9)
FNDA:0,(anonymous_10)
FNDA:0,(anonymous_11)
FNDA:0,(anonymous_12)
FNDA:0,(anonymous_13)
FNDA:0,(anonymous_14)
FNDA:0,(anonymous_15)
DA:2,1
DA:3,1
DA:5,1
DA:6,1
DA:7,1
DA:8,1
DA:9,1
DA:10,1
DA:11,1
DA:12,1
DA:13,1
DA:14,1
DA:15,1
DA:16,1
DA:17,1
DA:18,1
DA:19,1
DA:20,1
DA:24,3
DA:25,3
DA:28,1
DA:31,1
DA:32,1
DA:35,1
DA:38,2
DA:39,2
DA:42,1
DA:45,0
DA:46,0
DA:49,1
DA:52,0
DA:53,0
DA:56,1
DA:59,0
DA:60,0
DA:63,1
DA:66,79
DA:67,79
DA:70,1
DA:73,3
DA:74,3
DA:77,1
DA:80,0
DA:81,0
DA:84,1
DA:87,0
DA:88,0
DA:91,1
DA:94,0
DA:95,0
DA:98,1
DA:101,0
DA:102,0
DA:105,1
DA:108,0
DA:109,0
DA:112,1
DA:115,0
DA:116,0
DA:119,1
DA:122,0
DA:123,0
DA:126,1
LF:63
LH:43
BRDA:21,0,0,1
BRDA:21,0,1,1
BRF:2
BRH:2
end_of_record
TN:
SF:src/app/entities/infra-roles/infra-role.model.ts
FN:5,(anonymous_0)
FNF:1
FNH:1
FNDA:17,(anonymous_0)
DA:2,1
DA:3,1
DA:6,17
DA:8,17
DA:10,17
DA:16,1
LF:6
LH:6
BRDA:7,0,0,17
BRDA:7,0,1,11
BRDA:7,0,2,6
BRDA:9,1,0,17
BRDA:9,1,1,11
BRDA:9,1,2,6
BRF:6
BRH:6
end_of_record
TN:
SF:src/app/entities/infra-roles/infra-role.reducer.ts
FN:13,(anonymous_0)
FN:19,infraRoleEntityReducer
FN:39,(anonymous_2)
FN:49,(anonymous_3)
FN:49,(anonymous_4)
FNF:5
FNH:2
FNDA:1,(anonymous_0)
FNDA:5215,infraRoleEntityReducer
FNDA:0,(anonymous_2)
FNDA:0,(anonymous_3)
FNDA:0,(anonymous_4)
DA:2,1
DA:3,1
DA:4,1
DA:5,1
DA:6,1
DA:7,1
DA:8,1
DA:9,1
DA:10,1
DA:11,1
DA:12,1
DA:13,1
DA:15,1
DA:20,5215
DA:22,79
DA:24,3
DA:26,0
DA:28,3
DA:31,1
DA:34,2
DA:37,0
DA:39,0
DA:40,0
DA:41,0
DA:43,0
DA:45,5127
DA:48,1
DA:49,1
LF:28
LH:22
BRDA:19,0,0,1328
BRDA:20,1,0,79
BRDA:20,1,1,3
BRDA:20,1,2,0
BRDA:20,1,3,3
BRDA:20,1,4,1
BRDA:20,1,5,2
BRDA:20,1,6,0
BRDA:20,1,7,0
BRDA:20,1,8,0
BRDA:20,1,9,5127
BRDA:24,2,0,3
BRDA:24,2,1,0
BRDA:24,3,0,3
BRDA:24,3,1,2
BRDA:41,4,0,0
BRDA:41,4,1,0
BRDA:41,5,0,0
BRDA:41,5,1,0
BRF:19
BRH:10
end_of_record
TN:
SF:src/app/entities/infra-roles/infra-role.selectors.ts
FN:11,(anonymous_0)
FN:12,(anonymous_1)
FN:13,(anonymous_2)
FN:14,(anonymous_3)
FN:15,(anonymous_4)
FN:16,(anonymous_5)
FN:17,(anonymous_6)
FNF:7
FNH:5
FNDA:0,(anonymous_0)
FNDA:80,(anonymous_1)
FNDA:76,(anonymous_2)
FNDA:12,(anonymous_3)
FNDA:12,(anonymous_4)
FNDA:0,(anonymous_5)
FNDA:80,(anonymous_6)
DA:3,1
DA:4,1
DA:5,1
DA:6,1
DA:7,1
DA:8,1
DA:9,1
DA:10,1
DA:11,1
DA:12,80
DA:13,76
DA:14,12
DA:15,12
DA:16,1
DA:17,80
LF:15
LH:15
BRF:0
BRH:0
end_of_record
TN:
SF:src/app/entities/jobs/job.actions.ts
FN:5,(anonymous_0)
FN:20,(anonymous_1)
FN:27,(anonymous_2)
FN:34,(anonymous_3)
FN:41,(anonymous_4)
FN:48,(anonymous_5)
FN:55,(anonymous_6)
FN:62,(anonymous_7)
FN:69,(anonymous_8)
FN:76,(anonymous_9)
FN:83,(anonymous_10)
FN:90,(anonymous_11)
FN:97,(anonymous_12)
FNF:13
FNH:3
FNDA:1,(anonymous_0)
FNDA:0,(anonymous_1)
FNDA:0,(anonymous_2)
FNDA:0,(anonymous_3)
FNDA:10,(anonymous_4)
FNDA:10,(anonymous_5)
FNDA:0,(anonymous_6)
FNDA:0,(anonymous_7)
FNDA:0,(anonymous_8)
FNDA:0,(anonymous_9)
FNDA:0,(anonymous_10)
FNDA:0,(anonymous_11)
FNDA:0,(anonymous_12)
DA:2,1
DA:3,1
DA:5,1
DA:6,1
DA:7,1
DA:8,1
DA:9,1
DA:10,1
DA:11,1
DA:12,1
DA:13,1
DA:14,1
DA:15,1
DA:16,1
DA:17,1
DA:21,0
DA:22,0
DA:25,1
DA:28,0
DA:29,0
DA:32,1
DA:35,0
DA:36,0
DA:39,1
DA:42,10
DA:43,10
DA:46,1
DA:49,10
DA:50,10
DA:53,1
DA:56,0
DA:57,0
DA:60,1
DA:63,0
DA:64,0
DA:67,1
DA:70,0
DA:71,0
DA:74,1
DA:77,0
DA:78,0
DA:81,1
DA:84,0
DA:85,0
DA:88,1
DA:91,0
DA:92,0
DA:95,1
DA:98,0
DA:99,0
DA:102,1
LF:51
LH:31
BRDA:18,0,0,1
BRDA:18,0,1,1
BRF:2
BRH:2
end_of_record
TN:
SF:src/app/entities/jobs/job.reducer.ts
FN:12,jobEntityReducer
FNF:1
FNH:1
FNDA:5215,jobEntityReducer
DA:2,1
DA:3,1
DA:4,1
DA:5,1
DA:6,1
DA:7,1
DA:8,1
DA:9,1
DA:13,5215
DA:15,0
DA:17,0
DA:19,0
DA:21,10
DA:22,10
DA:23,10
DA:27,5205
DA:30,1
LF:17
LH:14
BRDA:12,0,0,1328
BRDA:13,1,0,0
BRDA:13,1,1,0
BRDA:13,1,2,0
BRDA:13,1,3,10
BRDA:13,1,4,5205
BRDA:23,2,0,0
BRDA:23,2,1,10
BRF:8
BRH:4
end_of_record
TN:
SF:src/app/entities/jobs/job.selectors.ts
FN:9,(anonymous_0)
FNF:1
FNH:0
FNDA:0,(anonymous_0)
DA:3,1
DA:4,1
DA:5,1
DA:6,1
DA:7,1
DA:8,1
DA:9,1
LF:7
LH:7
BRF:0
BRH:0
end_of_record
TN:
SF:src/app/entities/layout/layout-sidebar.service.ts
FN:12,(anonymous_0)
FN:18,(anonymous_1)
FN:226,(anonymous_2)
FN:228,(anonymous_3)
FN:229,(anonymous_4)
FN:230,(anonymous_5)
FN:233,(anonymous_6)
FN:242,(anonymous_7)
FN:247,(anonymous_8)
FN:254,(anonymous_9)
FNF:10
FNH:10
FNDA:823,(anonymous_0)
FNDA:1516,(anonymous_1)
FNDA:1516,(anonymous_2)
FNDA:10612,(anonymous_3)
FNDA:9096,(anonymous_4)
FNDA:13644,(anonymous_5)
[...]
FNH:11
FNDA:23,(anonymous_0)
FNDA:13,(anonymous_1)
FNDA:3,(anonymous_2)
FNDA:4,(anonymous_3)
FNDA:4,(anonymous_4)
FNDA:0,(anonymous_5)
FNDA:1,(anonymous_6)
FNDA:1,(anonymous_7)
FNDA:1,(anonymous_8)
FNDA:1,(anonymous_9)
FNDA:1,(anonymous_10)
FNDA:1,(anonymous_11)
DA:2,1
DA:3,1
DA:4,1
DA:5,1
DA:6,23
DA:7,13
DA:8,1
DA:9,4
DA:11,3
DA:12,2
DA:16,4
DA:17,3
DA:19,1
DA:20,1
DA:21,1
DA:22,1
DA:23,1
DA:24,1
DA:25,1
LF:19
LH:19
BRDA:11,0,0,2
BRDA:11,0,1,1
BRF:2
BRH:2
end_of_record
TN:
SF:src/app/services/projects-filter/projects-filter.service.ts
FN:12,(anonymous_0)
FN:23,(anonymous_1)
FN:29,(anonymous_2)
FN:32,(anonymous_3)
FN:35,(anonymous_4)
FN:38,(anonymous_5)
FN:48,(anonymous_6)
FN:50,(anonymous_7)
FN:54,(anonymous_8)
FNF:9
FNH:3
FNDA:1,(anonymous_0)
FNDA:1,(anonymous_1)
FNDA:0,(anonymous_2)
FNDA:0,(anonymous_3)
FNDA:0,(anonymous_4)
FNDA:0,(anonymous_5)
FNDA:0,(anonymous_6)
FNDA:0,(anonymous_7)
FNDA:1,(anonymous_8)
DA:2,1
DA:3,1
DA:4,1
DA:5,1
DA:6,1
DA:7,1
DA:8,1
DA:9,1
DA:10,1
DA:11,1
DA:13,1
DA:14,1
DA:15,1
DA:16,1
DA:17,1
DA:18,1
DA:19,1
DA:20,1
DA:21,1
DA:25,1
DA:27,1
DA:30,0
DA:33,0
DA:36,0
DA:39,0
DA:41,0
DA:43,0
DA:47,0
DA:48,0
DA:51,0
DA:54,1
DA:58,1
DA:62,1
LF:33
LH:24
BRF:0
BRH:0
end_of_record
TN:
SF:src/app/services/run-history-store/run-history.store.ts
FN:8,(anonymous_0)
FN:15,(anonymous_1)
FN:18,(anonymous_2)
FN:21,(anonymous_3)
FN:25,(anonymous_4)
FN:29,(anonymous_5)
FN:32,(anonymous_6)
FN:35,(anonymous_7)
FN:46,(anonymous_8)
FN:49,(anonymous_9)
FN:58,(anonymous_10)
FNF:11
FNH:8
FNDA:8,(anonymous_0)
FNDA:0,(anonymous_1)
FNDA:8,(anonymous_2)
FNDA:6,(anonymous_3)
FNDA:6,(anonymous_4)
FNDA:6,(anonymous_5)
FNDA:6,(anonymous_6)
FNDA:1,(anonymous_7)
FNDA:0,(anonymous_8)
FNDA:0,(anonymous_9)
FNDA:1,(anonymous_10)
DA:2,1
DA:3,1
DA:4,1
DA:5,1
DA:6,1
DA:7,1
DA:9,8
DA:10,8
DA:11,8
DA:12,8
DA:16,0
DA:19,8
DA:22,6
DA:23,6
DA:26,6
DA:27,6
DA:30,6
DA:33,6
DA:36,1
DA:37,1
DA:39,1
DA:40,1
DA:41,1
DA:43,1
DA:44,1
DA:47,0
DA:50,0
DA:51,0
DA:52,0
DA:54,0
DA:55,0
DA:58,1
DA:59,1
DA:63,1
LF:34
LH:27
BRDA:36,0,0,1
BRDA:36,0,1,0
BRDA:39,1,0,1
BRDA:39,1,1,0
BRDA:39,2,0,1
BRDA:39,2,1,0
BRDA:39,2,2,0
BRDA:50,3,0,0
BRDA:50,3,1,0
BRDA:50,4,0,0
BRDA:50,4,1,0
BRDA:50,4,2,0
BRF:12
BRH:3
end_of_record
TN:
SF:src/app/services/storage/localstorage.service.ts
FN:9,(anonymous_0)
FN:13,(anonymous_1)
FN:17,(anonymous_2)
FN:21,(anonymous_3)
FNF:4
FNH:4
FNDA:14,(anonymous_0)
FNDA:14,(anonymous_1)
FNDA:4,(anonymous_2)
FNDA:1,(anonymous_3)
DA:2,1
DA:3,1
DA:4,1
DA:5,1
DA:6,1
DA:7,1
DA:8,1
DA:10,14
DA:11,14
DA:14,14
DA:15,14
DA:18,4
DA:21,1
DA:24,1
DA:28,1
LF:15
LH:15
BRF:0
BRH:0
end_of_record
TN:
SF:src/app/services/storage/sessionstorage.service.ts
FN:9,(anonymous_0)
FN:13,(anonymous_1)
FN:17,(anonymous_2)
FN:21,(anonymous_3)
FNF:4
FNH:4
FNDA:14,(anonymous_0)
FNDA:10,(anonymous_1)
FNDA:3,(anonymous_2)
FNDA:1,(anonymous_3)
DA:2,1
DA:3,1
DA:4,1
DA:5,1
DA:6,1
DA:7,1
DA:8,1
DA:10,14
DA:11,14
DA:14,10
DA:15,10
DA:18,3
DA:21,1
DA:24,1
DA:28,1
LF:15
LH:15
BRF:0
BRH:0
end_of_record
TN:
SF:src/app/services/storage/storage.ts
FN:5,(anonymous_0)
FN:8,(anonymous_1)
FN:15,(anonymous_2)
FN:20,(anonymous_3)
FNF:4
FNH:4
FNDA:28,(anonymous_0)
FNDA:24,(anonymous_1)
FNDA:7,(anonymous_2)
FNDA:31,(anonymous_3)
DA:2,1
DA:3,1
DA:6,28
DA:11,24
DA:12,24
DA:13,24
DA:16,7
DA:17,7
DA:21,31
DA:24,1
LF:10
LH:10
BRDA:11,0,0,15
BRDA:11,0,1,9
BRDA:17,1,0,4
BRDA:17,1,1,3
BRF:4
BRH:4
end_of_record
TN:
SF:src/app/services/telemetry/telemetry.service.ts
FN:43,(anonymous_0)
FN:67,(anonymous_1)
FN:76,(anonymous_2)
FN:76,(anonymous_3)
FN:88,(anonymous_4)
FN:93,(anonymous_5)
FN:97,(anonymous_6)
FN:105,(anonymous_7)
FN:111,(anonymous_8)
FN:123,(anonymous_9)
FN:140,(anonymous_10)
FN:147,(anonymous_11)
FN:154,(anonymous_12)
FN:177,(anonymous_13)
FN:185,(anonymous_14)
FN:199,(anonymous_15)
FN:207,(anonymous_16)
FN:219,(anonymous_17)
FN:228,(anonymous_18)
FN:236,(anonymous_19)
FN:253,(anonymous_20)
FN:287,(anonymous_21)
FN:288,(anonymous_22)
FN:298,(anonymous_23)
FN:307,(anonymous_24)
FN:311,(anonymous_25)
FN:328,(anonymous_26)
FN:347,(anonymous_27)
FN:351,(anonymous_28)
FN:355,(anonymous_29)
FN:358,(anonymous_30)
FN:379,(anonymous_31)
FN:381,(anonymous_32)
FN:384,(anonymous_33)
FN:396,(anonymous_34)
FN:399,(anonymous_35)
FN:401,(anonymous_36)
FN:445,(anonymous_37)
FN:447,(anonymous_38)
FN:456,(anonymous_39)
FN:464,(anonymous_40)
FN:476,(anonymous_41)
FN:478,(anonymous_42)
FN:487,(anonymous_43)
FN:495,(anonymous_44)
FN:509,(anonymous_45)
FNF:46
FNH:0
FNDA:0,(anonymous_0)
FNDA:0,(anonymous_1)
FNDA:0,(anonymous_2)
FNDA:0,(anonymous_3)
FNDA:0,(anonymous_4)
FNDA:0,(anonymous_5)
FNDA:0,(anonymous_6)
FNDA:0,(anonymous_7)
FNDA:0,(anonymous_8)
FNDA:0,(anonymous_9)
FNDA:0,(anonymous_10)
FNDA:0,(anonymous_11)
FNDA:0,(anonymous_12)
FNDA:0,(anonymous_13)
FNDA:0,(anonymous_14)
FNDA:0,(anonymous_15)
FNDA:0,(anonymous_16)
FNDA:0,(anonymous_17)
FNDA:0,(anonymous_18)
FNDA:0,(anonymous_19)
FNDA:0,(anonymous_20)
FNDA:0,(anonymous_21)
FNDA:0,(anonymous_22)
FNDA:0,(anonymous_23)
FNDA:0,(anonymous_24)
FNDA:0,(anonymous_25)
FNDA:0,(anonymous_26)
FNDA:0,(anonymous_27)
FNDA:0,(anonymous_28)
FNDA:0,(anonymous_29)
FNDA:0,(anonymous_30)
FNDA:0,(anonymous_31)
FNDA:0,(anonymous_32)
FNDA:0,(anonymous_33)
FNDA:0,(anonymous_34)
FNDA:0,(anonymous_35)
FNDA:0,(anonymous_36)
FNDA:0,(anonymous_37)
FNDA:0,(anonymous_38)
FNDA:0,(anonymous_39)
FNDA:0,(anonymous_40)
FNDA:0,(anonymous_41)
FNDA:0,(anonymous_42)
FNDA:0,(anonymous_43)
FNDA:0,(anonymous_44)
FNDA:0,(anonymous_45)
DA:3,1
DA:5,1
DA:8,1
DA:10,1
DA:12,1
DA:14,1
DA:16,1
DA:18,1
DA:20,1
DA:22,1
DA:24,1
DA:26,1
DA:28,1
DA:30,1
DA:32,1
DA:34,1
DA:36,1
DA:38,1
DA:40,1
DA:42,1
DA:44,0
DA:45,0
DA:46,0
DA:47,0
DA:48,0
DA:49,0
DA:50,0
DA:51,0
DA:52,0
DA:59,0
DA:60,0
DA:61,0
DA:62,0
DA:63,0
DA:64,0
DA:67,0
DA:68,0
DA:69,0
DA:70,0
DA:71,0
DA:76,0
DA:77,0
DA:78,0
DA:79,0
DA:80,0
DA:81,0
DA:82,0
DA:83,0
DA:84,0
DA:85,0
DA:86,0
DA:87,0
DA:89,0
DA:94,0
DA:98,0
DA:99,0
DA:102,0
DA:106,0
DA:107,0
DA:111,0
DA:112,0
DA:119,0
DA:123,0
DA:124,0
DA:125,0
DA:126,0
DA:129,0
DA:130,0
DA:134,0
DA:140,0
DA:141,0
DA:147,0
DA:148,0
DA:154,0
DA:155,0
DA:161,0
DA:162,0
DA:170,0
DA:172,0
DA:173,0
DA:177,0
DA:178,0
DA:180,0
DA:182,0
DA:183,0
DA:191,0
DA:193,0
DA:194,0
DA:200,0
DA:208,0
DA:209,0
DA:210,0
DA:220,0
DA:229,0
DA:237,0
DA:238,0
DA:239,0
DA:240,0
DA:243,0
DA:244,0
DA:245,0
DA:254,0
DA:259,0
DA:273,0
DA:274,0
DA:282,0
DA:294,0
DA:299,0
DA:308,0
DA:314,0
DA:315,0
DA:317,0
DA:318,0
DA:319,0
DA:320,0
DA:321,0
DA:323,0
DA:324,0
DA:332,0
DA:333,0
DA:335,0
DA:336,0
DA:339,0
DA:340,0
DA:344,0
DA:348,0
DA:352,0
DA:356,0
DA:358,0
DA:359,0
DA:360,0
DA:362,0
DA:365,0
DA:366,0
DA:368,0
DA:371,0
DA:372,0
DA:374,0
DA:381,0
DA:382,0
DA:384,0
DA:385,0
DA:387,0
DA:388,0
DA:391,0
DA:393,0
DA:397,0
DA:399,0
DA:401,0
DA:402,0
DA:405,0
DA:406,0
DA:408,0
DA:409,0
DA:410,0
DA:413,0
DA:417,0
DA:418,0
DA:420,0
DA:421,0
DA:422,0
DA:425,0
DA:429,0
DA:430,0
DA:432,0
DA:433,0
DA:434,0
DA:437,0
DA:440,0
DA:441,0
DA:447,0
DA:448,0
DA:450,0
DA:457,0
DA:458,0
DA:461,0
DA:470,0
DA:471,0
DA:473,0
DA:478,0
DA:479,0
DA:481,0
DA:488,0
DA:489,0
DA:492,0
DA:501,0
DA:502,0
DA:504,0
DA:509,1
DA:531,1
DA:532,1
LF:191
LH:23
BRDA:68,0,0,0
BRDA:68,0,1,0
BRDA:83,1,0,0
BRDA:83,1,1,0
BRDA:86,2,0,0
BRDA:86,2,1,0
BRDA:98,3,0,0
BRDA:98,3,1,0
BRDA:106,4,0,0
BRDA:106,4,1,0
BRDA:124,5,0,0
BRDA:124,5,1,0
BRDA:125,6,0,0
BRDA:125,6,1,0
BRDA:129,7,0,0
BRDA:129,7,1,0
BRDA:182,8,0,0
BRDA:182,8,1,0
BRDA:193,9,0,0
BRDA:193,9,1,0
BRDA:273,10,0,0
BRDA:273,10,1,0
BRDA:317,11,0,0
BRDA:317,11,1,0
BRDA:332,12,0,0
BRDA:332,12,1,0
BRDA:332,13,0,0
BRDA:332,13,1,0
BRDA:332,13,2,0
BRDA:332,13,3,0
BRDA:335,14,0,0
BRDA:335,14,1,0
BRDA:339,15,0,0
BRDA:339,15,1,0
BRDA:371,16,0,0
BRDA:371,16,1,0
BRDA:387,17,0,0
BRDA:387,17,1,0
BRDA:408,18,0,0
BRDA:408,18,1,0
BRDA:408,19,0,0
BRDA:408,19,1,0
BRDA:420,20,0,0
BRDA:420,20,1,0
BRDA:420,21,0,0
BRDA:420,21,1,0
BRDA:432,22,0,0
BRDA:432,22,1,0
BRDA:432,23,0,0
BRDA:432,23,1,0
BRDA:457,24,0,0
BRDA:457,24,1,0
BRDA:488,25,0,0
BRDA:488,25,1,0
BRF:54
BRH:0
end_of_record
TN:
SF:src/app/services/telemetry/application-stats/application-stats.service.ts
FN:12,(anonymous_0)
FN:15,(anonymous_1)
FN:17,(anonymous_2)
FN:20,(anonymous_3)
FN:28,(anonymous_4)
FN:30,(anonymous_5)
FN:35,(anonymous_6)
FN:38,(anonymous_7)
FN:41,(anonymous_8)
FN:45,(anonymous_9)
FN:50,(anonymous_10)
FN:57,(anonymous_11)
FNF:12
FNH:0
FNDA:0,(anonymous_0)
FNDA:0,(anonymous_1)
FNDA:0,(anonymous_2)
FNDA:0,(anonymous_3)
FNDA:0,(anonymous_4)
FNDA:0,(anonymous_5)
FNDA:0,(anonymous_6)
FNDA:0,(anonymous_7)
FNDA:0,(anonymous_8)
FNDA:0,(anonymous_9)
FNDA:0,(anonymous_10)
FNDA:0,(anonymous_11)
DA:2,1
DA:3,1
DA:4,1
DA:5,1
DA:6,1
DA:7,1
DA:8,1
DA:9,1
DA:10,1
DA:11,1
DA:13,0
DA:17,0
DA:18,0
DA:20,0
DA:21,0
DA:22,0
DA:24,0
DA:26,0
DA:29,0
DA:30,0
DA:31,0
DA:32,0
DA:34,0
DA:35,0
DA:39,0
DA:41,0
DA:42,0
DA:44,0
DA:46,0
DA:47,0
DA:49,0
DA:51,0
DA:52,0
DA:54,0
DA:57,1
DA:60,1
DA:64,1
LF:37
LH:13
BRDA:21,0,0,0
BRDA:21,0,1,0
BRDA:31,1,0,0
BRDA:31,1,1,0
BRDA:31,2,0,0
BRDA:31,2,1,0
BRDA:31,2,2,0
BRDA:46,3,0,0
BRDA:46,3,1,0
BRF:9
BRH:0
end_of_record
TN:
SF:src/app/services/telemetry/client-runs-stats/client-runs-stats.service.ts
FN:12,(anonymous_0)
FN:15,(anonymous_1)
FN:17,(anonymous_2)
FN:20,(anonymous_3)
FN:28,(anonymous_4)
FN:30,(anonymous_5)
FN:35,(anonymous_6)
FN:37,(anonymous_7)
FN:40,(anonymous_8)
FN:44,(anonymous_9)
FN:49,(anonymous_10)
FN:56,(anonymous_11)
FNF:12
FNH:0
FNDA:0,(anonymous_0)
FNDA:0,(anonymous_1)
FNDA:0,(anonymous_2)
FNDA:0,(anonymous_3)
FNDA:0,(anonymous_4)
FNDA:0,(anonymous_5)
FNDA:0,(anonymous_6)
FNDA:0,(anonymous_7)
FNDA:0,(anonymous_8)
FNDA:0,(anonymous_9)
FNDA:0,(anonymous_10)
FNDA:0,(anonymous_11)
DA:2,1
DA:3,1
DA:4,1
DA:5,1
DA:6,1
DA:7,1
DA:8,1
DA:9,1
DA:10,1
DA:11,1
DA:13,0
DA:17,0
DA:18,0
DA:20,0
DA:21,0
DA:22,0
DA:24,0
DA:26,0
DA:29,0
DA:30,0
DA:31,0
DA:32,0
DA:34,0
DA:35,0
DA:38,0
DA:40,0
DA:41,0
DA:43,0
DA:45,0
DA:46,0
DA:48,0
DA:50,0
DA:51,0
DA:53,0
DA:56,1
DA:59,1
DA:63,1
LF:37
LH:13
BRDA:21,0,0,0
BRDA:21,0,1,0
BRDA:31,1,0,0
BRDA:31,1,1,0
BRDA:31,2,0,0
BRDA:31,2,1,0
BRDA:31,2,2,0
BRDA:45,3,0,0
BRDA:45,3,1,0
BRF:9
BRH:0
end_of_record
TN:
SF:src/app/services/telemetry/compliance-stats/compliance-stats.service.ts
FN:12,(anonymous_0)
FN:15,(anonymous_1)
FN:17,(anonymous_2)
FN:20,(anonymous_3)
FN:28,(anonymous_4)
FN:30,(anonymous_5)
FN:35,(anonymous_6)
FN:37,(anonymous_7)
FN:40,(anonymous_8)
FN:44,(anonymous_9)
FN:49,(anonymous_10)
FN:56,(anonymous_11)
FNF:12
FNH:0
FNDA:0,(anonymous_0)
FNDA:0,(anonymous_1)
FNDA:0,(anonymous_2)
FNDA:0,(anonymous_3)
FNDA:0,(anonymous_4)
FNDA:0,(anonymous_5)
FNDA:0,(anonymous_6)
FNDA:0,(anonymous_7)
FNDA:0,(anonymous_8)
FNDA:0,(anonymous_9)
FNDA:0,(anonymous_10)
FNDA:0,(anonymous_11)
DA:2,1
DA:3,1
DA:4,1
DA:5,1
DA:6,1
DA:7,1
DA:8,1
DA:9,1
DA:10,1
DA:11,1
DA:13,0
DA:17,0
DA:18,0
DA:20,0
DA:21,0
DA:22,0
DA:24,0
DA:26,0
DA:29,0
DA:30,0
DA:31,0
DA:32,0
DA:34,0
DA:35,0
DA:38,0
DA:40,0
DA:41,0
DA:43,0
DA:45,0
DA:46,0
DA:48,0
DA:50,0
DA:51,0
DA:53,0
DA:56,1
DA:59,1
DA:63,1
LF:37
LH:13
BRDA:21,0,0,0
BRDA:21,0,1,0
BRDA:31,1,0,0
BRDA:31,1,1,0
BRDA:31,2,0,0
BRDA:31,2,1,0
BRDA:31,2,2,0
BRDA:45,3,0,0
BRDA:45,3,1,0
BRF:9
BRH:0
end_of_record
TN:
SF:src/app/services/user-preferences/signin-ui-settings.ts
FN:5,(anonymous_0)
FN:14,(anonymous_1)
FN:23,(anonymous_2)
FN:32,(anonymous_3)
FNF:4
FNH:4
FNDA:28,(anonymous_0)
FNDA:28,(anonymous_1)
FNDA:28,(anonymous_2)
FNDA:28,(anonymous_3)
DA:2,1
DA:3,1
DA:6,28
DA:7,28
DA:8,28
DA:9,28
DA:10,28
DA:15,28
DA:16,28
DA:17,28
DA:18,28
DA:19,28
DA:24,28
DA:25,28
DA:26,28
DA:27,28
DA:28,28
DA:33,28
DA:34,28
DA:35,28
DA:38,1
LF:21
LH:21
BRF:0
BRH:0
end_of_record
TN:
SF:src/app/services/user-preferences/user-preferences.actions.ts
FN:5,(anonymous_0)
FN:15,(anonymous_1)
FN:21,(anonymous_2)
FN:28,(anonymous_3)
FN:35,(anonymous_4)
FN:42,(anonymous_5)
FN:49,(anonymous_6)
FN:56,(anonymous_7)
FNF:8
FNH:1
FNDA:1,(anonymous_0)
FNDA:0,(anonymous_1)
FNDA:0,(anonymous_2)
FNDA:0,(anonymous_3)
FNDA:0,(anonymous_4)
FNDA:0,(anonymous_5)
FNDA:0,(anonymous_6)
FNDA:0,(anonymous_7)
DA:2,1
DA:3,1
DA:5,1
DA:6,1
DA:7,1
DA:8,1
DA:9,1
DA:10,1
DA:11,1
DA:12,1
DA:16,0
DA:19,1
DA:22,0
DA:23,0
DA:26,1
DA:29,0
DA:30,0
DA:33,1
DA:36,0
DA:37,0
DA:40,1
DA:43,0
DA:44,0
DA:47,1
DA:50,0
DA:51,0
DA:54,1
DA:57,0
DA:58,0
DA:61,1
LF:30
LH:17
BRDA:13,0,0,1
BRDA:13,0,1,1
BRF:2
BRH:2
end_of_record
TN:
SF:src/app/services/user-preferences/user-preferences.reducer.ts
FN:17,userPreferencesEntityReducer
FNF:1
FNH:1
FNDA:5215,userPreferencesEntityReducer
DA:2,1
DA:3,1
DA:4,1
DA:5,1
DA:6,1
DA:7,1
DA:18,5215
DA:20,0
DA:22,0
DA:25,0
DA:27,0
DA:29,0
DA:31,0
DA:32,0
DA:34,5215
DA:37,1
LF:16
LH:9
BRDA:17,0,0,1328
BRDA:18,1,0,0
BRDA:18,1,1,0
BRDA:18,1,2,0
BRDA:18,1,3,0
BRDA:18,1,4,0
BRDA:18,1,5,0
BRDA:18,1,6,0
BRDA:18,1,7,5215
BRF:9
BRH:2
end_of_record
TN:
SF:src/app/services/user-preferences/user-preferences.selector.ts
FN:6,(anonymous_0)
FN:7,(anonymous_1)
FN:8,(anonymous_2)
FN:9,(anonymous_3)
FNF:4
FNH:2
FNDA:0,(anonymous_0)
FNDA:1,(anonymous_1)
FNDA:0,(anonymous_2)
FNDA:1,(anonymous_3)
DA:2,1
DA:3,1
DA:4,1
DA:5,1
DA:6,1
DA:7,1
DA:8,1
DA:9,1
LF:8
LH:8
BRF:0
BRH:0
end_of_record
TN:
SF:src/app/services/user-preferences/user-preferences.service.ts
FN:10,(anonymous_0)
FN:15,(anonymous_1)
FN:18,(anonymous_2)
FN:21,(anonymous_3)
FN:25,(anonymous_4)
FNF:5
FNH:2
FNDA:29,(anonymous_0)
FNDA:0,(anonymous_1)
FNDA:0,(anonymous_2)
FNDA:0,(anonymous_3)
FNDA:1,(anonymous_4)
DA:2,1
DA:3,1
DA:4,1
DA:5,1
DA:6,1
DA:7,1
DA:8,1
DA:9,1
DA:11,29
DA:12,29
DA:16,0
DA:19,0
DA:22,0
DA:25,1
DA:28,1
DA:32,1
LF:16
LH:13
BRF:0
BRH:0
end_of_record
TN:
SF:src/app/testing/custom-matchers.ts
FN:6,(anonymous_0)
FN:8,(anonymous_1)
FNF:2
FNH:2
FNDA:3,(anonymous_0)
FNDA:3,(anonymous_1)
DA:2,1
DA:3,1
DA:4,1
DA:7,3
DA:9,3
DA:13,3
DA:14,0
DA:16,3
DA:17,0
DA:20,3
DA:21,3
DA:24,3
LF:12
LH:10
BRDA:13,0,0,0
BRDA:13,0,1,3
BRDA:16,1,0,0
BRDA:16,1,1,3
BRDA:22,2,0,3
BRDA:22,2,1,0
BRF:6
BRH:3
end_of_record
TN:
SF:src/app/testing/mock-chef-session.service.ts
FN:5,(anonymous_0)
FN:14,(anonymous_1)
FN:15,(anonymous_2)
FN:16,(anonymous_3)
FN:17,(anonymous_4)
FN:20,(anonymous_5)
FN:23,(anonymous_6)
FN:29,(anonymous_7)
FN:34,(anonymous_8)
FN:37,(anonymous_9)
FN:40,(anonymous_10)
FN:41,(anonymous_11)
FN:42,(anonymous_12)
FNF:13
FNH:5
FNDA:109,(anonymous_0)
FNDA:0,(anonymous_1)
FNDA:2,(anonymous_2)
FNDA:0,(anonymous_3)
FNDA:11,(anonymous_4)
FNDA:3,(anonymous_5)
FNDA:4,(anonymous_6)
FNDA:0,(anonymous_7)
FNDA:0,(anonymous_8)
FNDA:0,(anonymous_9)
FNDA:0,(anonymous_10)
FNDA:0,(anonymous_11)
FNDA:0,(anonymous_12)
DA:2,1
DA:3,1
DA:6,109
DA:7,109
DA:8,109
DA:9,109
DA:10,109
DA:11,109
DA:12,109
DA:18,11
DA:21,3
DA:24,4
DA:27,1
DA:30,0
DA:31,0
DA:32,0
DA:35,0
DA:38,0
DA:44,1
LF:19
LH:14
BRF:0
BRH:0
end_of_record
TN:
SF:src/app/testing/spec-helpers.ts
FN:45,using
FN:54,checkFirstPerm
FNF:2
FNH:1
FNDA:116,using
FNDA:0,checkFirstPerm
DA:2,1
DA:3,1
DA:46,116
DA:47,1034
DA:48,31
DA:50,1034
DA:53,1
DA:64,0
DA:65,0
DA:66,0
DA:68,0
DA:69,0
DA:70,0
DA:72,0
DA:73,0
DA:79,0
DA:83,0
DA:84,0
DA:86,1
LF:19
LH:8
BRDA:47,0,0,31
BRDA:47,0,1,1003
BRDA:64,1,0,0
BRDA:64,1,1,0
BRDA:68,2,0,0
BRDA:68,2,1,0
BRDA:79,3,0,0
BRDA:79,3,1,0
BRF:8
BRH:2
end_of_record
TN:
SF:src/app/types/types.ts
FN:6,(anonymous_0)
FN:13,(anonymous_1)
FN:49,(anonymous_2)
FN:59,(anonymous_3)
FN:66,(anonymous_4)
FN:84,(anonymous_5)
FN:87,(anonymous_6)
FN:90,(anonymous_7)
FN:93,(anonymous_8)
FN:96,(anonymous_9)
FN:102,(anonymous_10)
FN:152,(anonymous_11)
FN:226,(anonymous_12)
FN:234,(anonymous_13)
FN:243,(anonymous_14)
FN:261,(anonymous_15)
FN:265,(anonymous_16)
FN:273,(anonymous_17)
FN:278,(anonymous_18)
FN:281,(anonymous_19)
FN:287,(anonymous_20)
FN:296,(anonymous_21)
FN:323,(anonymous_22)
FN:331,(anonymous_23)
FN:341,(anonymous_24)
FN:347,(anonymous_25)
FN:365,(anonymous_26)
FN:383,(anonymous_27)
FN:437,(anonymous_28)
FN:445,(anonymous_29)
FN:458,(anonymous_30)
FNF:31
FNH:23
FNDA:1,(anonymous_0)
FNDA:0,(anonymous_1)
FNDA:1,(anonymous_2)
FNDA:3,(anonymous_3)
FNDA:22,(anonymous_4)
FNDA:3,(anonymous_5)
FNDA:0,(anonymous_6)
FNDA:9,(anonymous_7)
FNDA:0,(anonymous_8)
FNDA:0,(anonymous_9)
FNDA:41,(anonymous_10)
FNDA:0,(anonymous_11)
FNDA:12,(anonymous_12)
FNDA:0,(anonymous_13)
FNDA:16,(anonymous_14)
FNDA:9,(anonymous_15)
FNDA:18,(anonymous_16)
FNDA:633,(anonymous_17)
FNDA:170,(anonymous_18)
FNDA:4,(anonymous_19)
FNDA:5,(anonymous_20)
FNDA:7,(anonymous_21)
FNDA:15,(anonymous_22)
FNDA:27,(anonymous_23)
FNDA:1,(anonymous_24)
FNDA:0,(anonymous_25)
FNDA:4,(anonymous_26)
FNDA:13,(anonymous_27)
FNDA:0,(anonymous_28)
FNDA:1,(anonymous_29)
FNDA:1,(anonymous_30)
DA:2,1
DA:3,1
DA:4,1
DA:6,1
DA:7,1
DA:8,1
DA:9,1
DA:10,1
DA:14,0
DA:15,0
DA:16,0
DA:17,0
DA:18,0
DA:19,0
DA:20,0
DA:21,0
DA:22,0
DA:23,0
DA:24,0
DA:25,0
DA:28,1
DA:33,1
DA:36,1
DA:49,1
DA:50,1
DA:51,1
DA:52,1
DA:53,1
DA:54,1
DA:55,1
DA:56,1
DA:60,3
DA:61,3
DA:64,1
DA:67,22
DA:68,22
DA:69,22
DA:70,22
DA:71,22
DA:72,22
DA:73,22
DA:74,22
DA:75,22
DA:76,22
DA:77,22
DA:78,22
DA:79,22
DA:82,1
DA:85,3
DA:88,0
DA:91,9
DA:94,0
DA:97,0
DA:100,1
DA:103,41
DA:104,41
DA:105,41
DA:106,41
DA:107,41
DA:108,41
DA:109,41
DA:110,41
DA:111,41
DA:112,41
DA:113,41
DA:114,41
DA:115,41
DA:116,41
DA:117,41
DA:118,41
DA:119,41
DA:120,41
DA:121,41
DA:122,41
DA:123,41
DA:124,41
DA:125,41
DA:126,41
DA:127,41
DA:128,41
DA:129,41
DA:130,41
DA:131,41
DA:132,41
DA:133,41
DA:134,41
DA:135,41
DA:136,41
DA:137,41
DA:138,41
DA:139,41
DA:140,41
DA:141,41
DA:142,41
DA:143,41
DA:144,41
DA:145,41
DA:146,41
DA:147,41
DA:148,41
DA:149,41
DA:150,41
DA:153,0
DA:156,1
DA:157,1
DA:227,12
DA:228,12
DA:229,12
DA:232,1
DA:235,0
DA:236,0
DA:237,0
DA:238,0
DA:241,1
DA:244,16
DA:245,16
DA:246,16
DA:247,16
DA:248,16
DA:249,16
DA:250,16
DA:251,16
DA:252,16
DA:253,16
DA:256,1
DA:259,1
DA:262,9
DA:264,9
DA:265,9
DA:266,18
DA:268,9
DA:271,1
DA:274,633
DA:275,633
DA:276,633
DA:279,170
DA:282,4
DA:283,1
DA:285,3
DA:288,5
DA:289,0
DA:291,5
DA:292,5
DA:294,0
DA:298,7
DA:300,0
DA:301,0
DA:303,0
DA:304,0
DA:306,0
DA:307,0
DA:309,0
DA:310,0
DA:312,7
DA:315,7
DA:316,4
DA:318,7
DA:321,1
DA:324,15
DA:325,15
DA:326,15
DA:329,1
DA:332,27
DA:333,27
DA:336,1
DA:339,1
DA:342,1
DA:343,1
DA:344,1
DA:345,1
DA:346,1
DA:347,1
DA:348,0
DA:350,0
DA:351,0
DA:353,0
DA:354,0
DA:356,0
DA:357,0
DA:362,1
DA:363,1
DA:366,4
DA:367,4
DA:368,4
DA:369,4
DA:370,4
DA:371,4
DA:372,4
DA:373,4
DA:374,4
DA:375,4
DA:376,4
DA:377,4
DA:378,4
DA:379,4
DA:380,4
DA:381,4
DA:382,4
DA:383,4
DA:384,13
DA:386,2
DA:387,2
DA:389,2
DA:390,2
DA:392,2
DA:393,2
DA:395,0
DA:396,0
DA:398,0
DA:399,0
DA:401,2
DA:402,2
DA:404,2
DA:405,2
DA:407,0
DA:408,0
DA:410,0
DA:411,0
DA:413,0
DA:414,0
DA:416,0
DA:417,0
DA:419,2
DA:420,2
DA:422,0
DA:423,0
DA:425,0
DA:426,0
DA:428,0
DA:429,0
DA:434,1
DA:435,1
DA:438,0
DA:439,0
DA:442,1
DA:445,1
DA:446,1
DA:447,1
DA:448,1
DA:449,1
DA:450,1
DA:451,1
DA:452,1
DA:458,1
DA:459,1
DA:460,1
DA:461,1
DA:462,1
DA:463,1
DA:464,1
DA:465,1
DA:466,1
DA:467,1
DA:468,1
DA:469,1
DA:470,1
DA:471,1
DA:472,1
DA:473,1
DA:474,1
DA:475,1
DA:476,1
DA:477,1
DA:478,1
DA:479,1
DA:480,1
LF:266
LH:209
BRDA:11,0,0,1
BRDA:11,0,1,1
BRDA:57,1,0,1
BRDA:57,1,1,1
BRDA:85,2,0,3
BRDA:85,2,1,0
BRDA:153,3,0,0
BRDA:153,3,1,0
BRDA:244,4,0,16
BRDA:244,4,1,8
BRDA:244,4,2,8
BRDA:246,5,0,16
BRDA:246,5,1,8
BRDA:246,5,2,8
BRDA:248,6,0,16
BRDA:248,6,1,8
BRDA:248,6,2,8
BRDA:250,7,0,16
BRDA:250,7,1,0
BRDA:250,7,2,16
BRDA:282,8,0,1
BRDA:282,8,1,3
BRDA:285,9,0,3
BRDA:285,9,1,3
BRDA:288,10,0,0
BRDA:288,10,1,5
BRDA:291,11,0,5
BRDA:291,11,1,0
BRDA:298,12,0,0
BRDA:298,12,1,0
BRDA:298,12,2,0
BRDA:298,12,3,0
BRDA:298,12,4,7
BRDA:315,13,0,4
BRDA:315,13,1,3
BRDA:316,14,0,1
BRDA:316,14,1,3
BRDA:348,15,0,0
BRDA:348,15,1,0
BRDA:348,15,2,0
BRDA:384,16,0,2
BRDA:384,16,1,2
BRDA:384,16,2,2
BRDA:384,16,3,0
BRDA:384,16,4,0
BRDA:384,16,5,2
BRDA:384,16,6,2
BRDA:384,16,7,0
BRDA:384,16,8,0
BRDA:384,16,9,0
BRDA:384,16,10,0
BRDA:384,16,11,2
BRDA:384,16,12,0
BRDA:384,16,13,0
BRDA:384,16,14,0
BRDA:453,17,0,1
BRDA:453,17,1,1
BRDA:481,18,0,1
BRDA:481,18,1,1
BRF:59
BRH:37
end_of_record
TN:
SF:src/environments/environment.no_auth.ts
FNF:0
FNH:0
DA:2,1
DA:3,1
DA:4,1
LF:3
LH:3
BRF:0
BRH:0
end_of_record
