mode: set
github.com/chef/automate/components/automate-cli/pkg/verifyserver/constants/checkconstant.go:19.34,26.2 2 1
github.com/chef/automate/components/automate-cli/pkg/verifyserver/constants/checkconstant.go:28.33,42.2 2 1
github.com/chef/automate/components/automate-cli/pkg/verifyserver/services/batchcheckservice/batchcheckservice.go:18.76,22.2 1 1
github.com/chef/automate/components/automate-cli/pkg/verifyserver/services/batchcheckservice/batchcheckservice.go:24.106,29.28 4 1
github.com/chef/automate/components/automate-cli/pkg/verifyserver/services/batchcheckservice/batchcheckservice.go:43.2,43.27 1 1
github.com/chef/automate/components/automate-cli/pkg/verifyserver/services/batchcheckservice/batchcheckservice.go:49.2,49.97 1 1
github.com/chef/automate/components/automate-cli/pkg/verifyserver/services/batchcheckservice/batchcheckservice.go:29.28,31.39 2 1
github.com/chef/automate/components/automate-cli/pkg/verifyserver/services/batchcheckservice/batchcheckservice.go:34.3,34.43 1 1
github.com/chef/automate/components/automate-cli/pkg/verifyserver/services/batchcheckservice/batchcheckservice.go:41.3,41.38 1 1
github.com/chef/automate/components/automate-cli/pkg/verifyserver/services/batchcheckservice/batchcheckservice.go:31.39,33.4 1 1
github.com/chef/automate/components/automate-cli/pkg/verifyserver/services/batchcheckservice/batchcheckservice.go:34.43,36.23 2 1
github.com/chef/automate/components/automate-cli/pkg/verifyserver/services/batchcheckservice/batchcheckservice.go:36.23,38.5 1 1
github.com/chef/automate/components/automate-cli/pkg/verifyserver/services/batchcheckservice/batchcheckservice.go:43.27,44.38 1 1
github.com/chef/automate/components/automate-cli/pkg/verifyserver/services/batchcheckservice/batchcheckservice.go:44.38,47.4 2 1
github.com/chef/automate/components/automate-cli/pkg/verifyserver/services/batchcheckservice/batchcheckservice.go:52.66,54.2 1 1
github.com/chef/automate/components/automate-cli/pkg/verifyserver/services/batchcheckservice/batchcheckservice.go:56.129,58.25 2 1
github.com/chef/automate/components/automate-cli/pkg/verifyserver/services/batchcheckservice/batchcheckservice.go:61.2,61.20 1 1
github.com/chef/automate/components/automate-cli/pkg/verifyserver/services/batchcheckservice/batchcheckservice.go:58.25,60.3 1 1
github.com/chef/automate/components/automate-cli/pkg/verifyserver/services/batchcheckservice/batchcheckservice.go:65.111,67.2 1 1
github.com/chef/automate/components/automate-cli/pkg/verifyserver/services/batchcheckservice/batchcheckservice.go:69.76,70.15 1 1
github.com/chef/automate/components/automate-cli/pkg/verifyserver/services/batchcheckservice/batchcheckservice.go:71.41,72.52 1 1
github.com/chef/automate/components/automate-cli/pkg/verifyserver/services/batchcheckservice/batchcheckservice.go:73.29,74.42 1 1
github.com/chef/automate/components/automate-cli/pkg/verifyserver/services/batchcheckservice/batchcheckservice.go:75.26,76.44 1 1
github.com/chef/automate/components/automate-cli/pkg/verifyserver/services/batchcheckservice/batchcheckservice.go:77.34,78.45 1 1
github.com/chef/automate/components/automate-cli/pkg/verifyserver/services/batchcheckservice/batchcheckservice.go:79.35,80.46 1 1
github.com/chef/automate/components/automate-cli/pkg/verifyserver/services/batchcheckservice/batchcheckservice.go:81.29,82.41 1 1
github.com/chef/automate/components/automate-cli/pkg/verifyserver/services/batchcheckservice/batchcheckservice.go:83.34,84.45 1 1
github.com/chef/automate/components/automate-cli/pkg/verifyserver/services/batchcheckservice/batchcheckservice.go:85.22,86.35 1 1
github.com/chef/automate/components/automate-cli/pkg/verifyserver/services/batchcheckservice/batchcheckservice.go:87.26,88.39 1 1
github.com/chef/automate/components/automate-cli/pkg/verifyserver/services/batchcheckservice/batchcheckservice.go:89.37,90.49 1 1
github.com/chef/automate/components/automate-cli/pkg/verifyserver/services/batchcheckservice/batchcheckservice.go:91.49,92.55 1 1
github.com/chef/automate/components/automate-cli/pkg/verifyserver/services/batchcheckservice/batchcheckservice.go:93.37,94.47 1 1
github.com/chef/automate/components/automate-cli/pkg/verifyserver/services/batchcheckservice/batchcheckservice.go:95.35,96.46 1 1
github.com/chef/automate/components/automate-cli/pkg/verifyserver/services/batchcheckservice/batchcheckservice.go:97.10,98.13 1 0
github.com/chef/automate/components/automate-cli/pkg/verifyserver/services/batchcheckservice/batchcheckservice.go:102.139,106.61 2 1
github.com/chef/automate/components/automate-cli/pkg/verifyserver/services/batchcheckservice/batchcheckservice.go:124.2,124.26 1 1
github.com/chef/automate/components/automate-cli/pkg/verifyserver/services/batchcheckservice/batchcheckservice.go:135.2,137.26 3 1
github.com/chef/automate/components/automate-cli/pkg/verifyserver/services/batchcheckservice/batchcheckservice.go:147.2,150.3 1 1
github.com/chef/automate/components/automate-cli/pkg/verifyserver/services/batchcheckservice/batchcheckservice.go:106.61,107.48 1 1
github.com/chef/automate/components/automate-cli/pkg/verifyserver/services/batchcheckservice/batchcheckservice.go:107.48,113.10 6 1
github.com/chef/automate/components/automate-cli/pkg/verifyserver/services/batchcheckservice/batchcheckservice.go:113.10,115.5 1 1
github.com/chef/automate/components/automate-cli/pkg/verifyserver/services/batchcheckservice/batchcheckservice.go:115.10,118.5 2 1
github.com/chef/automate/components/automate-cli/pkg/verifyserver/services/batchcheckservice/batchcheckservice.go:124.26,126.31 2 1
github.com/chef/automate/components/automate-cli/pkg/verifyserver/services/batchcheckservice/batchcheckservice.go:131.3,131.17 1 1
github.com/chef/automate/components/automate-cli/pkg/verifyserver/services/batchcheckservice/batchcheckservice.go:126.31,127.28 1 1
github.com/chef/automate/components/automate-cli/pkg/verifyserver/services/batchcheckservice/batchcheckservice.go:127.28,129.5 1 1
github.com/chef/automate/components/automate-cli/pkg/verifyserver/services/batchcheckservice/batchcheckservice.go:137.26,141.33 4 1
github.com/chef/automate/components/automate-cli/pkg/verifyserver/services/batchcheckservice/batchcheckservice.go:144.3,145.32 2 1
github.com/chef/automate/components/automate-cli/pkg/verifyserver/services/batchcheckservice/batchcheckservice.go:141.33,143.4 1 1
github.com/chef/automate/components/automate-cli/pkg/verifyserver/services/batchcheckservice/batchcheckservicemock.go:13.111,15.2 1 0
github.com/chef/automate/components/automate-cli/pkg/verifyserver/services/batchcheckservice/batchcheckservicemock.go:21.100,23.2 1 1
github.com/chef/automate/components/automate-cli/pkg/verifyserver/services/batchcheckservice/batchcheckservicemock.go:25.93,27.92 1 1
github.com/chef/automate/components/automate-cli/pkg/verifyserver/services/batchcheckservice/batchcheckservicemock.go:27.92,29.4 1 1
github.com/chef/automate/components/automate-cli/pkg/verifyserver/services/batchcheckservice/batchcheckservicemock.go:37.92,39.2 1 1
github.com/chef/automate/components/automate-cli/pkg/verifyserver/services/batchcheckservice/batchcheckservicemock.go:41.85,43.84 1 1
github.com/chef/automate/components/automate-cli/pkg/verifyserver/services/batchcheckservice/batchcheckservicemock.go:43.84,45.4 1 1
github.com/chef/automate/components/automate-cli/pkg/verifyserver/services/batchcheckservice/batchcheckservicemock.go:53.90,55.2 1 1
github.com/chef/automate/components/automate-cli/pkg/verifyserver/services/batchcheckservice/batchcheckservicemock.go:57.49,59.82 1 1
github.com/chef/automate/components/automate-cli/pkg/verifyserver/services/batchcheckservice/batchcheckservicemock.go:59.82,99.4 2 1
github.com/chef/automate/components/automate-cli/pkg/verifyserver/services/batchcheckservice/batchcheckservicemock.go:107.97,109.2 1 1
github.com/chef/automate/components/automate-cli/pkg/verifyserver/services/batchcheckservice/batchcheckservicemock.go:111.90,113.89 1 1
github.com/chef/automate/components/automate-cli/pkg/verifyserver/services/batchcheckservice/batchcheckservicemock.go:113.89,115.4 1 1
github.com/chef/automate/components/automate-cli/pkg/verifyserver/services/batchcheckservice/batchcheckservicemock.go:123.95,125.2 1 1
github.com/chef/automate/components/automate-cli/pkg/verifyserver/services/batchcheckservice/batchcheckservicemock.go:127.88,129.87 1 1
github.com/chef/automate/components/automate-cli/pkg/verifyserver/services/batchcheckservice/batchcheckservicemock.go:129.87,131.4 1 1
github.com/chef/automate/components/automate-cli/pkg/verifyserver/services/batchcheckservice/batchcheckservicemock.go:139.87,141.2 1 1
github.com/chef/automate/components/automate-cli/pkg/verifyserver/services/batchcheckservice/batchcheckservicemock.go:143.46,145.79 1 1
github.com/chef/automate/components/automate-cli/pkg/verifyserver/services/batchcheckservice/batchcheckservicemock.go:145.79,148.4 2 1
github.com/chef/automate/components/automate-cli/pkg/verifyserver/services/batchcheckservice/batchcheckservicemock.go:156.83,158.2 1 1
github.com/chef/automate/components/automate-cli/pkg/verifyserver/services/batchcheckservice/batchcheckservicemock.go:160.42,162.75 1 1
github.com/chef/automate/components/automate-cli/pkg/verifyserver/services/batchcheckservice/batchcheckservicemock.go:162.75,165.4 2 1
github.com/chef/automate/components/automate-cli/pkg/verifyserver/services/batchcheckservice/batchcheckservicemock.go:173.94,175.2 1 1
github.com/chef/automate/components/automate-cli/pkg/verifyserver/services/batchcheckservice/batchcheckservicemock.go:177.53,179.86 1 1
github.com/chef/automate/components/automate-cli/pkg/verifyserver/services/batchcheckservice/batchcheckservicemock.go:179.86,182.4 2 1
github.com/chef/automate/components/automate-cli/pkg/verifyserver/services/batchcheckservice/batchcheckservicemock.go:190.103,192.2 1 1
github.com/chef/automate/components/automate-cli/pkg/verifyserver/services/batchcheckservice/batchcheckservicemock.go:194.62,196.95 1 1
github.com/chef/automate/components/automate-cli/pkg/verifyserver/services/batchcheckservice/batchcheckservicemock.go:196.95,199.4 2 1
github.com/chef/automate/components/automate-cli/pkg/verifyserver/services/batchcheckservice/batchcheckservicemock.go:207.93,209.2 1 1
github.com/chef/automate/components/automate-cli/pkg/verifyserver/services/batchcheckservice/batchcheckservicemock.go:211.52,213.85 1 1
github.com/chef/automate/components/automate-cli/pkg/verifyserver/services/batchcheckservice/batchcheckservicemock.go:213.85,216.4 2 1
github.com/chef/automate/components/automate-cli/pkg/verifyserver/services/batchcheckservice/batchcheckservicemock.go:224.94,226.2 1 1
github.com/chef/automate/components/automate-cli/pkg/verifyserver/services/batchcheckservice/batchcheckservicemock.go:228.53,230.86 1 1
github.com/chef/automate/components/automate-cli/pkg/verifyserver/services/batchcheckservice/batchcheckservicemock.go:230.86,233.4 2 1
github.com/chef/automate/components/automate-cli/pkg/verifyserver/services/batchcheckservice/batchcheckservicemock.go:241.93,243.2 1 1
github.com/chef/automate/components/automate-cli/pkg/verifyserver/services/batchcheckservice/batchcheckservicemock.go:245.52,247.85 1 1
github.com/chef/automate/components/automate-cli/pkg/verifyserver/services/batchcheckservice/batchcheckservicemock.go:247.85,250.4 2 1
github.com/chef/automate/components/automate-cli/pkg/verifyserver/services/batchcheckservice/batchcheckservicemock.go:258.89,260.2 1 1
github.com/chef/automate/components/automate-cli/pkg/verifyserver/services/batchcheckservice/batchcheckservicemock.go:262.48,264.81 1 1
github.com/chef/automate/components/automate-cli/pkg/verifyserver/services/batchcheckservice/batchcheckservicemock.go:264.81,267.4 2 1
github.com/chef/automate/components/automate-cli/pkg/verifyserver/services/batchcheckservice/trigger/hardwareresourcechecktrigger/hardwareresourcecountchecktrigger.go:23.96,29.2 1 1
github.com/chef/automate/components/automate-cli/pkg/verifyserver/services/batchcheckservice/trigger/hardwareresourcechecktrigger/hardwareresourcecountchecktrigger.go:31.95,40.16 4 1
github.com/chef/automate/components/automate-cli/pkg/verifyserver/services/batchcheckservice/trigger/hardwareresourcechecktrigger/hardwareresourcecountchecktrigger.go:56.2,56.37 1 1
github.com/chef/automate/components/automate-cli/pkg/verifyserver/services/batchcheckservice/trigger/hardwareresourcechecktrigger/hardwareresourcecountchecktrigger.go:76.2,76.20 1 1
github.com/chef/automate/components/automate-cli/pkg/verifyserver/services/batchcheckservice/trigger/hardwareresourcechecktrigger/hardwareresourcecountchecktrigger.go:40.16,41.54 1 1
github.com/chef/automate/components/automate-cli/pkg/verifyserver/services/batchcheckservice/trigger/hardwareresourcechecktrigger/hardwareresourcecountchecktrigger.go:44.3,44.61 1 1
github.com/chef/automate/components/automate-cli/pkg/verifyserver/services/batchcheckservice/trigger/hardwareresourcechecktrigger/hardwareresourcecountchecktrigger.go:47.3,47.56 1 1
github.com/chef/automate/components/automate-cli/pkg/verifyserver/services/batchcheckservice/trigger/hardwareresourcechecktrigger/hardwareresourcecountchecktrigger.go:50.3,50.56 1 1
github.com/chef/automate/components/automate-cli/pkg/verifyserver/services/batchcheckservice/trigger/hardwareresourcechecktrigger/hardwareresourcecountchecktrigger.go:53.3,53.21 1 1
github.com/chef/automate/components/automate-cli/pkg/verifyserver/services/batchcheckservice/trigger/hardwareresourcechecktrigger/hardwareresourcecountchecktrigger.go:41.54,43.4 1 1
github.com/chef/automate/components/automate-cli/pkg/verifyserver/services/batchcheckservice/trigger/hardwareresourcechecktrigger/hardwareresourcecountchecktrigger.go:44.61,46.4 1 1
github.com/chef/automate/components/automate-cli/pkg/verifyserver/services/batchcheckservice/trigger/hardwareresourcechecktrigger/hardwareresourcecountchecktrigger.go:47.56,49.4 1 1
github.com/chef/automate/components/automate-cli/pkg/verifyserver/services/batchcheckservice/trigger/hardwareresourcechecktrigger/hardwareresourcecountchecktrigger.go:50.56,52.4 1 1
github.com/chef/automate/components/automate-cli/pkg/verifyserver/services/batchcheckservice/trigger/hardwareresourcechecktrigger/hardwareresourcecountchecktrigger.go:56.37,58.39 2 1
github.com/chef/automate/components/automate-cli/pkg/verifyserver/services/batchcheckservice/trigger/hardwareresourcechecktrigger/hardwareresourcecountchecktrigger.go:63.3,74.6 1 1
github.com/chef/automate/components/automate-cli/pkg/verifyserver/services/batchcheckservice/trigger/hardwareresourcechecktrigger/hardwareresourcecountchecktrigger.go:58.39,59.21 1 1
github.com/chef/automate/components/automate-cli/pkg/verifyserver/services/batchcheckservice/trigger/hardwareresourcechecktrigger/hardwareresourcecountchecktrigger.go:59.21,61.5 1 1
github.com/chef/automate/components/automate-cli/pkg/verifyserver/services/batchcheckservice/trigger/hardwareresourcechecktrigger/hardwareresourcecountchecktrigger.go:81.48,84.16 3 1
github.com/chef/automate/components/automate-cli/pkg/verifyserver/services/batchcheckservice/trigger/hardwareresourcechecktrigger/hardwareresourcecountchecktrigger.go:88.2,89.16 2 1
github.com/chef/automate/components/automate-cli/pkg/verifyserver/services/batchcheckservice/trigger/hardwareresourcechecktrigger/hardwareresourcecountchecktrigger.go:93.2,95.16 3 1
github.com/chef/automate/components/automate-cli/pkg/verifyserver/services/batchcheckservice/trigger/hardwareresourcechecktrigger/hardwareresourcecountchecktrigger.go:99.2,99.23 1 1
github.com/chef/automate/components/automate-cli/pkg/verifyserver/services/batchcheckservice/trigger/hardwareresourcechecktrigger/hardwareresourcecountchecktrigger.go:84.16,87.3 2 1
github.com/chef/automate/components/automate-cli/pkg/verifyserver/services/batchcheckservice/trigger/hardwareresourcechecktrigger/hardwareresourcecountchecktrigger.go:89.16,92.3 2 0
github.com/chef/automate/components/automate-cli/pkg/verifyserver/services/batchcheckservice/trigger/hardwareresourcechecktrigger/hardwareresourcecountchecktrigger.go:95.16,98.3 2 1
github.com/chef/automate/components/automate-cli/pkg/verifyserver/services/batchcheckservice/trigger/hardwareresourcechecktrigger/hardwareresourcecountchecktrigger.go:102.143,114.2 2 1
github.com/chef/automate/components/automate-cli/pkg/verifyserver/services/batchcheckservice/trigger/systemresourcechecktrigger/systemresourceschecktrigger.go:15.82,20.2 1 1
github.com/chef/automate/components/automate-cli/pkg/verifyserver/services/batchcheckservice/trigger/systemresourcechecktrigger/systemresourceschecktrigger.go:22.89,24.2 1 1
github.com/chef/automate/components/automate-cli/pkg/verifyserver/services/batchcheckservice/trigger/softwareversionchecktrigger/softwareversionchecktrigger.go:15.84,20.2 1 1
github.com/chef/automate/components/automate-cli/pkg/verifyserver/services/batchcheckservice/trigger/softwareversionchecktrigger/softwareversionchecktrigger.go:22.90,24.2 1 1
github.com/chef/automate/components/automate-cli/pkg/verifyserver/services/batchcheckservice/trigger/systemuserchecktrigger/systemuserchecktrigger.go:15.74,20.2 1 1
github.com/chef/automate/components/automate-cli/pkg/verifyserver/services/batchcheckservice/trigger/systemuserchecktrigger/systemuserchecktrigger.go:22.85,24.2 1 1
github.com/chef/automate/components/automate-cli/pkg/verifyserver/services/statusservice/mockstatusservice.go:9.79,11.2 1 0
github.com/chef/automate/components/automate-cli/pkg/verifyserver/services/statusservice/statusservice.go:22.111,27.2 1 1
github.com/chef/automate/components/automate-cli/pkg/verifyserver/services/statusservice/statusservice.go:29.74,31.16 2 1
github.com/chef/automate/components/automate-cli/pkg/verifyserver/services/statusservice/statusservice.go:35.2,36.16 2 1
github.com/chef/automate/components/automate-cli/pkg/verifyserver/services/statusservice/statusservice.go:40.2,40.39 1 1
github.com/chef/automate/components/automate-cli/pkg/verifyserver/services/statusservice/statusservice.go:46.2,46.25 1 1
github.com/chef/automate/components/automate-cli/pkg/verifyserver/services/statusservice/statusservice.go:31.16,33.3 1 1
github.com/chef/automate/components/automate-cli/pkg/verifyserver/services/statusservice/statusservice.go:36.16,38.3 1 1
github.com/chef/automate/components/automate-cli/pkg/verifyserver/services/statusservice/statusservice.go:40.39,41.74 1 1
github.com/chef/automate/components/automate-cli/pkg/verifyserver/services/statusservice/statusservice.go:41.74,43.4 1 1
github.com/chef/automate/components/automate-cli/pkg/verifyserver/services/statusservice/statusservice.go:50.90,53.16 3 1
github.com/chef/automate/components/automate-cli/pkg/verifyserver/services/statusservice/statusservice.go:57.2,57.45 1 1
github.com/chef/automate/components/automate-cli/pkg/verifyserver/services/statusservice/statusservice.go:53.16,56.3 2 1
github.com/chef/automate/components/automate-cli/pkg/verifyserver/services/statusservice/statusservice.go:62.93,66.22 3 1
github.com/chef/automate/components/automate-cli/pkg/verifyserver/services/statusservice/statusservice.go:70.2,71.29 2 1
github.com/chef/automate/components/automate-cli/pkg/verifyserver/services/statusservice/statusservice.go:92.2,92.23 1 1
github.com/chef/automate/components/automate-cli/pkg/verifyserver/services/statusservice/statusservice.go:66.22,68.3 1 1
github.com/chef/automate/components/automate-cli/pkg/verifyserver/services/statusservice/statusservice.go:71.29,72.27 1 1
github.com/chef/automate/components/automate-cli/pkg/verifyserver/services/statusservice/statusservice.go:75.3,77.24 3 1
github.com/chef/automate/components/automate-cli/pkg/verifyserver/services/statusservice/statusservice.go:72.27,73.12 1 1
github.com/chef/automate/components/automate-cli/pkg/verifyserver/services/statusservice/statusservice.go:77.24,80.30 3 1
github.com/chef/automate/components/automate-cli/pkg/verifyserver/services/statusservice/statusservice.go:85.4,89.6 1 1
github.com/chef/automate/components/automate-cli/pkg/verifyserver/services/statusservice/statusservice.go:80.30,82.5 1 1
github.com/chef/automate/components/automate-cli/pkg/verifyserver/services/statusservice/statusservice.go:82.10,82.39 1 1
github.com/chef/automate/components/automate-cli/pkg/verifyserver/services/statusservice/statusservice.go:82.39,84.5 1 1
github.com/chef/automate/components/automate-cli/pkg/verifyserver/services/statusservice/statusservice.go:96.101,99.93 3 1
github.com/chef/automate/components/automate-cli/pkg/verifyserver/services/statusservice/statusservice.go:107.2,107.51 1 1
github.com/chef/automate/components/automate-cli/pkg/verifyserver/services/statusservice/statusservice.go:99.93,102.39 2 1
github.com/chef/automate/components/automate-cli/pkg/verifyserver/services/statusservice/statusservice.go:105.3,105.114 1 1
github.com/chef/automate/components/automate-cli/pkg/verifyserver/services/statusservice/statusservice.go:102.39,104.4 1 1
github.com/chef/automate/components/automate-cli/pkg/verifyserver/services/statusservice/statusservice.go:112.108,116.22 3 1
github.com/chef/automate/components/automate-cli/pkg/verifyserver/services/statusservice/statusservice.go:120.2,121.29 2 1
github.com/chef/automate/components/automate-cli/pkg/verifyserver/services/statusservice/statusservice.go:135.2,135.23 1 1
github.com/chef/automate/components/automate-cli/pkg/verifyserver/services/statusservice/statusservice.go:116.22,118.3 1 1
github.com/chef/automate/components/automate-cli/pkg/verifyserver/services/statusservice/statusservice.go:121.29,122.27 1 1
github.com/chef/automate/components/automate-cli/pkg/verifyserver/services/statusservice/statusservice.go:125.3,127.24 3 1
github.com/chef/automate/components/automate-cli/pkg/verifyserver/services/statusservice/statusservice.go:122.27,123.12 1 1
github.com/chef/automate/components/automate-cli/pkg/verifyserver/services/statusservice/statusservice.go:127.24,133.4 1 1
github.com/chef/automate/components/automate-cli/pkg/verifyserver/services/statusservice/statusservice.go:139.60,141.2 1 1
github.com/chef/automate/components/automate-cli/pkg/verifyserver/services/batchcheckservice/trigger/opensearchs3bucketaccesschecktrigger.go:7.72,9.2 1 0
github.com/chef/automate/components/automate-cli/pkg/verifyserver/services/batchcheckservice/trigger/opensearchs3bucketaccesschecktrigger.go:11.99,16.2 2 0
github.com/chef/automate/components/automate-cli/pkg/verifyserver/services/batchcheckservice/trigger/s3backupconfigchecktrigger.go:7.52,9.2 1 0
github.com/chef/automate/components/automate-cli/pkg/verifyserver/services/batchcheckservice/trigger/s3backupconfigchecktrigger.go:11.89,16.2 2 0
github.com/chef/automate/components/automate-cli/pkg/verifyserver/services/batchcheckservice/trigger/triggerapi.go:16.129,26.107 4 1
github.com/chef/automate/components/automate-cli/pkg/verifyserver/services/batchcheckservice/trigger/triggerapi.go:32.2,32.53 1 1
github.com/chef/automate/components/automate-cli/pkg/verifyserver/services/batchcheckservice/trigger/triggerapi.go:36.2,36.60 1 1
github.com/chef/automate/components/automate-cli/pkg/verifyserver/services/batchcheckservice/trigger/triggerapi.go:40.2,40.55 1 1
github.com/chef/automate/components/automate-cli/pkg/verifyserver/services/batchcheckservice/trigger/triggerapi.go:44.2,44.55 1 1
github.com/chef/automate/components/automate-cli/pkg/verifyserver/services/batchcheckservice/trigger/triggerapi.go:49.2,49.29 1 1
github.com/chef/automate/components/automate-cli/pkg/verifyserver/services/batchcheckservice/trigger/triggerapi.go:56.2,56.15 1 1
github.com/chef/automate/components/automate-cli/pkg/verifyserver/services/batchcheckservice/trigger/triggerapi.go:26.107,30.3 3 1
github.com/chef/automate/components/automate-cli/pkg/verifyserver/services/batchcheckservice/trigger/triggerapi.go:32.53,35.3 2 1
github.com/chef/automate/components/automate-cli/pkg/verifyserver/services/batchcheckservice/trigger/triggerapi.go:36.60,39.3 2 1
github.com/chef/automate/components/automate-cli/pkg/verifyserver/services/batchcheckservice/trigger/triggerapi.go:40.55,43.3 2 1
github.com/chef/automate/components/automate-cli/pkg/verifyserver/services/batchcheckservice/trigger/triggerapi.go:44.55,47.3 2 1
github.com/chef/automate/components/automate-cli/pkg/verifyserver/services/batchcheckservice/trigger/triggerapi.go:49.29,50.10 1 1
github.com/chef/automate/components/automate-cli/pkg/verifyserver/services/batchcheckservice/trigger/triggerapi.go:51.26,52.32 1 1
github.com/chef/automate/components/automate-cli/pkg/verifyserver/services/batchcheckservice/trigger/triggerapi.go:59.72,61.55 2 1
github.com/chef/automate/components/automate-cli/pkg/verifyserver/services/batchcheckservice/trigger/triggerapi.go:71.2,71.17 1 1
github.com/chef/automate/components/automate-cli/pkg/verifyserver/services/batchcheckservice/trigger/triggerapi.go:61.55,64.3 1 1
github.com/chef/automate/components/automate-cli/pkg/verifyserver/services/batchcheckservice/trigger/triggerapi.go:64.8,64.61 1 1
github.com/chef/automate/components/automate-cli/pkg/verifyserver/services/batchcheckservice/trigger/triggerapi.go:64.61,67.3 1 1
github.com/chef/automate/components/automate-cli/pkg/verifyserver/services/batchcheckservice/trigger/triggerapi.go:67.8,67.57 1 1
github.com/chef/automate/components/automate-cli/pkg/verifyserver/services/batchcheckservice/trigger/triggerapi.go:67.57,69.3 1 1
github.com/chef/automate/components/automate-cli/pkg/verifyserver/services/batchcheckservice/trigger/triggerapi.go:74.98,78.16 3 1
github.com/chef/automate/components/automate-cli/pkg/verifyserver/services/batchcheckservice/trigger/triggerapi.go:90.2,95.16 3 1
github.com/chef/automate/components/automate-cli/pkg/verifyserver/services/batchcheckservice/trigger/triggerapi.go:107.2,109.38 2 1
github.com/chef/automate/components/automate-cli/pkg/verifyserver/services/batchcheckservice/trigger/triggerapi.go:121.2,121.64 1 1
github.com/chef/automate/components/automate-cli/pkg/verifyserver/services/batchcheckservice/trigger/triggerapi.go:133.2,135.15 3 1
github.com/chef/automate/components/automate-cli/pkg/verifyserver/services/batchcheckservice/trigger/triggerapi.go:78.16,88.3 2 0
github.com/chef/automate/components/automate-cli/pkg/verifyserver/services/batchcheckservice/trigger/triggerapi.go:95.16,105.3 2 1
github.com/chef/automate/components/automate-cli/pkg/verifyserver/services/batchcheckservice/trigger/triggerapi.go:109.38,119.3 2 1
github.com/chef/automate/components/automate-cli/pkg/verifyserver/services/batchcheckservice/trigger/triggerapi.go:121.64,131.3 2 1
github.com/chef/automate/components/automate-cli/pkg/verifyserver/services/batchcheckservice/trigger/certificatechecktrigger.go:8.46,10.2 1 0
github.com/chef/automate/components/automate-cli/pkg/verifyserver/services/batchcheckservice/trigger/certificatechecktrigger.go:12.85,17.2 2 0
github.com/chef/automate/components/automate-cli/pkg/verifyserver/services/batchcheckservice/trigger/externalpostgreschecktrigger.go:7.56,9.2 1 0
github.com/chef/automate/components/automate-cli/pkg/verifyserver/services/batchcheckservice/trigger/externalpostgreschecktrigger.go:11.91,16.2 2 0
github.com/chef/automate/components/automate-cli/pkg/verifyserver/services/batchcheckservice/trigger/firewallchecktrigger.go:7.40,9.2 1 0
github.com/chef/automate/components/automate-cli/pkg/verifyserver/services/batchcheckservice/trigger/firewallchecktrigger.go:11.82,16.2 2 0
github.com/chef/automate/components/automate-cli/pkg/verifyserver/services/batchcheckservice/trigger/fqdnchecktrigger.go:7.32,9.2 1 0
github.com/chef/automate/components/automate-cli/pkg/verifyserver/services/batchcheckservice/trigger/fqdnchecktrigger.go:11.79,16.2 2 0
github.com/chef/automate/components/automate-cli/pkg/verifyserver/services/batchcheckservice/trigger/checktrigger.go:26.109,42.2 1 0
github.com/chef/automate/components/automate-cli/pkg/verifyserver/services/batchcheckservice/trigger/externalopensearchchecktrigger.go:7.60,9.2 1 0
github.com/chef/automate/components/automate-cli/pkg/verifyserver/services/batchcheckservice/trigger/externalopensearchchecktrigger.go:11.94,16.2 2 0
github.com/chef/automate/components/automate-cli/pkg/verifyserver/services/batchcheckservice/trigger/nfsbackupconfigcheck.go:7.54,9.2 1 0
github.com/chef/automate/components/automate-cli/pkg/verifyserver/services/batchcheckservice/trigger/nfsbackupconfigcheck.go:11.90,16.2 2 0
github.com/chef/automate/components/automate-cli/pkg/verifyserver/services/batchcheckservice/trigger/sshuseraccesschecktrigger.go:8.50,10.2 1 0
github.com/chef/automate/components/automate-cli/pkg/verifyserver/services/batchcheckservice/trigger/sshuseraccesschecktrigger.go:12.88,17.2 2 0
github.com/chef/automate/components/automate-cli/pkg/verifyserver/server/api/v1/nfsmount.go:11.42,13.47 2 1
github.com/chef/automate/components/automate-cli/pkg/verifyserver/server/api/v1/nfsmount.go:18.2,18.161 1 1
github.com/chef/automate/components/automate-cli/pkg/verifyserver/server/api/v1/nfsmount.go:23.2,23.33 1 1
github.com/chef/automate/components/automate-cli/pkg/verifyserver/server/api/v1/nfsmount.go:27.2,30.56 3 1
github.com/chef/automate/components/automate-cli/pkg/verifyserver/server/api/v1/nfsmount.go:13.47,17.3 3 1
github.com/chef/automate/components/automate-cli/pkg/verifyserver/server/api/v1/nfsmount.go:18.161,21.3 2 1
github.com/chef/automate/components/automate-cli/pkg/verifyserver/server/api/v1/nfsmount.go:23.33,26.3 2 1
github.com/chef/automate/components/automate-cli/pkg/verifyserver/server/api/v1/startMockServer.go:12.49,18.16 3 1
github.com/chef/automate/components/automate-cli/pkg/verifyserver/server/api/v1/startMockServer.go:26.2,27.16 2 1
github.com/chef/automate/components/automate-cli/pkg/verifyserver/server/api/v1/startMockServer.go:34.2,34.65 1 1
github.com/chef/automate/components/automate-cli/pkg/verifyserver/server/api/v1/startMockServer.go:40.2,42.16 2 1
github.com/chef/automate/components/automate-cli/pkg/verifyserver/server/api/v1/startMockServer.go:18.16,23.3 4 1
github.com/chef/automate/components/automate-cli/pkg/verifyserver/server/api/v1/startMockServer.go:27.16,31.3 3 1
github.com/chef/automate/components/automate-cli/pkg/verifyserver/server/api/v1/startMockServer.go:34.65,38.3 3 1
github.com/chef/automate/components/automate-cli/pkg/verifyserver/server/api/v1/startMockServer.go:42.16,47.3 4 1
github.com/chef/automate/components/automate-cli/pkg/verifyserver/server/api/v1/startMockServer.go:50.63,51.52 1 1
github.com/chef/automate/components/automate-cli/pkg/verifyserver/server/api/v1/startMockServer.go:56.2,56.12 1 1
github.com/chef/automate/components/automate-cli/pkg/verifyserver/server/api/v1/startMockServer.go:51.52,55.3 3 1
github.com/chef/automate/components/automate-cli/pkg/verifyserver/server/api/v1/startMockServer.go:59.59,61.58 2 1
github.com/chef/automate/components/automate-cli/pkg/verifyserver/server/api/v1/startMockServer.go:67.2,67.12 1 1
github.com/chef/automate/components/automate-cli/pkg/verifyserver/server/api/v1/startMockServer.go:61.58,62.21 1 1
github.com/chef/automate/components/automate-cli/pkg/verifyserver/server/api/v1/startMockServer.go:62.21,65.4 2 1
github.com/chef/automate/components/automate-cli/pkg/verifyserver/server/api/v1/status.go:10.43,12.16 2 1
github.com/chef/automate/components/automate-cli/pkg/verifyserver/server/api/v1/status.go:16.2,19.5 1 1
github.com/chef/automate/components/automate-cli/pkg/verifyserver/server/api/v1/status.go:12.16,15.3 2 1
github.com/chef/automate/components/automate-cli/pkg/verifyserver/server/api/v1/batchcheck.go:15.44,17.42 2 1
github.com/chef/automate/components/automate-cli/pkg/verifyserver/server/api/v1/batchcheck.go:23.2,24.16 2 1
github.com/chef/automate/components/automate-cli/pkg/verifyserver/server/api/v1/batchcheck.go:29.2,30.75 2 1
github.com/chef/automate/components/automate-cli/pkg/verifyserver/server/api/v1/batchcheck.go:17.42,22.3 4 1
github.com/chef/automate/components/automate-cli/pkg/verifyserver/server/api/v1/batchcheck.go:24.16,27.3 2 1
github.com/chef/automate/components/automate-cli/pkg/verifyserver/server/api/v1/batchcheck.go:33.44,34.22 1 1
github.com/chef/automate/components/automate-cli/pkg/verifyserver/server/api/v1/batchcheck.go:38.2,40.19 3 1
github.com/chef/automate/components/automate-cli/pkg/verifyserver/server/api/v1/batchcheck.go:44.2,44.12 1 1
github.com/chef/automate/components/automate-cli/pkg/verifyserver/server/api/v1/batchcheck.go:34.22,37.3 2 1
github.com/chef/automate/components/automate-cli/pkg/verifyserver/server/api/v1/batchcheck.go:40.19,43.3 2 1
github.com/chef/automate/components/automate-cli/pkg/verifyserver/server/api/v1/fqdn.go:7.44,7.45 0 0
github.com/chef/automate/components/automate-cli/pkg/verifyserver/server/api/v1/handler.go:19.48,21.2 1 1
github.com/chef/automate/components/automate-cli/pkg/verifyserver/server/api/v1/handler.go:23.78,26.2 2 1
github.com/chef/automate/components/automate-cli/pkg/verifyserver/server/api/v1/handler.go:28.103,31.2 2 1
github.com/chef/automate/components/automate-cli/pkg/verifyserver/server/api/v1/handler.go:33.90,36.2 2 1
github.com/chef/automate/components/automate-cli/pkg/verifyserver/server/api/v1/handler.go:38.79,41.2 2 1
github.com/chef/automate/components/automate-cli/pkg/verifyserver/utils/httputils/httputil.go:14.94,16.17 2 1
github.com/chef/automate/components/automate-cli/pkg/verifyserver/utils/httputils/httputil.go:23.2,24.16 2 1
github.com/chef/automate/components/automate-cli/pkg/verifyserver/utils/httputils/httputil.go:27.2,31.16 4 1
github.com/chef/automate/components/automate-cli/pkg/verifyserver/utils/httputils/httputil.go:34.2,34.42 1 1
github.com/chef/automate/components/automate-cli/pkg/verifyserver/utils/httputils/httputil.go:37.2,37.18 1 1
github.com/chef/automate/components/automate-cli/pkg/verifyserver/utils/httputils/httputil.go:16.17,18.17 2 1
github.com/chef/automate/components/automate-cli/pkg/verifyserver/utils/httputils/httputil.go:21.3,21.40 1 1
github.com/chef/automate/components/automate-cli/pkg/verifyserver/utils/httputils/httputil.go:18.17,20.4 1 0
github.com/chef/automate/components/automate-cli/pkg/verifyserver/utils/httputils/httputil.go:24.16,26.3 1 0
github.com/chef/automate/components/automate-cli/pkg/verifyserver/utils/httputils/httputil.go:31.16,33.3 1 0
github.com/chef/automate/components/automate-cli/pkg/verifyserver/utils/httputils/httputil.go:34.42,36.3 1 0
github.com/chef/automate/components/automate-cli/pkg/verifyserver/services/startmockserverservice/mockserversservice.go:10.94,12.2 1 0
github.com/chef/automate/components/automate-cli/pkg/verifyserver/services/startmockserverservice/mockserversservice.go:14.66,16.2 1 0
github.com/chef/automate/components/automate-cli/pkg/verifyserver/services/startmockserverservice/startmockserverservice.go:28.57,32.2 1 1
github.com/chef/automate/components/automate-cli/pkg/verifyserver/services/startmockserverservice/startmockserverservice.go:35.63,37.2 1 1
github.com/chef/automate/components/automate-cli/pkg/verifyserver/services/startmockserverservice/startmockserverservice.go:40.97,43.22 3 1
github.com/chef/automate/components/automate-cli/pkg/verifyserver/services/startmockserverservice/startmockserverservice.go:53.2,53.16 1 1
github.com/chef/automate/components/automate-cli/pkg/verifyserver/services/startmockserverservice/startmockserverservice.go:56.2,57.12 2 1
github.com/chef/automate/components/automate-cli/pkg/verifyserver/services/startmockserverservice/startmockserverservice.go:44.21,45.51 1 1
github.com/chef/automate/components/automate-cli/pkg/verifyserver/services/startmockserverservice/startmockserverservice.go:46.21,47.51 1 1
github.com/chef/automate/components/automate-cli/pkg/verifyserver/services/startmockserverservice/startmockserverservice.go:48.23,49.72 1 1
github.com/chef/automate/components/automate-cli/pkg/verifyserver/services/startmockserverservice/startmockserverservice.go:50.10,51.43 1 1
github.com/chef/automate/components/automate-cli/pkg/verifyserver/services/startmockserverservice/startmockserverservice.go:53.16,55.3 1 1
github.com/chef/automate/components/automate-cli/pkg/verifyserver/services/startmockserverservice/startmockserverservice.go:60.78,65.16 2 1
github.com/chef/automate/components/automate-cli/pkg/verifyserver/services/startmockserverservice/startmockserverservice.go:71.2,73.12 2 1
github.com/chef/automate/components/automate-cli/pkg/verifyserver/services/startmockserverservice/startmockserverservice.go:84.2,89.8 1 1
github.com/chef/automate/components/automate-cli/pkg/verifyserver/services/startmockserverservice/startmockserverservice.go:65.16,69.3 2 1
github.com/chef/automate/components/automate-cli/pkg/verifyserver/services/startmockserverservice/startmockserverservice.go:73.12,74.7 1 1
github.com/chef/automate/components/automate-cli/pkg/verifyserver/services/startmockserverservice/startmockserverservice.go:74.7,76.18 2 1
github.com/chef/automate/components/automate-cli/pkg/verifyserver/services/startmockserverservice/startmockserverservice.go:80.4,80.28 1 1
github.com/chef/automate/components/automate-cli/pkg/verifyserver/services/startmockserverservice/startmockserverservice.go:76.18,79.5 2 0
github.com/chef/automate/components/automate-cli/pkg/verifyserver/services/startmockserverservice/startmockserverservice.go:92.61,107.2 2 1
github.com/chef/automate/components/automate-cli/pkg/verifyserver/services/startmockserverservice/startmockserverservice.go:109.78,111.16 2 1
github.com/chef/automate/components/automate-cli/pkg/verifyserver/services/startmockserverservice/startmockserverservice.go:115.2,116.16 2 1
github.com/chef/automate/components/automate-cli/pkg/verifyserver/services/startmockserverservice/startmockserverservice.go:120.2,122.12 2 1
github.com/chef/automate/components/automate-cli/pkg/verifyserver/services/startmockserverservice/startmockserverservice.go:134.2,139.8 1 1
github.com/chef/automate/components/automate-cli/pkg/verifyserver/services/startmockserverservice/startmockserverservice.go:111.16,113.3 1 1
github.com/chef/automate/components/automate-cli/pkg/verifyserver/services/startmockserverservice/startmockserverservice.go:116.16,118.3 1 0
github.com/chef/automate/components/automate-cli/pkg/verifyserver/services/startmockserverservice/startmockserverservice.go:122.12,123.7 1 1
github.com/chef/automate/components/automate-cli/pkg/verifyserver/services/startmockserverservice/startmockserverservice.go:123.7,126.18 3 1
github.com/chef/automate/components/automate-cli/pkg/verifyserver/services/startmockserverservice/startmockserverservice.go:130.4,130.43 1 1
github.com/chef/automate/components/automate-cli/pkg/verifyserver/services/startmockserverservice/startmockserverservice.go:126.18,129.5 2 1
github.com/chef/automate/components/automate-cli/pkg/verifyserver/services/startmockserverservice/startmockserverservice.go:142.96,147.2 1 1
github.com/chef/automate/components/automate-cli/pkg/verifyserver/services/startmockserverservice/startmockserverservice.go:149.105,153.16 2 1
github.com/chef/automate/components/automate-cli/pkg/verifyserver/services/startmockserverservice/startmockserverservice.go:159.2,173.66 4 1
github.com/chef/automate/components/automate-cli/pkg/verifyserver/services/startmockserverservice/startmockserverservice.go:193.2,195.36 2 1
github.com/chef/automate/components/automate-cli/pkg/verifyserver/services/startmockserverservice/startmockserverservice.go:203.2,206.9 2 1
github.com/chef/automate/components/automate-cli/pkg/verifyserver/services/startmockserverservice/startmockserverservice.go:153.16,156.3 2 1
github.com/chef/automate/components/automate-cli/pkg/verifyserver/services/startmockserverservice/startmockserverservice.go:173.66,183.17 5 1
github.com/chef/automate/components/automate-cli/pkg/verifyserver/services/startmockserverservice/startmockserverservice.go:188.3,190.21 2 1
github.com/chef/automate/components/automate-cli/pkg/verifyserver/services/startmockserverservice/startmockserverservice.go:183.17,186.4 2 0
github.com/chef/automate/components/automate-cli/pkg/verifyserver/services/startmockserverservice/startmockserverservice.go:195.36,197.48 2 1
github.com/chef/automate/components/automate-cli/pkg/verifyserver/services/startmockserverservice/startmockserverservice.go:197.48,200.4 2 1
github.com/chef/automate/components/automate-cli/pkg/verifyserver/services/startmockserverservice/startmockserverservice.go:207.26,208.18 1 1
github.com/chef/automate/components/automate-cli/pkg/verifyserver/services/startmockserverservice/startmockserverservice.go:209.17,217.9 2 1
github.com/chef/automate/components/automate-cli/pkg/verifyserver/services/startmockserverservice/startmockserverservice.go:222.28,225.16 2 1
github.com/chef/automate/components/automate-cli/pkg/verifyserver/services/startmockserverservice/startmockserverservice.go:230.2,230.35 1 1
github.com/chef/automate/components/automate-cli/pkg/verifyserver/services/startmockserverservice/startmockserverservice.go:250.2,250.18 1 0
github.com/chef/automate/components/automate-cli/pkg/verifyserver/services/startmockserverservice/startmockserverservice.go:225.16,227.3 1 0
github.com/chef/automate/components/automate-cli/pkg/verifyserver/services/startmockserverservice/startmockserverservice.go:230.35,231.71 1 1
github.com/chef/automate/components/automate-cli/pkg/verifyserver/services/startmockserverservice/startmockserverservice.go:231.71,233.18 2 1
github.com/chef/automate/components/automate-cli/pkg/verifyserver/services/startmockserverservice/startmockserverservice.go:237.4,237.31 1 1
github.com/chef/automate/components/automate-cli/pkg/verifyserver/services/startmockserverservice/startmockserverservice.go:233.18,234.13 1 0
github.com/chef/automate/components/automate-cli/pkg/verifyserver/services/startmockserverservice/startmockserverservice.go:237.31,239.62 2 1
github.com/chef/automate/components/automate-cli/pkg/verifyserver/services/startmockserverservice/startmockserverservice.go:242.5,243.64 2 1
github.com/chef/automate/components/automate-cli/pkg/verifyserver/services/startmockserverservice/startmockserverservice.go:239.62,241.6 1 1
github.com/chef/automate/components/automate-cli/pkg/verifyserver/services/startmockserverservice/startmockserverservice.go:243.64,245.6 1 0
github.com/chef/automate/components/automate-cli/pkg/verifyserver/utils/fiberutils/fiber.go:10.73,14.27 3 1
github.com/chef/automate/components/automate-cli/pkg/verifyserver/utils/fiberutils/fiber.go:22.2,22.33 1 1
github.com/chef/automate/components/automate-cli/pkg/verifyserver/utils/fiberutils/fiber.go:14.27,15.24 1 1
github.com/chef/automate/components/automate-cli/pkg/verifyserver/utils/fiberutils/fiber.go:15.24,17.42 2 1
github.com/chef/automate/components/automate-cli/pkg/verifyserver/utils/fiberutils/fiber.go:17.42,19.5 1 1
github.com/chef/automate/components/automate-cli/pkg/verifyserver/utils/fiberutils/fiber.go:22.33,24.3 1 1
github.com/chef/automate/components/automate-cli/pkg/verifyserver/utils/fiberutils/fiber.go:27.52,32.37 3 1
github.com/chef/automate/components/automate-cli/pkg/verifyserver/utils/fiberutils/fiber.go:36.2,36.80 1 1
github.com/chef/automate/components/automate-cli/pkg/verifyserver/utils/fiberutils/fiber.go:32.37,35.3 2 0
github.com/chef/automate/components/automate-cli/pkg/verifyserver/utils/fiberutils/logconfig.go:18.30,20.65 2 1
github.com/chef/automate/components/automate-cli/pkg/verifyserver/utils/fiberutils/logconfig.go:23.2,24.23 2 1
github.com/chef/automate/components/automate-cli/pkg/verifyserver/utils/fiberutils/logconfig.go:30.2,30.17 1 1
github.com/chef/automate/components/automate-cli/pkg/verifyserver/utils/fiberutils/logconfig.go:20.65,22.3 1 1
github.com/chef/automate/components/automate-cli/pkg/verifyserver/utils/fiberutils/logconfig.go:24.23,25.61 1 1
github.com/chef/automate/components/automate-cli/pkg/verifyserver/utils/fiberutils/logconfig.go:25.61,28.4 2 1
github.com/chef/automate/components/automate-cli/pkg/verifyserver/utils/fiberutils/logconfig.go:33.67,37.59 2 1
github.com/chef/automate/components/automate-cli/pkg/verifyserver/utils/fiberutils/logconfig.go:48.2,48.11 1 1
github.com/chef/automate/components/automate-cli/pkg/verifyserver/utils/fiberutils/logconfig.go:37.59,42.3 1 1
github.com/chef/automate/components/automate-cli/pkg/verifyserver/utils/fiberutils/logconfig.go:42.8,47.3 1 1
github.com/chef/automate/components/automate-cli/pkg/verifyserver/utils/fiberutils/logconfig.go:51.64,56.27 3 1
github.com/chef/automate/components/automate-cli/pkg/verifyserver/utils/fiberutils/logconfig.go:60.2,61.18 2 1
github.com/chef/automate/components/automate-cli/pkg/verifyserver/utils/fiberutils/logconfig.go:56.27,59.3 2 1
github.com/chef/automate/components/automate-cli/pkg/verifyserver/utils/fiberutils/os.go:5.54,7.2 1 1
github.com/chef/automate/components/automate-cli/pkg/verifyserver/services/nfsmountservice/nfsmountservice.go:35.74,40.2 1 1
github.com/chef/automate/components/automate-cli/pkg/verifyserver/services/nfsmountservice/nfsmountservice.go:42.106,56.49 7 1
github.com/chef/automate/components/automate-cli/pkg/verifyserver/services/nfsmountservice/nfsmountservice.go:63.2,63.56 1 1
github.com/chef/automate/components/automate-cli/pkg/verifyserver/services/nfsmountservice/nfsmountservice.go:70.2,70.51 1 1
github.com/chef/automate/components/automate-cli/pkg/verifyserver/services/nfsmountservice/nfsmountservice.go:77.2,77.51 1 1
github.com/chef/automate/components/automate-cli/pkg/verifyserver/services/nfsmountservice/nfsmountservice.go:84.2,84.38 1 1
github.com/chef/automate/components/automate-cli/pkg/verifyserver/services/nfsmountservice/nfsmountservice.go:94.2,98.17 4 1
github.com/chef/automate/components/automate-cli/pkg/verifyserver/services/nfsmountservice/nfsmountservice.go:56.49,61.3 4 1
github.com/chef/automate/components/automate-cli/pkg/verifyserver/services/nfsmountservice/nfsmountservice.go:63.56,68.3 4 1
github.com/chef/automate/components/automate-cli/pkg/verifyserver/services/nfsmountservice/nfsmountservice.go:70.51,75.3 4 1
github.com/chef/automate/components/automate-cli/pkg/verifyserver/services/nfsmountservice/nfsmountservice.go:77.51,82.3 4 1
github.com/chef/automate/components/automate-cli/pkg/verifyserver/services/nfsmountservice/nfsmountservice.go:84.38,86.34 2 1
github.com/chef/automate/components/automate-cli/pkg/verifyserver/services/nfsmountservice/nfsmountservice.go:86.34,88.32 2 1
github.com/chef/automate/components/automate-cli/pkg/verifyserver/services/nfsmountservice/nfsmountservice.go:88.32,91.5 2 1
github.com/chef/automate/components/automate-cli/pkg/verifyserver/services/nfsmountservice/nfsmountservice.go:101.62,104.2 2 1
github.com/chef/automate/components/automate-cli/pkg/verifyserver/services/nfsmountservice/nfsmountservice.go:106.148,116.16 6 1
github.com/chef/automate/components/automate-cli/pkg/verifyserver/services/nfsmountservice/nfsmountservice.go:119.2,120.21 2 1
github.com/chef/automate/components/automate-cli/pkg/verifyserver/services/nfsmountservice/nfsmountservice.go:116.16,118.3 1 1
github.com/chef/automate/components/automate-cli/pkg/verifyserver/services/nfsmountservice/nfsmountservice.go:123.108,132.16 5 1
github.com/chef/automate/components/automate-cli/pkg/verifyserver/services/nfsmountservice/nfsmountservice.go:137.2,137.50 1 1
github.com/chef/automate/components/automate-cli/pkg/verifyserver/services/nfsmountservice/nfsmountservice.go:132.16,135.3 2 1
github.com/chef/automate/components/automate-cli/pkg/verifyserver/services/nfsmountservice/nfsmountservice.go:140.113,142.16 2 1
github.com/chef/automate/components/automate-cli/pkg/verifyserver/services/nfsmountservice/nfsmountservice.go:148.2,150.16 3 1
github.com/chef/automate/components/automate-cli/pkg/verifyserver/services/nfsmountservice/nfsmountservice.go:155.2,155.32 1 1
github.com/chef/automate/components/automate-cli/pkg/verifyserver/services/nfsmountservice/nfsmountservice.go:161.2,162.16 2 1
github.com/chef/automate/components/automate-cli/pkg/verifyserver/services/nfsmountservice/nfsmountservice.go:166.2,169.16 3 1
github.com/chef/automate/components/automate-cli/pkg/verifyserver/services/nfsmountservice/nfsmountservice.go:173.2,173.25 1 1
github.com/chef/automate/components/automate-cli/pkg/verifyserver/services/nfsmountservice/nfsmountservice.go:142.16,145.3 2 0
github.com/chef/automate/components/automate-cli/pkg/verifyserver/services/nfsmountservice/nfsmountservice.go:150.16,152.3 1 1
github.com/chef/automate/components/automate-cli/pkg/verifyserver/services/nfsmountservice/nfsmountservice.go:155.32,158.3 2 1
github.com/chef/automate/components/automate-cli/pkg/verifyserver/services/nfsmountservice/nfsmountservice.go:162.16,164.3 1 0
github.com/chef/automate/components/automate-cli/pkg/verifyserver/services/nfsmountservice/nfsmountservice.go:169.16,171.3 1 1
github.com/chef/automate/components/automate-cli/pkg/verifyserver/services/nfsmountservice/nfsmountservice.go:176.136,181.16 4 1
github.com/chef/automate/components/automate-cli/pkg/verifyserver/services/nfsmountservice/nfsmountservice.go:185.2,186.13 2 1
github.com/chef/automate/components/automate-cli/pkg/verifyserver/services/nfsmountservice/nfsmountservice.go:181.16,184.3 2 1
github.com/chef/automate/components/automate-cli/pkg/verifyserver/services/nfsmountservice/nfsmountservice.go:190.126,193.24 2 1
github.com/chef/automate/components/automate-cli/pkg/verifyserver/services/nfsmountservice/nfsmountservice.go:197.2,197.32 1 1
github.com/chef/automate/components/automate-cli/pkg/verifyserver/services/nfsmountservice/nfsmountservice.go:193.24,195.3 1 1
github.com/chef/automate/components/automate-cli/pkg/verifyserver/services/nfsmountservice/nfsmountservice.go:197.32,201.23 2 1
github.com/chef/automate/components/automate-cli/pkg/verifyserver/services/nfsmountservice/nfsmountservice.go:205.3,205.37 1 1
github.com/chef/automate/components/automate-cli/pkg/verifyserver/services/nfsmountservice/nfsmountservice.go:201.23,204.4 1 1
github.com/chef/automate/components/automate-cli/pkg/verifyserver/services/nfsmountservice/nfsmountservice.go:209.104,210.24 1 1
github.com/chef/automate/components/automate-cli/pkg/verifyserver/services/nfsmountservice/nfsmountservice.go:210.24,213.3 2 1
github.com/chef/automate/components/automate-cli/pkg/verifyserver/services/nfsmountservice/nfsmountservice.go:213.8,216.3 2 1
github.com/chef/automate/components/automate-cli/pkg/verifyserver/services/nfsmountservice/nfsmountservice.go:219.131,221.29 2 1
github.com/chef/automate/components/automate-cli/pkg/verifyserver/services/nfsmountservice/nfsmountservice.go:231.2,231.48 1 1
github.com/chef/automate/components/automate-cli/pkg/verifyserver/services/nfsmountservice/nfsmountservice.go:221.29,224.3 1 1
github.com/chef/automate/components/automate-cli/pkg/verifyserver/services/nfsmountservice/nfsmountservice.go:224.8,224.23 1 1
github.com/chef/automate/components/automate-cli/pkg/verifyserver/services/nfsmountservice/nfsmountservice.go:224.23,227.3 1 1
github.com/chef/automate/components/automate-cli/pkg/verifyserver/services/nfsmountservice/nfsmountservice.go:227.8,230.3 1 1
github.com/chef/automate/components/automate-cli/pkg/verifyserver/services/nfsmountservice/nfsmountservice.go:234.103,242.2 1 1
github.com/chef/automate/components/automate-cli/pkg/verifyserver/services/nfsmountservice/nfsmountservicemock.go:11.111,13.2 1 0
