mode: set
github.com/chef/automate/components/infra-proxy-service/server/users.go:12.106,14.16 2 0
github.com/chef/automate/components/infra-proxy-service/server/users.go:17.2,18.16 2 0
github.com/chef/automate/components/infra-proxy-service/server/users.go:22.2,24.8 1 0
github.com/chef/automate/components/infra-proxy-service/server/users.go:14.16,16.3 1 0
github.com/chef/automate/components/infra-proxy-service/server/users.go:18.16,20.3 1 0
github.com/chef/automate/components/infra-proxy-service/server/users.go:29.115,31.16 2 0
github.com/chef/automate/components/infra-proxy-service/server/users.go:34.2,35.16 2 0
github.com/chef/automate/components/infra-proxy-service/server/users.go:39.2,41.8 1 0
github.com/chef/automate/components/infra-proxy-service/server/users.go:31.16,33.3 1 0
github.com/chef/automate/components/infra-proxy-service/server/users.go:35.16,37.3 1 0
github.com/chef/automate/components/infra-proxy-service/server/users.go:44.84,46.28 2 0
github.com/chef/automate/components/infra-proxy-service/server/users.go:52.2,52.14 1 0
github.com/chef/automate/components/infra-proxy-service/server/users.go:46.28,51.3 2 0
github.com/chef/automate/components/infra-proxy-service/server/users.go:55.97,57.29 2 0
github.com/chef/automate/components/infra-proxy-service/server/users.go:66.2,66.14 1 0
github.com/chef/automate/components/infra-proxy-service/server/users.go:57.29,65.3 2 0
github.com/chef/automate/components/infra-proxy-service/server/automate_infra_server_users.go:13.154,16.16 2 0
github.com/chef/automate/components/infra-proxy-service/server/automate_infra_server_users.go:20.2,21.16 2 0
github.com/chef/automate/components/infra-proxy-service/server/automate_infra_server_users.go:25.2,27.8 1 0
github.com/chef/automate/components/infra-proxy-service/server/automate_infra_server_users.go:16.16,18.3 1 0
github.com/chef/automate/components/infra-proxy-service/server/automate_infra_server_users.go:21.16,23.3 1 0
github.com/chef/automate/components/infra-proxy-service/server/automate_infra_server_users.go:31.147,35.16 2 0
github.com/chef/automate/components/infra-proxy-service/server/automate_infra_server_users.go:38.2,39.16 2 0
github.com/chef/automate/components/infra-proxy-service/server/automate_infra_server_users.go:44.2,45.28 2 0
github.com/chef/automate/components/infra-proxy-service/server/automate_infra_server_users.go:53.2,55.8 1 0
github.com/chef/automate/components/infra-proxy-service/server/automate_infra_server_users.go:35.16,37.3 1 0
github.com/chef/automate/components/infra-proxy-service/server/automate_infra_server_users.go:39.16,41.3 1 0
github.com/chef/automate/components/infra-proxy-service/server/automate_infra_server_users.go:45.28,47.17 2 0
github.com/chef/automate/components/infra-proxy-service/server/automate_infra_server_users.go:50.3,50.27 1 0
github.com/chef/automate/components/infra-proxy-service/server/automate_infra_server_users.go:47.17,49.4 1 0
github.com/chef/automate/components/infra-proxy-service/server/automate_infra_server_users.go:59.100,69.2 1 0
github.com/chef/automate/components/infra-proxy-service/server/automate_infra_server_users.go:72.112,75.26 2 0
github.com/chef/automate/components/infra-proxy-service/server/automate_infra_server_users.go:79.2,79.11 1 0
github.com/chef/automate/components/infra-proxy-service/server/automate_infra_server_users.go:75.26,77.3 1 0
github.com/chef/automate/components/infra-proxy-service/server/automate_infra_server_users.go:83.86,85.16 2 0
github.com/chef/automate/components/infra-proxy-service/server/automate_infra_server_users.go:88.2,88.12 1 0
github.com/chef/automate/components/infra-proxy-service/server/automate_infra_server_users.go:85.16,87.3 1 0
github.com/chef/automate/components/infra-proxy-service/server/automate_infra_server_users.go:92.94,101.2 1 0
github.com/chef/automate/components/infra-proxy-service/server/automate_infra_server_users.go:104.100,107.25 2 0
github.com/chef/automate/components/infra-proxy-service/server/automate_infra_server_users.go:111.2,111.11 1 0
github.com/chef/automate/components/infra-proxy-service/server/automate_infra_server_users.go:107.25,109.3 1 0
github.com/chef/automate/components/infra-proxy-service/server/databags.go:18.114,29.16 2 0
github.com/chef/automate/components/infra-proxy-service/server/databags.go:33.2,34.16 2 0
github.com/chef/automate/components/infra-proxy-service/server/databags.go:38.2,43.16 2 0
github.com/chef/automate/components/infra-proxy-service/server/databags.go:47.2,49.8 1 0
github.com/chef/automate/components/infra-proxy-service/server/databags.go:29.16,31.3 1 0
github.com/chef/automate/components/infra-proxy-service/server/databags.go:34.16,36.3 1 0
github.com/chef/automate/components/infra-proxy-service/server/databags.go:43.16,45.3 1 0
github.com/chef/automate/components/infra-proxy-service/server/databags.go:53.126,64.16 2 0
github.com/chef/automate/components/infra-proxy-service/server/databags.go:69.2,69.98 1 0
github.com/chef/automate/components/infra-proxy-service/server/databags.go:73.2,74.16 2 0
github.com/chef/automate/components/infra-proxy-service/server/databags.go:78.2,79.16 2 0
github.com/chef/automate/components/infra-proxy-service/server/databags.go:83.2,84.16 2 0
github.com/chef/automate/components/infra-proxy-service/server/databags.go:88.2,91.8 1 0
github.com/chef/automate/components/infra-proxy-service/server/databags.go:64.16,66.3 1 0
github.com/chef/automate/components/infra-proxy-service/server/databags.go:69.98,71.3 1 0
github.com/chef/automate/components/infra-proxy-service/server/databags.go:74.16,76.3 1 0
github.com/chef/automate/components/infra-proxy-service/server/databags.go:79.16,81.3 1 0
github.com/chef/automate/components/infra-proxy-service/server/databags.go:84.16,86.3 1 0
github.com/chef/automate/components/infra-proxy-service/server/databags.go:95.102,102.16 2 0
github.com/chef/automate/components/infra-proxy-service/server/databags.go:106.2,107.16 2 0
github.com/chef/automate/components/infra-proxy-service/server/databags.go:111.2,112.16 2 0
github.com/chef/automate/components/infra-proxy-service/server/databags.go:116.2,118.8 1 0
github.com/chef/automate/components/infra-proxy-service/server/databags.go:102.16,104.3 1 0
github.com/chef/automate/components/infra-proxy-service/server/databags.go:107.16,109.3 1 0
github.com/chef/automate/components/infra-proxy-service/server/databags.go:112.16,114.3 1 0
github.com/chef/automate/components/infra-proxy-service/server/databags.go:122.114,124.16 2 0
github.com/chef/automate/components/infra-proxy-service/server/databags.go:128.2,129.16 2 0
github.com/chef/automate/components/infra-proxy-service/server/databags.go:133.2,138.8 1 0
github.com/chef/automate/components/infra-proxy-service/server/databags.go:124.16,126.3 1 0
github.com/chef/automate/components/infra-proxy-service/server/databags.go:129.16,131.3 1 0
github.com/chef/automate/components/infra-proxy-service/server/databags.go:142.111,149.16 2 0
github.com/chef/automate/components/infra-proxy-service/server/databags.go:153.2,154.16 2 0
github.com/chef/automate/components/infra-proxy-service/server/databags.go:158.2,159.16 2 0
github.com/chef/automate/components/infra-proxy-service/server/databags.go:163.2,164.16 2 0
github.com/chef/automate/components/infra-proxy-service/server/databags.go:168.2,172.8 1 0
github.com/chef/automate/components/infra-proxy-service/server/databags.go:149.16,151.3 1 0
github.com/chef/automate/components/infra-proxy-service/server/databags.go:154.16,156.3 1 0
github.com/chef/automate/components/infra-proxy-service/server/databags.go:159.16,161.3 1 0
github.com/chef/automate/components/infra-proxy-service/server/databags.go:164.16,166.3 1 0
github.com/chef/automate/components/infra-proxy-service/server/databags.go:177.102,184.16 2 0
github.com/chef/automate/components/infra-proxy-service/server/databags.go:188.2,189.16 2 0
github.com/chef/automate/components/infra-proxy-service/server/databags.go:193.2,194.16 2 0
github.com/chef/automate/components/infra-proxy-service/server/databags.go:198.2,200.8 1 0
github.com/chef/automate/components/infra-proxy-service/server/databags.go:184.16,186.3 1 0
github.com/chef/automate/components/infra-proxy-service/server/databags.go:189.16,191.3 1 0
github.com/chef/automate/components/infra-proxy-service/server/databags.go:194.16,196.3 1 0
github.com/chef/automate/components/infra-proxy-service/server/databags.go:205.114,212.16 2 0
github.com/chef/automate/components/infra-proxy-service/server/databags.go:216.2,217.16 2 0
github.com/chef/automate/components/infra-proxy-service/server/databags.go:221.2,222.16 2 0
github.com/chef/automate/components/infra-proxy-service/server/databags.go:226.2,229.8 1 0
github.com/chef/automate/components/infra-proxy-service/server/databags.go:212.16,214.3 1 0
github.com/chef/automate/components/infra-proxy-service/server/databags.go:217.16,219.3 1 0
github.com/chef/automate/components/infra-proxy-service/server/databags.go:222.16,224.3 1 0
github.com/chef/automate/components/infra-proxy-service/server/databags.go:234.126,246.16 2 0
github.com/chef/automate/components/infra-proxy-service/server/databags.go:250.2,251.16 2 0
github.com/chef/automate/components/infra-proxy-service/server/databags.go:255.2,256.16 2 0
github.com/chef/automate/components/infra-proxy-service/server/databags.go:260.2,261.16 2 0
github.com/chef/automate/components/infra-proxy-service/server/databags.go:265.2,268.8 1 0
github.com/chef/automate/components/infra-proxy-service/server/databags.go:246.16,248.3 1 0
github.com/chef/automate/components/infra-proxy-service/server/databags.go:251.16,253.3 1 0
github.com/chef/automate/components/infra-proxy-service/server/databags.go:256.16,258.3 1 0
github.com/chef/automate/components/infra-proxy-service/server/databags.go:261.16,263.3 1 0
github.com/chef/automate/components/infra-proxy-service/server/databags.go:272.83,275.20 3 0
github.com/chef/automate/components/infra-proxy-service/server/databags.go:282.2,282.11 1 0
github.com/chef/automate/components/infra-proxy-service/server/databags.go:275.20,280.3 2 0
github.com/chef/automate/components/infra-proxy-service/server/databags.go:286.78,288.27 2 0
github.com/chef/automate/components/infra-proxy-service/server/databags.go:295.2,295.11 1 0
github.com/chef/automate/components/infra-proxy-service/server/databags.go:288.27,293.3 2 0
github.com/chef/automate/components/infra-proxy-service/server/orgs.go:16.102,27.16 4 0
github.com/chef/automate/components/infra-proxy-service/server/orgs.go:31.2,40.16 3 0
github.com/chef/automate/components/infra-proxy-service/server/orgs.go:44.2,45.16 2 0
github.com/chef/automate/components/infra-proxy-service/server/orgs.go:49.2,51.8 1 0
github.com/chef/automate/components/infra-proxy-service/server/orgs.go:27.16,29.3 1 0
github.com/chef/automate/components/infra-proxy-service/server/orgs.go:40.16,42.3 1 0
github.com/chef/automate/components/infra-proxy-service/server/orgs.go:45.16,47.3 1 0
github.com/chef/automate/components/infra-proxy-service/server/orgs.go:55.96,66.16 4 0
github.com/chef/automate/components/infra-proxy-service/server/orgs.go:70.2,71.16 2 0
github.com/chef/automate/components/infra-proxy-service/server/orgs.go:75.2,77.8 1 0
github.com/chef/automate/components/infra-proxy-service/server/orgs.go:66.16,68.3 1 0
github.com/chef/automate/components/infra-proxy-service/server/orgs.go:71.16,73.3 1 0
github.com/chef/automate/components/infra-proxy-service/server/orgs.go:81.93,92.16 4 0
github.com/chef/automate/components/infra-proxy-service/server/orgs.go:96.2,97.16 2 0
github.com/chef/automate/components/infra-proxy-service/server/orgs.go:101.2,103.8 1 0
github.com/chef/automate/components/infra-proxy-service/server/orgs.go:92.16,94.3 1 0
github.com/chef/automate/components/infra-proxy-service/server/orgs.go:97.16,99.3 1 0
github.com/chef/automate/components/infra-proxy-service/server/orgs.go:107.102,118.16 4 0
github.com/chef/automate/components/infra-proxy-service/server/orgs.go:122.2,123.16 2 0
github.com/chef/automate/components/infra-proxy-service/server/orgs.go:127.2,128.16 2 0
github.com/chef/automate/components/infra-proxy-service/server/orgs.go:132.2,134.8 1 0
github.com/chef/automate/components/infra-proxy-service/server/orgs.go:118.16,120.3 1 0
github.com/chef/automate/components/infra-proxy-service/server/orgs.go:123.16,125.3 1 0
github.com/chef/automate/components/infra-proxy-service/server/orgs.go:128.16,130.3 1 0
github.com/chef/automate/components/infra-proxy-service/server/orgs.go:138.102,149.16 4 0
github.com/chef/automate/components/infra-proxy-service/server/orgs.go:153.2,154.16 2 0
github.com/chef/automate/components/infra-proxy-service/server/orgs.go:158.2,160.8 1 0
github.com/chef/automate/components/infra-proxy-service/server/orgs.go:149.16,151.3 1 0
github.com/chef/automate/components/infra-proxy-service/server/orgs.go:154.16,156.3 1 0
github.com/chef/automate/components/infra-proxy-service/server/orgs.go:164.123,175.16 4 0
github.com/chef/automate/components/infra-proxy-service/server/orgs.go:179.2,180.16 2 0
github.com/chef/automate/components/infra-proxy-service/server/orgs.go:184.2,185.16 2 0
github.com/chef/automate/components/infra-proxy-service/server/orgs.go:189.2,199.16 3 0
github.com/chef/automate/components/infra-proxy-service/server/orgs.go:203.2,204.16 2 0
github.com/chef/automate/components/infra-proxy-service/server/orgs.go:208.2,210.8 1 0
github.com/chef/automate/components/infra-proxy-service/server/orgs.go:175.16,177.3 1 0
github.com/chef/automate/components/infra-proxy-service/server/orgs.go:180.16,182.3 1 0
github.com/chef/automate/components/infra-proxy-service/server/orgs.go:185.16,187.3 1 0
github.com/chef/automate/components/infra-proxy-service/server/orgs.go:199.16,201.3 1 0
github.com/chef/automate/components/infra-proxy-service/server/orgs.go:204.16,206.3 1 0
github.com/chef/automate/components/infra-proxy-service/server/orgs.go:214.50,223.2 1 0
github.com/chef/automate/components/infra-proxy-service/server/orgs.go:226.62,229.25 2 0
github.com/chef/automate/components/infra-proxy-service/server/orgs.go:233.2,233.11 1 0
github.com/chef/automate/components/infra-proxy-service/server/orgs.go:229.25,231.3 1 0
github.com/chef/automate/components/infra-proxy-service/server/cookbooks.go:17.105,20.16 2 0
github.com/chef/automate/components/infra-proxy-service/server/cookbooks.go:24.2,25.16 2 0
github.com/chef/automate/components/infra-proxy-service/server/cookbooks.go:29.2,31.8 1 0
github.com/chef/automate/components/infra-proxy-service/server/cookbooks.go:20.16,22.3 1 0
github.com/chef/automate/components/infra-proxy-service/server/cookbooks.go:25.16,27.3 1 0
github.com/chef/automate/components/infra-proxy-service/server/cookbooks.go:35.126,38.16 2 0
github.com/chef/automate/components/infra-proxy-service/server/cookbooks.go:42.2,43.16 2 0
github.com/chef/automate/components/infra-proxy-service/server/cookbooks.go:47.2,48.14 2 0
github.com/chef/automate/components/infra-proxy-service/server/cookbooks.go:51.2,54.8 1 0
github.com/chef/automate/components/infra-proxy-service/server/cookbooks.go:38.16,40.3 1 0
github.com/chef/automate/components/infra-proxy-service/server/cookbooks.go:43.16,45.3 1 0
github.com/chef/automate/components/infra-proxy-service/server/cookbooks.go:48.14,50.3 1 0
github.com/chef/automate/components/infra-proxy-service/server/cookbooks.go:58.102,61.16 2 0
github.com/chef/automate/components/infra-proxy-service/server/cookbooks.go:65.2,65.20 1 0
github.com/chef/automate/components/infra-proxy-service/server/cookbooks.go:69.2,70.19 2 0
github.com/chef/automate/components/infra-proxy-service/server/cookbooks.go:74.2,75.16 2 0
github.com/chef/automate/components/infra-proxy-service/server/cookbooks.go:79.2,97.8 1 0
github.com/chef/automate/components/infra-proxy-service/server/cookbooks.go:61.16,63.3 1 0
github.com/chef/automate/components/infra-proxy-service/server/cookbooks.go:65.20,67.3 1 0
github.com/chef/automate/components/infra-proxy-service/server/cookbooks.go:70.19,72.3 1 0
github.com/chef/automate/components/infra-proxy-service/server/cookbooks.go:75.16,77.3 1 0
github.com/chef/automate/components/infra-proxy-service/server/cookbooks.go:101.135,104.16 3 0
github.com/chef/automate/components/infra-proxy-service/server/cookbooks.go:108.2,109.16 2 0
github.com/chef/automate/components/infra-proxy-service/server/cookbooks.go:112.2,114.16 3 0
github.com/chef/automate/components/infra-proxy-service/server/cookbooks.go:117.2,121.8 2 0
github.com/chef/automate/components/infra-proxy-service/server/cookbooks.go:104.16,106.3 1 0
github.com/chef/automate/components/infra-proxy-service/server/cookbooks.go:109.16,111.3 1 0
github.com/chef/automate/components/infra-proxy-service/server/cookbooks.go:114.16,116.3 1 0
github.com/chef/automate/components/infra-proxy-service/server/cookbooks.go:124.77,126.26 2 0
github.com/chef/automate/components/infra-proxy-service/server/cookbooks.go:135.2,135.11 1 0
github.com/chef/automate/components/infra-proxy-service/server/cookbooks.go:126.26,134.3 1 0
github.com/chef/automate/components/infra-proxy-service/server/cookbooks.go:138.73,148.2 1 0
github.com/chef/automate/components/infra-proxy-service/server/cookbooks.go:150.75,158.2 1 0
github.com/chef/automate/components/infra-proxy-service/server/cookbooks.go:161.85,165.23 3 0
github.com/chef/automate/components/infra-proxy-service/server/cookbooks.go:173.2,173.37 1 0
github.com/chef/automate/components/infra-proxy-service/server/cookbooks.go:177.2,177.11 1 0
github.com/chef/automate/components/infra-proxy-service/server/cookbooks.go:165.23,171.3 2 0
github.com/chef/automate/components/infra-proxy-service/server/cookbooks.go:173.37,175.3 1 0
github.com/chef/automate/components/infra-proxy-service/server/cookbooks.go:180.75,182.26 2 0
github.com/chef/automate/components/infra-proxy-service/server/cookbooks.go:186.2,186.11 1 0
github.com/chef/automate/components/infra-proxy-service/server/cookbooks.go:182.26,184.3 1 0
github.com/chef/automate/components/infra-proxy-service/server/proxy.go:39.161,42.18 3 0
github.com/chef/automate/components/infra-proxy-service/server/proxy.go:46.2,47.21 2 0
github.com/chef/automate/components/infra-proxy-service/server/proxy.go:50.2,51.16 2 0
github.com/chef/automate/components/infra-proxy-service/server/proxy.go:54.2,59.19 3 0
github.com/chef/automate/components/infra-proxy-service/server/proxy.go:73.2,73.23 1 0
github.com/chef/automate/components/infra-proxy-service/server/proxy.go:77.2,77.21 1 0
github.com/chef/automate/components/infra-proxy-service/server/proxy.go:42.18,44.3 1 0
github.com/chef/automate/components/infra-proxy-service/server/proxy.go:47.21,49.3 1 0
github.com/chef/automate/components/infra-proxy-service/server/proxy.go:51.16,53.3 1 0
github.com/chef/automate/components/infra-proxy-service/server/proxy.go:59.19,61.17 2 0
github.com/chef/automate/components/infra-proxy-service/server/proxy.go:61.17,63.4 1 0
github.com/chef/automate/components/infra-proxy-service/server/proxy.go:64.8,66.17 2 0
github.com/chef/automate/components/infra-proxy-service/server/proxy.go:66.17,68.4 1 0
github.com/chef/automate/components/infra-proxy-service/server/proxy.go:73.23,75.3 1 0
github.com/chef/automate/components/infra-proxy-service/server/proxy.go:81.61,92.16 2 0
github.com/chef/automate/components/infra-proxy-service/server/proxy.go:96.2,96.41 1 0
github.com/chef/automate/components/infra-proxy-service/server/proxy.go:92.16,94.3 1 0
github.com/chef/automate/components/infra-proxy-service/server/proxy.go:99.104,105.16 4 0
github.com/chef/automate/components/infra-proxy-service/server/proxy.go:109.2,110.16 2 0
github.com/chef/automate/components/infra-proxy-service/server/proxy.go:114.2,115.16 2 0
github.com/chef/automate/components/infra-proxy-service/server/proxy.go:119.2,120.16 2 0
github.com/chef/automate/components/infra-proxy-service/server/proxy.go:124.2,131.20 2 0
github.com/chef/automate/components/infra-proxy-service/server/proxy.go:105.16,107.3 1 0
github.com/chef/automate/components/infra-proxy-service/server/proxy.go:110.16,112.3 1 0
github.com/chef/automate/components/infra-proxy-service/server/proxy.go:115.16,117.3 1 0
github.com/chef/automate/components/infra-proxy-service/server/proxy.go:120.16,122.3 1 0
github.com/chef/automate/components/infra-proxy-service/server/proxy.go:135.79,137.16 2 0
github.com/chef/automate/components/infra-proxy-service/server/proxy.go:140.2,143.16 3 0
github.com/chef/automate/components/infra-proxy-service/server/proxy.go:146.2,148.30 2 0
github.com/chef/automate/components/infra-proxy-service/server/proxy.go:137.16,139.3 1 0
github.com/chef/automate/components/infra-proxy-service/server/proxy.go:143.16,145.3 1 0
github.com/chef/automate/components/infra-proxy-service/server/proxy.go:152.56,154.19 2 0
github.com/chef/automate/components/infra-proxy-service/server/proxy.go:162.2,162.17 1 0
github.com/chef/automate/components/infra-proxy-service/server/proxy.go:154.19,155.36 1 0
github.com/chef/automate/components/infra-proxy-service/server/proxy.go:155.36,156.25 1 0
github.com/chef/automate/components/infra-proxy-service/server/proxy.go:156.25,158.5 1 0
github.com/chef/automate/components/infra-proxy-service/server/proxy.go:166.37,168.22 2 0
github.com/chef/automate/components/infra-proxy-service/server/proxy.go:184.2,184.12 1 0
github.com/chef/automate/components/infra-proxy-service/server/proxy.go:168.22,169.33 1 0
github.com/chef/automate/components/infra-proxy-service/server/proxy.go:170.30,171.70 1 0
github.com/chef/automate/components/infra-proxy-service/server/proxy.go:172.32,173.70 1 0
github.com/chef/automate/components/infra-proxy-service/server/proxy.go:174.29,175.71 1 0
github.com/chef/automate/components/infra-proxy-service/server/proxy.go:176.28,177.68 1 0
github.com/chef/automate/components/infra-proxy-service/server/proxy.go:178.28,179.63 1 0
github.com/chef/automate/components/infra-proxy-service/server/proxy.go:180.11,181.69 1 0
github.com/chef/automate/components/infra-proxy-service/server/proxy.go:188.63,189.17 1 0
github.com/chef/automate/components/infra-proxy-service/server/proxy.go:193.2,194.16 2 0
github.com/chef/automate/components/infra-proxy-service/server/proxy.go:198.2,201.15 3 0
github.com/chef/automate/components/infra-proxy-service/server/proxy.go:189.17,191.3 1 0
github.com/chef/automate/components/infra-proxy-service/server/proxy.go:194.16,196.3 1 0
github.com/chef/automate/components/infra-proxy-service/server/proxy.go:205.152,210.16 4 0
github.com/chef/automate/components/infra-proxy-service/server/proxy.go:214.2,215.16 2 0
github.com/chef/automate/components/infra-proxy-service/server/proxy.go:219.2,227.20 2 0
github.com/chef/automate/components/infra-proxy-service/server/proxy.go:210.16,212.3 1 0
github.com/chef/automate/components/infra-proxy-service/server/proxy.go:215.16,217.3 1 0
github.com/chef/automate/components/infra-proxy-service/server/proxy.go:231.69,233.16 2 0
github.com/chef/automate/components/infra-proxy-service/server/proxy.go:236.2,239.16 3 0
github.com/chef/automate/components/infra-proxy-service/server/proxy.go:242.2,244.30 2 0
github.com/chef/automate/components/infra-proxy-service/server/proxy.go:233.16,235.3 1 0
github.com/chef/automate/components/infra-proxy-service/server/proxy.go:239.16,241.3 1 0
github.com/chef/automate/components/infra-proxy-service/server/servers.go:16.64,18.2 1 0
github.com/chef/automate/components/infra-proxy-service/server/servers.go:21.111,35.16 4 0
github.com/chef/automate/components/infra-proxy-service/server/servers.go:39.2,39.43 1 0
github.com/chef/automate/components/infra-proxy-service/server/servers.go:56.2,57.16 2 0
github.com/chef/automate/components/infra-proxy-service/server/servers.go:61.2,63.8 1 0
github.com/chef/automate/components/infra-proxy-service/server/servers.go:35.16,37.3 1 0
github.com/chef/automate/components/infra-proxy-service/server/servers.go:39.43,41.3 1 0
github.com/chef/automate/components/infra-proxy-service/server/servers.go:57.16,59.3 1 0
github.com/chef/automate/components/infra-proxy-service/server/servers.go:67.105,72.16 4 0
github.com/chef/automate/components/infra-proxy-service/server/servers.go:76.2,78.8 1 0
github.com/chef/automate/components/infra-proxy-service/server/servers.go:72.16,74.3 1 0
github.com/chef/automate/components/infra-proxy-service/server/servers.go:82.102,93.16 4 0
github.com/chef/automate/components/infra-proxy-service/server/servers.go:97.2,98.16 2 0
github.com/chef/automate/components/infra-proxy-service/server/servers.go:102.2,104.8 1 0
github.com/chef/automate/components/infra-proxy-service/server/servers.go:93.16,95.3 1 0
github.com/chef/automate/components/infra-proxy-service/server/servers.go:98.16,100.3 1 0
github.com/chef/automate/components/infra-proxy-service/server/servers.go:108.111,119.16 4 0
github.com/chef/automate/components/infra-proxy-service/server/servers.go:123.2,124.16 2 0
github.com/chef/automate/components/infra-proxy-service/server/servers.go:128.2,130.8 1 0
github.com/chef/automate/components/infra-proxy-service/server/servers.go:119.16,121.3 1 0
github.com/chef/automate/components/infra-proxy-service/server/servers.go:124.16,126.3 1 0
github.com/chef/automate/components/infra-proxy-service/server/servers.go:134.111,148.16 4 0
github.com/chef/automate/components/infra-proxy-service/server/servers.go:152.2,152.43 1 0
github.com/chef/automate/components/infra-proxy-service/server/servers.go:169.2,170.16 2 0
github.com/chef/automate/components/infra-proxy-service/server/servers.go:174.2,176.8 1 0
github.com/chef/automate/components/infra-proxy-service/server/servers.go:148.16,150.3 1 0
github.com/chef/automate/components/infra-proxy-service/server/servers.go:152.43,154.3 1 0
github.com/chef/automate/components/infra-proxy-service/server/servers.go:170.16,172.3 1 0
github.com/chef/automate/components/infra-proxy-service/server/servers.go:180.120,194.16 4 0
github.com/chef/automate/components/infra-proxy-service/server/servers.go:198.2,198.43 1 0
github.com/chef/automate/components/infra-proxy-service/server/servers.go:202.2,203.22 2 0
github.com/chef/automate/components/infra-proxy-service/server/servers.go:207.2,208.16 2 0
github.com/chef/automate/components/infra-proxy-service/server/servers.go:213.2,214.16 2 0
github.com/chef/automate/components/infra-proxy-service/server/servers.go:218.2,222.16 4 0
github.com/chef/automate/components/infra-proxy-service/server/servers.go:226.2,226.23 1 0
github.com/chef/automate/components/infra-proxy-service/server/servers.go:194.16,196.3 1 0
github.com/chef/automate/components/infra-proxy-service/server/servers.go:198.43,200.3 1 0
github.com/chef/automate/components/infra-proxy-service/server/servers.go:203.22,205.3 1 0
github.com/chef/automate/components/infra-proxy-service/server/servers.go:208.16,210.3 1 0
github.com/chef/automate/components/infra-proxy-service/server/servers.go:214.16,216.3 1 0
github.com/chef/automate/components/infra-proxy-service/server/servers.go:222.16,224.3 1 0
github.com/chef/automate/components/infra-proxy-service/server/servers.go:230.59,238.2 1 0
github.com/chef/automate/components/infra-proxy-service/server/servers.go:241.71,244.28 2 0
github.com/chef/automate/components/infra-proxy-service/server/servers.go:248.2,248.11 1 0
github.com/chef/automate/components/infra-proxy-service/server/servers.go:244.28,246.3 1 0
github.com/chef/automate/components/infra-proxy-service/server/util.go:15.74,16.24 1 1
github.com/chef/automate/components/infra-proxy-service/server/util.go:19.2,19.29 1 1
github.com/chef/automate/components/infra-proxy-service/server/util.go:16.24,18.3 1 1
github.com/chef/automate/components/infra-proxy-service/server/util.go:24.79,25.24 1 1
github.com/chef/automate/components/infra-proxy-service/server/util.go:28.2,28.64 1 1
github.com/chef/automate/components/infra-proxy-service/server/util.go:25.24,27.3 1 1
github.com/chef/automate/components/infra-proxy-service/server/util.go:33.73,34.24 1 1
github.com/chef/automate/components/infra-proxy-service/server/util.go:37.2,37.27 1 1
github.com/chef/automate/components/infra-proxy-service/server/util.go:34.24,36.3 1 1
github.com/chef/automate/components/infra-proxy-service/server/util.go:42.75,44.22 2 1
github.com/chef/automate/components/infra-proxy-service/server/util.go:53.2,53.19 1 1
github.com/chef/automate/components/infra-proxy-service/server/util.go:45.21,47.36 2 1
github.com/chef/automate/components/infra-proxy-service/server/util.go:50.3,50.11 1 1
github.com/chef/automate/components/infra-proxy-service/server/util.go:47.36,49.4 1 1
github.com/chef/automate/components/infra-proxy-service/server/util.go:57.53,58.28 1 1
github.com/chef/automate/components/infra-proxy-service/server/util.go:62.2,62.10 1 1
github.com/chef/automate/components/infra-proxy-service/server/util.go:58.28,60.3 1 1
github.com/chef/automate/components/infra-proxy-service/server/util.go:66.53,67.19 1 1
github.com/chef/automate/components/infra-proxy-service/server/util.go:73.2,73.10 1 1
github.com/chef/automate/components/infra-proxy-service/server/util.go:67.19,68.18 1 1
github.com/chef/automate/components/infra-proxy-service/server/util.go:68.18,70.4 1 1
github.com/chef/automate/components/infra-proxy-service/server/util.go:77.34,81.22 3 1
github.com/chef/automate/components/infra-proxy-service/server/util.go:88.2,88.10 1 1
github.com/chef/automate/components/infra-proxy-service/server/util.go:81.22,82.28 1 1
github.com/chef/automate/components/infra-proxy-service/server/util.go:82.28,85.4 2 1
github.com/chef/automate/components/infra-proxy-service/server/util.go:91.168,94.31 3 0
github.com/chef/automate/components/infra-proxy-service/server/util.go:161.2,161.24 1 0
github.com/chef/automate/components/infra-proxy-service/server/util.go:94.31,96.17 2 0
github.com/chef/automate/components/infra-proxy-service/server/util.go:99.3,104.25 2 0
github.com/chef/automate/components/infra-proxy-service/server/util.go:129.3,129.23 1 0
github.com/chef/automate/components/infra-proxy-service/server/util.go:158.3,158.30 1 0
github.com/chef/automate/components/infra-proxy-service/server/util.go:96.17,98.4 1 0
github.com/chef/automate/components/infra-proxy-service/server/util.go:104.25,106.32 2 0
github.com/chef/automate/components/infra-proxy-service/server/util.go:113.4,113.41 1 0
github.com/chef/automate/components/infra-proxy-service/server/util.go:123.4,123.27 1 0
github.com/chef/automate/components/infra-proxy-service/server/util.go:106.32,108.42 2 0
github.com/chef/automate/components/infra-proxy-service/server/util.go:108.42,110.6 1 0
github.com/chef/automate/components/infra-proxy-service/server/util.go:113.41,114.49 1 0
github.com/chef/automate/components/infra-proxy-service/server/util.go:118.5,118.52 1 0
github.com/chef/automate/components/infra-proxy-service/server/util.go:114.49,117.6 2 0
github.com/chef/automate/components/infra-proxy-service/server/util.go:119.10,121.5 1 0
github.com/chef/automate/components/infra-proxy-service/server/util.go:123.27,126.5 2 0
github.com/chef/automate/components/infra-proxy-service/server/util.go:129.23,133.24 4 0
github.com/chef/automate/components/infra-proxy-service/server/util.go:133.24,135.5 1 0
github.com/chef/automate/components/infra-proxy-service/server/util.go:135.10,136.42 1 0
github.com/chef/automate/components/infra-proxy-service/server/util.go:136.42,137.51 1 0
github.com/chef/automate/components/infra-proxy-service/server/util.go:137.51,141.21 4 0
github.com/chef/automate/components/infra-proxy-service/server/util.go:141.21,143.8 1 0
github.com/chef/automate/components/infra-proxy-service/server/util.go:144.12,146.7 1 0
github.com/chef/automate/components/infra-proxy-service/server/util.go:147.11,151.20 4 0
github.com/chef/automate/components/infra-proxy-service/server/util.go:151.20,153.7 1 0
github.com/chef/automate/components/infra-proxy-service/server/environments.go:17.114,19.16 2 0
github.com/chef/automate/components/infra-proxy-service/server/environments.go:23.2,24.16 2 0
github.com/chef/automate/components/infra-proxy-service/server/environments.go:28.2,32.8 1 0
github.com/chef/automate/components/infra-proxy-service/server/environments.go:19.16,21.3 1 0
github.com/chef/automate/components/infra-proxy-service/server/environments.go:24.16,26.3 1 0
github.com/chef/automate/components/infra-proxy-service/server/environments.go:36.111,47.16 2 0
github.com/chef/automate/components/infra-proxy-service/server/environments.go:51.2,52.16 2 0
github.com/chef/automate/components/infra-proxy-service/server/environments.go:56.2,57.16 2 0
github.com/chef/automate/components/infra-proxy-service/server/environments.go:61.2,62.16 2 0
github.com/chef/automate/components/infra-proxy-service/server/environments.go:66.2,67.16 2 0
github.com/chef/automate/components/infra-proxy-service/server/environments.go:71.2,79.8 1 0
github.com/chef/automate/components/infra-proxy-service/server/environments.go:47.16,49.3 1 0
github.com/chef/automate/components/infra-proxy-service/server/environments.go:52.16,54.3 1 0
github.com/chef/automate/components/infra-proxy-service/server/environments.go:57.16,59.3 1 0
github.com/chef/automate/components/infra-proxy-service/server/environments.go:62.16,64.3 1 0
github.com/chef/automate/components/infra-proxy-service/server/environments.go:67.16,69.3 1 0
github.com/chef/automate/components/infra-proxy-service/server/environments.go:84.120,95.16 2 0
github.com/chef/automate/components/infra-proxy-service/server/environments.go:99.2,100.16 2 0
github.com/chef/automate/components/infra-proxy-service/server/environments.go:104.2,105.22 2 0
github.com/chef/automate/components/infra-proxy-service/server/environments.go:109.2,110.16 2 0
github.com/chef/automate/components/infra-proxy-service/server/environments.go:114.2,115.16 2 0
github.com/chef/automate/components/infra-proxy-service/server/environments.go:119.2,128.16 2 0
github.com/chef/automate/components/infra-proxy-service/server/environments.go:132.2,133.16 2 0
github.com/chef/automate/components/infra-proxy-service/server/environments.go:137.2,137.50 1 0
github.com/chef/automate/components/infra-proxy-service/server/environments.go:95.16,97.3 1 0
github.com/chef/automate/components/infra-proxy-service/server/environments.go:100.16,102.3 1 0
github.com/chef/automate/components/infra-proxy-service/server/environments.go:105.22,107.3 1 0
github.com/chef/automate/components/infra-proxy-service/server/environments.go:110.16,112.3 1 0
github.com/chef/automate/components/infra-proxy-service/server/environments.go:115.16,117.3 1 0
github.com/chef/automate/components/infra-proxy-service/server/environments.go:128.16,130.3 1 0
github.com/chef/automate/components/infra-proxy-service/server/environments.go:133.16,135.3 1 0
github.com/chef/automate/components/infra-proxy-service/server/environments.go:141.114,152.16 2 0
github.com/chef/automate/components/infra-proxy-service/server/environments.go:156.2,157.16 2 0
github.com/chef/automate/components/infra-proxy-service/server/environments.go:161.2,162.16 2 0
github.com/chef/automate/components/infra-proxy-service/server/environments.go:166.2,166.50 1 0
github.com/chef/automate/components/infra-proxy-service/server/environments.go:152.16,154.3 1 0
github.com/chef/automate/components/infra-proxy-service/server/environments.go:157.16,159.3 1 0
github.com/chef/automate/components/infra-proxy-service/server/environments.go:162.16,164.3 1 0
github.com/chef/automate/components/infra-proxy-service/server/environments.go:170.120,181.16 2 0
github.com/chef/automate/components/infra-proxy-service/server/environments.go:185.2,186.16 2 0
github.com/chef/automate/components/infra-proxy-service/server/environments.go:190.2,191.22 2 0
github.com/chef/automate/components/infra-proxy-service/server/environments.go:195.2,196.16 2 0
github.com/chef/automate/components/infra-proxy-service/server/environments.go:200.2,201.16 2 0
github.com/chef/automate/components/infra-proxy-service/server/environments.go:205.2,214.16 2 0
github.com/chef/automate/components/infra-proxy-service/server/environments.go:218.2,218.50 1 0
github.com/chef/automate/components/infra-proxy-service/server/environments.go:181.16,183.3 1 0
github.com/chef/automate/components/infra-proxy-service/server/environments.go:186.16,188.3 1 0
github.com/chef/automate/components/infra-proxy-service/server/environments.go:191.22,193.3 1 0
github.com/chef/automate/components/infra-proxy-service/server/environments.go:196.16,198.3 1 0
github.com/chef/automate/components/infra-proxy-service/server/environments.go:201.16,203.3 1 0
github.com/chef/automate/components/infra-proxy-service/server/environments.go:214.16,216.3 1 0
github.com/chef/automate/components/infra-proxy-service/server/environments.go:222.129,229.16 2 0
github.com/chef/automate/components/infra-proxy-service/server/environments.go:233.2,234.16 2 0
github.com/chef/automate/components/infra-proxy-service/server/environments.go:238.2,239.16 2 0
github.com/chef/automate/components/infra-proxy-service/server/environments.go:243.2,245.8 1 0
github.com/chef/automate/components/infra-proxy-service/server/environments.go:229.16,231.3 1 0
github.com/chef/automate/components/infra-proxy-service/server/environments.go:234.16,236.3 1 0
github.com/chef/automate/components/infra-proxy-service/server/environments.go:239.16,241.3 1 0
github.com/chef/automate/components/infra-proxy-service/server/environments.go:249.82,251.27 2 0
github.com/chef/automate/components/infra-proxy-service/server/environments.go:258.2,258.11 1 0
github.com/chef/automate/components/infra-proxy-service/server/environments.go:251.27,256.3 1 0
github.com/chef/automate/components/infra-proxy-service/server/environments.go:262.97,264.16 2 0
github.com/chef/automate/components/infra-proxy-service/server/environments.go:268.2,269.16 2 0
github.com/chef/automate/components/infra-proxy-service/server/environments.go:273.2,281.8 1 0
github.com/chef/automate/components/infra-proxy-service/server/environments.go:264.16,266.3 1 0
github.com/chef/automate/components/infra-proxy-service/server/environments.go:269.16,271.3 1 0
github.com/chef/automate/components/infra-proxy-service/server/nodes.go:17.93,19.16 2 0
github.com/chef/automate/components/infra-proxy-service/server/nodes.go:23.2,36.16 3 0
github.com/chef/automate/components/infra-proxy-service/server/nodes.go:40.2,44.8 1 0
github.com/chef/automate/components/infra-proxy-service/server/nodes.go:19.16,21.3 1 0
github.com/chef/automate/components/infra-proxy-service/server/nodes.go:36.16,38.3 1 0
github.com/chef/automate/components/infra-proxy-service/server/nodes.go:48.90,55.16 2 0
github.com/chef/automate/components/infra-proxy-service/server/nodes.go:59.2,60.16 2 0
github.com/chef/automate/components/infra-proxy-service/server/nodes.go:64.2,65.16 2 0
github.com/chef/automate/components/infra-proxy-service/server/nodes.go:69.2,70.16 2 0
github.com/chef/automate/components/infra-proxy-service/server/nodes.go:74.2,74.18 1 0
github.com/chef/automate/components/infra-proxy-service/server/nodes.go:55.16,57.3 1 0
github.com/chef/automate/components/infra-proxy-service/server/nodes.go:60.16,62.3 1 0
github.com/chef/automate/components/infra-proxy-service/server/nodes.go:65.16,67.3 1 0
github.com/chef/automate/components/infra-proxy-service/server/nodes.go:70.16,72.3 1 0
github.com/chef/automate/components/infra-proxy-service/server/nodes.go:78.100,80.16 2 0
github.com/chef/automate/components/infra-proxy-service/server/nodes.go:84.2,85.16 2 0
github.com/chef/automate/components/infra-proxy-service/server/nodes.go:89.2,90.16 2 0
github.com/chef/automate/components/infra-proxy-service/server/nodes.go:95.2,96.16 2 0
github.com/chef/automate/components/infra-proxy-service/server/nodes.go:100.2,101.16 2 0
github.com/chef/automate/components/infra-proxy-service/server/nodes.go:105.2,105.18 1 0
github.com/chef/automate/components/infra-proxy-service/server/nodes.go:80.16,82.3 1 0
github.com/chef/automate/components/infra-proxy-service/server/nodes.go:85.16,87.3 1 0
github.com/chef/automate/components/infra-proxy-service/server/nodes.go:90.16,92.3 1 0
github.com/chef/automate/components/infra-proxy-service/server/nodes.go:96.16,98.3 1 0
github.com/chef/automate/components/infra-proxy-service/server/nodes.go:101.16,103.3 1 0
github.com/chef/automate/components/infra-proxy-service/server/nodes.go:109.99,120.16 2 0
github.com/chef/automate/components/infra-proxy-service/server/nodes.go:124.2,125.16 2 0
github.com/chef/automate/components/infra-proxy-service/server/nodes.go:129.2,130.16 2 0
github.com/chef/automate/components/infra-proxy-service/server/nodes.go:134.2,136.8 1 0
github.com/chef/automate/components/infra-proxy-service/server/nodes.go:120.16,122.3 1 0
github.com/chef/automate/components/infra-proxy-service/server/nodes.go:125.16,127.3 1 0
github.com/chef/automate/components/infra-proxy-service/server/nodes.go:130.16,132.3 1 0
github.com/chef/automate/components/infra-proxy-service/server/nodes.go:140.100,142.16 2 0
github.com/chef/automate/components/infra-proxy-service/server/nodes.go:146.2,147.16 2 0
github.com/chef/automate/components/infra-proxy-service/server/nodes.go:151.2,152.16 2 0
github.com/chef/automate/components/infra-proxy-service/server/nodes.go:156.2,157.16 2 0
github.com/chef/automate/components/infra-proxy-service/server/nodes.go:161.2,161.18 1 0
github.com/chef/automate/components/infra-proxy-service/server/nodes.go:142.16,144.3 1 0
github.com/chef/automate/components/infra-proxy-service/server/nodes.go:147.16,149.3 1 0
github.com/chef/automate/components/infra-proxy-service/server/nodes.go:152.16,154.3 1 0
github.com/chef/automate/components/infra-proxy-service/server/nodes.go:157.16,159.3 1 0
github.com/chef/automate/components/infra-proxy-service/server/nodes.go:165.117,177.16 2 0
github.com/chef/automate/components/infra-proxy-service/server/nodes.go:181.2,182.16 2 0
github.com/chef/automate/components/infra-proxy-service/server/nodes.go:186.2,187.16 2 0
github.com/chef/automate/components/infra-proxy-service/server/nodes.go:191.2,192.20 2 0
github.com/chef/automate/components/infra-proxy-service/server/nodes.go:203.2,205.16 3 0
github.com/chef/automate/components/infra-proxy-service/server/nodes.go:209.2,211.8 1 0
github.com/chef/automate/components/infra-proxy-service/server/nodes.go:177.16,179.3 1 0
github.com/chef/automate/components/infra-proxy-service/server/nodes.go:182.16,184.3 1 0
github.com/chef/automate/components/infra-proxy-service/server/nodes.go:187.16,189.3 1 0
github.com/chef/automate/components/infra-proxy-service/server/nodes.go:193.13,194.43 1 0
github.com/chef/automate/components/infra-proxy-service/server/nodes.go:195.16,196.39 1 0
github.com/chef/automate/components/infra-proxy-service/server/nodes.go:197.13,198.18 1 0
github.com/chef/automate/components/infra-proxy-service/server/nodes.go:199.10,200.90 1 0
github.com/chef/automate/components/infra-proxy-service/server/nodes.go:205.16,207.3 1 0
github.com/chef/automate/components/infra-proxy-service/server/nodes.go:215.138,221.16 2 0
github.com/chef/automate/components/infra-proxy-service/server/nodes.go:225.2,226.16 2 0
github.com/chef/automate/components/infra-proxy-service/server/nodes.go:230.2,231.16 2 0
github.com/chef/automate/components/infra-proxy-service/server/nodes.go:235.2,237.16 3 0
github.com/chef/automate/components/infra-proxy-service/server/nodes.go:241.2,244.8 1 0
github.com/chef/automate/components/infra-proxy-service/server/nodes.go:221.16,223.3 1 0
github.com/chef/automate/components/infra-proxy-service/server/nodes.go:226.16,228.3 1 0
github.com/chef/automate/components/infra-proxy-service/server/nodes.go:231.16,233.3 1 0
github.com/chef/automate/components/infra-proxy-service/server/nodes.go:237.16,239.3 1 0
github.com/chef/automate/components/infra-proxy-service/server/nodes.go:249.135,259.16 2 0
github.com/chef/automate/components/infra-proxy-service/server/nodes.go:263.2,264.16 2 0
github.com/chef/automate/components/infra-proxy-service/server/nodes.go:268.2,269.16 2 0
github.com/chef/automate/components/infra-proxy-service/server/nodes.go:273.2,274.16 2 0
github.com/chef/automate/components/infra-proxy-service/server/nodes.go:278.2,280.16 3 0
github.com/chef/automate/components/infra-proxy-service/server/nodes.go:284.2,285.16 2 0
github.com/chef/automate/components/infra-proxy-service/server/nodes.go:289.2,292.8 1 0
github.com/chef/automate/components/infra-proxy-service/server/nodes.go:259.16,261.3 1 0
github.com/chef/automate/components/infra-proxy-service/server/nodes.go:264.16,266.3 1 0
github.com/chef/automate/components/infra-proxy-service/server/nodes.go:269.16,271.3 1 0
github.com/chef/automate/components/infra-proxy-service/server/nodes.go:274.16,276.3 1 0
github.com/chef/automate/components/infra-proxy-service/server/nodes.go:280.16,282.3 1 0
github.com/chef/automate/components/infra-proxy-service/server/nodes.go:285.16,287.3 1 0
github.com/chef/automate/components/infra-proxy-service/server/nodes.go:296.135,308.16 2 0
github.com/chef/automate/components/infra-proxy-service/server/nodes.go:312.2,313.16 2 0
github.com/chef/automate/components/infra-proxy-service/server/nodes.go:317.2,318.16 2 0
github.com/chef/automate/components/infra-proxy-service/server/nodes.go:322.2,326.16 3 0
github.com/chef/automate/components/infra-proxy-service/server/nodes.go:330.2,334.16 4 0
github.com/chef/automate/components/infra-proxy-service/server/nodes.go:338.2,341.8 1 0
github.com/chef/automate/components/infra-proxy-service/server/nodes.go:308.16,310.3 1 0
github.com/chef/automate/components/infra-proxy-service/server/nodes.go:313.16,315.3 1 0
github.com/chef/automate/components/infra-proxy-service/server/nodes.go:318.16,320.3 1 0
github.com/chef/automate/components/infra-proxy-service/server/nodes.go:326.16,328.3 1 0
github.com/chef/automate/components/infra-proxy-service/server/nodes.go:334.16,336.3 1 0
github.com/chef/automate/components/infra-proxy-service/server/nodes.go:352.108,366.16 3 0
github.com/chef/automate/components/infra-proxy-service/server/nodes.go:370.2,370.18 1 0
github.com/chef/automate/components/infra-proxy-service/server/nodes.go:366.16,368.3 1 0
github.com/chef/automate/components/infra-proxy-service/server/nodes.go:375.76,378.34 3 0
github.com/chef/automate/components/infra-proxy-service/server/nodes.go:394.2,394.16 1 0
github.com/chef/automate/components/infra-proxy-service/server/nodes.go:378.34,392.3 3 0
github.com/chef/automate/components/infra-proxy-service/server/nodes.go:397.76,399.16 2 0
github.com/chef/automate/components/infra-proxy-service/server/nodes.go:403.2,404.16 2 0
github.com/chef/automate/components/infra-proxy-service/server/nodes.go:408.2,409.16 2 0
github.com/chef/automate/components/infra-proxy-service/server/nodes.go:413.2,414.16 2 0
github.com/chef/automate/components/infra-proxy-service/server/nodes.go:418.2,430.18 2 0
github.com/chef/automate/components/infra-proxy-service/server/nodes.go:399.16,401.3 1 0
github.com/chef/automate/components/infra-proxy-service/server/nodes.go:404.16,406.3 1 0
github.com/chef/automate/components/infra-proxy-service/server/nodes.go:409.16,411.3 1 0
github.com/chef/automate/components/infra-proxy-service/server/nodes.go:414.16,416.3 1 0
github.com/chef/automate/components/infra-proxy-service/server/nodes.go:433.66,435.16 2 0
github.com/chef/automate/components/infra-proxy-service/server/nodes.go:439.2,440.16 2 0
github.com/chef/automate/components/infra-proxy-service/server/nodes.go:444.2,445.16 2 0
github.com/chef/automate/components/infra-proxy-service/server/nodes.go:449.2,450.16 2 0
github.com/chef/automate/components/infra-proxy-service/server/nodes.go:454.2,466.8 1 0
github.com/chef/automate/components/infra-proxy-service/server/nodes.go:435.16,437.3 1 0
github.com/chef/automate/components/infra-proxy-service/server/nodes.go:440.16,442.3 1 0
github.com/chef/automate/components/infra-proxy-service/server/nodes.go:445.16,447.3 1 0
github.com/chef/automate/components/infra-proxy-service/server/nodes.go:450.16,452.3 1 0
github.com/chef/automate/components/infra-proxy-service/server/roles.go:30.99,40.16 2 0
github.com/chef/automate/components/infra-proxy-service/server/roles.go:44.2,45.16 2 0
github.com/chef/automate/components/infra-proxy-service/server/roles.go:49.2,50.23 2 0
github.com/chef/automate/components/infra-proxy-service/server/roles.go:54.2,55.16 2 0
github.com/chef/automate/components/infra-proxy-service/server/roles.go:59.2,60.16 2 0
github.com/chef/automate/components/infra-proxy-service/server/roles.go:64.2,74.16 2 0
github.com/chef/automate/components/infra-proxy-service/server/roles.go:78.2,79.16 2 0
github.com/chef/automate/components/infra-proxy-service/server/roles.go:83.2,83.36 1 0
github.com/chef/automate/components/infra-proxy-service/server/roles.go:40.16,42.3 1 0
github.com/chef/automate/components/infra-proxy-service/server/roles.go:45.16,47.3 1 0
github.com/chef/automate/components/infra-proxy-service/server/roles.go:50.23,52.3 1 0
github.com/chef/automate/components/infra-proxy-service/server/roles.go:55.16,57.3 1 0
github.com/chef/automate/components/infra-proxy-service/server/roles.go:60.16,62.3 1 0
github.com/chef/automate/components/infra-proxy-service/server/roles.go:74.16,76.3 1 0
github.com/chef/automate/components/infra-proxy-service/server/roles.go:79.16,81.3 1 0
github.com/chef/automate/components/infra-proxy-service/server/roles.go:87.92,90.18 3 0
github.com/chef/automate/components/infra-proxy-service/server/roles.go:94.2,95.21 2 0
github.com/chef/automate/components/infra-proxy-service/server/roles.go:99.2,108.16 4 0
github.com/chef/automate/components/infra-proxy-service/server/roles.go:112.2,113.16 2 0
github.com/chef/automate/components/infra-proxy-service/server/roles.go:117.2,119.23 2 0
github.com/chef/automate/components/infra-proxy-service/server/roles.go:123.2,123.20 1 0
github.com/chef/automate/components/infra-proxy-service/server/roles.go:90.18,92.3 1 0
github.com/chef/automate/components/infra-proxy-service/server/roles.go:95.21,97.3 1 0
github.com/chef/automate/components/infra-proxy-service/server/roles.go:108.16,110.3 1 0
github.com/chef/automate/components/infra-proxy-service/server/roles.go:113.16,115.3 1 0
github.com/chef/automate/components/infra-proxy-service/server/roles.go:119.23,121.3 1 0
github.com/chef/automate/components/infra-proxy-service/server/roles.go:127.93,136.16 2 0
github.com/chef/automate/components/infra-proxy-service/server/roles.go:140.2,141.16 2 0
github.com/chef/automate/components/infra-proxy-service/server/roles.go:145.2,146.16 2 0
github.com/chef/automate/components/infra-proxy-service/server/roles.go:150.2,154.8 1 0
github.com/chef/automate/components/infra-proxy-service/server/roles.go:136.16,138.3 1 0
github.com/chef/automate/components/infra-proxy-service/server/roles.go:141.16,143.3 1 0
github.com/chef/automate/components/infra-proxy-service/server/roles.go:146.16,148.3 1 0
github.com/chef/automate/components/infra-proxy-service/server/roles.go:158.90,165.16 2 0
github.com/chef/automate/components/infra-proxy-service/server/roles.go:169.2,170.16 2 0
github.com/chef/automate/components/infra-proxy-service/server/roles.go:174.2,175.16 2 0
github.com/chef/automate/components/infra-proxy-service/server/roles.go:179.2,179.36 1 0
github.com/chef/automate/components/infra-proxy-service/server/roles.go:165.16,167.3 1 0
github.com/chef/automate/components/infra-proxy-service/server/roles.go:170.16,172.3 1 0
github.com/chef/automate/components/infra-proxy-service/server/roles.go:175.16,177.3 1 0
github.com/chef/automate/components/infra-proxy-service/server/roles.go:183.114,190.16 2 0
github.com/chef/automate/components/infra-proxy-service/server/roles.go:194.2,195.16 2 0
github.com/chef/automate/components/infra-proxy-service/server/roles.go:199.2,200.16 2 0
github.com/chef/automate/components/infra-proxy-service/server/roles.go:204.2,206.8 1 0
github.com/chef/automate/components/infra-proxy-service/server/roles.go:190.16,192.3 1 0
github.com/chef/automate/components/infra-proxy-service/server/roles.go:195.16,197.3 1 0
github.com/chef/automate/components/infra-proxy-service/server/roles.go:200.16,202.3 1 0
github.com/chef/automate/components/infra-proxy-service/server/roles.go:210.127,217.16 2 0
github.com/chef/automate/components/infra-proxy-service/server/roles.go:221.2,222.16 2 0
github.com/chef/automate/components/infra-proxy-service/server/roles.go:226.2,227.16 2 0
github.com/chef/automate/components/infra-proxy-service/server/roles.go:232.2,233.16 2 0
github.com/chef/automate/components/infra-proxy-service/server/roles.go:237.2,238.16 2 0
github.com/chef/automate/components/infra-proxy-service/server/roles.go:243.2,248.8 2 0
github.com/chef/automate/components/infra-proxy-service/server/roles.go:217.16,219.3 1 0
github.com/chef/automate/components/infra-proxy-service/server/roles.go:222.16,224.3 1 0
github.com/chef/automate/components/infra-proxy-service/server/roles.go:227.16,229.3 1 0
github.com/chef/automate/components/infra-proxy-service/server/roles.go:233.16,235.3 1 0
github.com/chef/automate/components/infra-proxy-service/server/roles.go:238.16,240.3 1 0
github.com/chef/automate/components/infra-proxy-service/server/roles.go:252.93,259.16 2 0
github.com/chef/automate/components/infra-proxy-service/server/roles.go:263.2,264.16 2 0
github.com/chef/automate/components/infra-proxy-service/server/roles.go:268.2,269.16 2 0
github.com/chef/automate/components/infra-proxy-service/server/roles.go:273.2,275.8 1 0
github.com/chef/automate/components/infra-proxy-service/server/roles.go:259.16,261.3 1 0
github.com/chef/automate/components/infra-proxy-service/server/roles.go:264.16,266.3 1 0
github.com/chef/automate/components/infra-proxy-service/server/roles.go:269.16,271.3 1 0
github.com/chef/automate/components/infra-proxy-service/server/roles.go:280.99,291.16 2 0
github.com/chef/automate/components/infra-proxy-service/server/roles.go:295.2,296.16 2 0
github.com/chef/automate/components/infra-proxy-service/server/roles.go:300.2,301.23 2 0
github.com/chef/automate/components/infra-proxy-service/server/roles.go:305.2,306.16 2 0
github.com/chef/automate/components/infra-proxy-service/server/roles.go:310.2,311.16 2 0
github.com/chef/automate/components/infra-proxy-service/server/roles.go:315.2,325.16 2 0
github.com/chef/automate/components/infra-proxy-service/server/roles.go:329.2,329.36 1 0
github.com/chef/automate/components/infra-proxy-service/server/roles.go:291.16,293.3 1 0
github.com/chef/automate/components/infra-proxy-service/server/roles.go:296.16,298.3 1 0
github.com/chef/automate/components/infra-proxy-service/server/roles.go:301.23,303.3 1 0
github.com/chef/automate/components/infra-proxy-service/server/roles.go:306.16,308.3 1 0
github.com/chef/automate/components/infra-proxy-service/server/roles.go:311.16,313.3 1 0
github.com/chef/automate/components/infra-proxy-service/server/roles.go:325.16,327.3 1 0
github.com/chef/automate/components/infra-proxy-service/server/roles.go:333.73,337.35 3 0
github.com/chef/automate/components/infra-proxy-service/server/roles.go:354.2,354.11 1 0
github.com/chef/automate/components/infra-proxy-service/server/roles.go:337.35,342.28 4 0
github.com/chef/automate/components/infra-proxy-service/server/roles.go:346.3,351.10 2 0
github.com/chef/automate/components/infra-proxy-service/server/roles.go:342.28,344.4 1 0
github.com/chef/automate/components/infra-proxy-service/server/roles.go:357.75,358.36 1 0
github.com/chef/automate/components/infra-proxy-service/server/roles.go:363.2,363.12 1 0
github.com/chef/automate/components/infra-proxy-service/server/roles.go:358.36,359.25 1 0
github.com/chef/automate/components/infra-proxy-service/server/roles.go:359.25,361.4 1 0
github.com/chef/automate/components/infra-proxy-service/server/roles.go:367.102,369.31 2 0
github.com/chef/automate/components/infra-proxy-service/server/roles.go:388.2,388.21 1 0
github.com/chef/automate/components/infra-proxy-service/server/roles.go:369.31,371.17 2 0
github.com/chef/automate/components/infra-proxy-service/server/roles.go:374.3,380.23 2 0
github.com/chef/automate/components/infra-proxy-service/server/roles.go:386.3,386.27 1 0
github.com/chef/automate/components/infra-proxy-service/server/roles.go:371.17,373.4 1 0
github.com/chef/automate/components/infra-proxy-service/server/roles.go:380.23,382.26 2 0
github.com/chef/automate/components/infra-proxy-service/server/roles.go:382.26,384.5 1 0
github.com/chef/automate/components/infra-proxy-service/server/roles.go:392.69,394.16 2 0
github.com/chef/automate/components/infra-proxy-service/server/roles.go:398.2,399.16 2 0
github.com/chef/automate/components/infra-proxy-service/server/roles.go:403.2,411.8 1 0
github.com/chef/automate/components/infra-proxy-service/server/roles.go:394.16,396.3 1 0
github.com/chef/automate/components/infra-proxy-service/server/roles.go:399.16,401.3 1 0
github.com/chef/automate/components/infra-proxy-service/server/clients.go:23.99,25.16 2 0
github.com/chef/automate/components/infra-proxy-service/server/clients.go:29.2,30.16 2 0
github.com/chef/automate/components/infra-proxy-service/server/clients.go:34.2,38.8 1 0
github.com/chef/automate/components/infra-proxy-service/server/clients.go:25.16,27.3 1 0
github.com/chef/automate/components/infra-proxy-service/server/clients.go:30.16,32.3 1 0
github.com/chef/automate/components/infra-proxy-service/server/clients.go:42.96,44.16 2 0
github.com/chef/automate/components/infra-proxy-service/server/clients.go:48.2,49.16 2 0
github.com/chef/automate/components/infra-proxy-service/server/clients.go:55.2,57.16 3 0
github.com/chef/automate/components/infra-proxy-service/server/clients.go:65.2,73.8 1 0
github.com/chef/automate/components/infra-proxy-service/server/clients.go:44.16,46.3 1 0
github.com/chef/automate/components/infra-proxy-service/server/clients.go:49.16,51.3 1 0
github.com/chef/automate/components/infra-proxy-service/server/clients.go:57.16,63.3 1 0
github.com/chef/automate/components/infra-proxy-service/server/clients.go:78.111,89.16 2 0
github.com/chef/automate/components/infra-proxy-service/server/clients.go:93.2,94.16 2 0
github.com/chef/automate/components/infra-proxy-service/server/clients.go:98.2,103.16 2 0
github.com/chef/automate/components/infra-proxy-service/server/clients.go:107.2,115.8 1 0
github.com/chef/automate/components/infra-proxy-service/server/clients.go:89.16,91.3 1 0
github.com/chef/automate/components/infra-proxy-service/server/clients.go:94.16,96.3 1 0
github.com/chef/automate/components/infra-proxy-service/server/clients.go:103.16,105.3 1 0
github.com/chef/automate/components/infra-proxy-service/server/clients.go:120.99,127.16 2 0
github.com/chef/automate/components/infra-proxy-service/server/clients.go:131.2,132.16 2 0
github.com/chef/automate/components/infra-proxy-service/server/clients.go:136.2,137.16 2 0
github.com/chef/automate/components/infra-proxy-service/server/clients.go:141.2,143.8 1 0
github.com/chef/automate/components/infra-proxy-service/server/clients.go:127.16,129.3 1 0
github.com/chef/automate/components/infra-proxy-service/server/clients.go:132.16,134.3 1 0
github.com/chef/automate/components/infra-proxy-service/server/clients.go:137.16,139.3 1 0
github.com/chef/automate/components/infra-proxy-service/server/clients.go:149.109,160.16 2 0
github.com/chef/automate/components/infra-proxy-service/server/clients.go:164.2,165.16 2 0
github.com/chef/automate/components/infra-proxy-service/server/clients.go:169.2,171.15 2 0
github.com/chef/automate/components/infra-proxy-service/server/clients.go:176.2,178.49 3 0
github.com/chef/automate/components/infra-proxy-service/server/clients.go:183.2,188.16 2 0
github.com/chef/automate/components/infra-proxy-service/server/clients.go:192.2,195.16 3 0
github.com/chef/automate/components/infra-proxy-service/server/clients.go:199.2,200.16 2 0
github.com/chef/automate/components/infra-proxy-service/server/clients.go:204.2,204.16 1 0
github.com/chef/automate/components/infra-proxy-service/server/clients.go:208.2,216.8 1 0
github.com/chef/automate/components/infra-proxy-service/server/clients.go:160.16,162.3 1 0
github.com/chef/automate/components/infra-proxy-service/server/clients.go:165.16,167.3 1 0
github.com/chef/automate/components/infra-proxy-service/server/clients.go:171.15,173.3 1 0
github.com/chef/automate/components/infra-proxy-service/server/clients.go:178.49,180.3 1 0
github.com/chef/automate/components/infra-proxy-service/server/clients.go:188.16,190.3 1 0
github.com/chef/automate/components/infra-proxy-service/server/clients.go:195.16,197.3 1 0
github.com/chef/automate/components/infra-proxy-service/server/clients.go:200.16,202.3 1 0
github.com/chef/automate/components/infra-proxy-service/server/clients.go:204.16,206.3 1 0
github.com/chef/automate/components/infra-proxy-service/server/clients.go:221.72,223.27 2 0
github.com/chef/automate/components/infra-proxy-service/server/clients.go:230.2,230.11 1 0
github.com/chef/automate/components/infra-proxy-service/server/clients.go:223.27,228.3 1 0
github.com/chef/automate/components/infra-proxy-service/server/policyfiles.go:16.111,18.16 2 0
github.com/chef/automate/components/infra-proxy-service/server/policyfiles.go:22.2,23.16 2 0
github.com/chef/automate/components/infra-proxy-service/server/policyfiles.go:27.2,29.8 1 0
github.com/chef/automate/components/infra-proxy-service/server/policyfiles.go:18.16,20.3 1 0
github.com/chef/automate/components/infra-proxy-service/server/policyfiles.go:23.16,25.3 1 0
github.com/chef/automate/components/infra-proxy-service/server/policyfiles.go:33.108,35.16 2 0
github.com/chef/automate/components/infra-proxy-service/server/policyfiles.go:39.2,40.16 2 0
github.com/chef/automate/components/infra-proxy-service/server/policyfiles.go:44.2,45.16 2 0
github.com/chef/automate/components/infra-proxy-service/server/policyfiles.go:49.2,50.16 2 0
github.com/chef/automate/components/infra-proxy-service/server/policyfiles.go:54.2,55.16 2 0
github.com/chef/automate/components/infra-proxy-service/server/policyfiles.go:59.2,60.16 2 0
github.com/chef/automate/components/infra-proxy-service/server/policyfiles.go:64.2,80.8 2 0
github.com/chef/automate/components/infra-proxy-service/server/policyfiles.go:35.16,37.3 1 0
github.com/chef/automate/components/infra-proxy-service/server/policyfiles.go:40.16,42.3 1 0
github.com/chef/automate/components/infra-proxy-service/server/policyfiles.go:45.16,47.3 1 0
github.com/chef/automate/components/infra-proxy-service/server/policyfiles.go:50.16,52.3 1 0
github.com/chef/automate/components/infra-proxy-service/server/policyfiles.go:55.16,57.3 1 0
github.com/chef/automate/components/infra-proxy-service/server/policyfiles.go:60.16,62.3 1 0
github.com/chef/automate/components/infra-proxy-service/server/policyfiles.go:84.96,86.34 2 1
github.com/chef/automate/components/infra-proxy-service/server/policyfiles.go:137.2,137.14 1 1
github.com/chef/automate/components/infra-proxy-service/server/policyfiles.go:86.34,87.18 1 1
github.com/chef/automate/components/infra-proxy-service/server/policyfiles.go:90.3,93.18 4 1
github.com/chef/automate/components/infra-proxy-service/server/policyfiles.go:97.3,99.9 2 1
github.com/chef/automate/components/infra-proxy-service/server/policyfiles.go:130.3,135.32 2 1
github.com/chef/automate/components/infra-proxy-service/server/policyfiles.go:87.18,88.12 1 0
github.com/chef/automate/components/infra-proxy-service/server/policyfiles.go:93.18,95.4 1 1
github.com/chef/automate/components/infra-proxy-service/server/policyfiles.go:99.9,100.30 1 1
github.com/chef/automate/components/infra-proxy-service/server/policyfiles.go:100.30,102.12 2 1
github.com/chef/automate/components/infra-proxy-service/server/policyfiles.go:105.5,106.29 2 1
github.com/chef/automate/components/infra-proxy-service/server/policyfiles.go:102.12,103.14 1 0
github.com/chef/automate/components/infra-proxy-service/server/policyfiles.go:106.29,107.32 1 1
github.com/chef/automate/components/infra-proxy-service/server/policyfiles.go:107.32,109.29 2 1
github.com/chef/automate/components/infra-proxy-service/server/policyfiles.go:112.7,113.14 2 1
github.com/chef/automate/components/infra-proxy-service/server/policyfiles.go:116.7,117.28 2 1
github.com/chef/automate/components/infra-proxy-service/server/policyfiles.go:120.7,124.49 2 1
github.com/chef/automate/components/infra-proxy-service/server/policyfiles.go:109.29,110.16 1 0
github.com/chef/automate/components/infra-proxy-service/server/policyfiles.go:113.14,114.16 1 0
github.com/chef/automate/components/infra-proxy-service/server/policyfiles.go:117.28,119.8 1 1
github.com/chef/automate/components/infra-proxy-service/server/policyfiles.go:142.96,145.35 2 0
github.com/chef/automate/components/infra-proxy-service/server/policyfiles.go:156.2,156.17 1 0
github.com/chef/automate/components/infra-proxy-service/server/policyfiles.go:145.35,146.43 1 0
github.com/chef/automate/components/infra-proxy-service/server/policyfiles.go:146.43,153.4 2 0
github.com/chef/automate/components/infra-proxy-service/server/policyfiles.go:160.81,163.38 3 0
github.com/chef/automate/components/infra-proxy-service/server/policyfiles.go:171.2,171.11 1 0
github.com/chef/automate/components/infra-proxy-service/server/policyfiles.go:163.38,169.3 2 0
github.com/chef/automate/components/infra-proxy-service/server/policyfiles.go:175.99,177.27 2 0
github.com/chef/automate/components/infra-proxy-service/server/policyfiles.go:187.2,187.11 1 0
github.com/chef/automate/components/infra-proxy-service/server/policyfiles.go:177.27,185.3 1 0
github.com/chef/automate/components/infra-proxy-service/server/policyfiles.go:191.89,194.31 3 0
github.com/chef/automate/components/infra-proxy-service/server/policyfiles.go:218.2,218.11 1 0
github.com/chef/automate/components/infra-proxy-service/server/policyfiles.go:194.31,216.3 2 0
github.com/chef/automate/components/infra-proxy-service/server/policyfiles.go:222.123,229.16 2 0
github.com/chef/automate/components/infra-proxy-service/server/policyfiles.go:233.2,234.16 2 0
github.com/chef/automate/components/infra-proxy-service/server/policyfiles.go:238.2,239.16 2 0
github.com/chef/automate/components/infra-proxy-service/server/policyfiles.go:243.2,245.8 1 0
github.com/chef/automate/components/infra-proxy-service/server/policyfiles.go:229.16,231.3 1 0
github.com/chef/automate/components/infra-proxy-service/server/policyfiles.go:234.16,236.3 1 0
github.com/chef/automate/components/infra-proxy-service/server/policyfiles.go:239.16,241.3 1 0
github.com/chef/automate/components/infra-proxy-service/server/policyfiles.go:249.135,251.16 2 0
github.com/chef/automate/components/infra-proxy-service/server/policyfiles.go:255.2,256.16 2 0
github.com/chef/automate/components/infra-proxy-service/server/policyfiles.go:260.2,262.8 1 0
github.com/chef/automate/components/infra-proxy-service/server/policyfiles.go:251.16,253.3 1 0
github.com/chef/automate/components/infra-proxy-service/server/policyfiles.go:256.16,258.3 1 0
github.com/chef/automate/components/infra-proxy-service/server/policyfiles.go:266.98,269.24 2 0
github.com/chef/automate/components/infra-proxy-service/server/policyfiles.go:278.2,278.18 1 0
github.com/chef/automate/components/infra-proxy-service/server/policyfiles.go:269.24,270.27 1 0
github.com/chef/automate/components/infra-proxy-service/server/policyfiles.go:270.27,275.4 2 0
github.com/chef/automate/components/infra-proxy-service/server/policyfiles.go:282.111,284.16 2 0
github.com/chef/automate/components/infra-proxy-service/server/policyfiles.go:288.2,289.16 2 0
github.com/chef/automate/components/infra-proxy-service/server/policyfiles.go:293.2,297.8 1 0
github.com/chef/automate/components/infra-proxy-service/server/policyfiles.go:284.16,286.3 1 0
github.com/chef/automate/components/infra-proxy-service/server/policyfiles.go:289.16,291.3 1 0
github.com/chef/automate/components/infra-proxy-service/server/policyfiles.go:302.72,305.34 2 0
github.com/chef/automate/components/infra-proxy-service/server/policyfiles.go:313.2,313.17 1 0
github.com/chef/automate/components/infra-proxy-service/server/policyfiles.go:305.34,311.3 2 0
github.com/chef/automate/components/infra-proxy-service/server/server.go:35.100,48.16 4 0
github.com/chef/automate/components/infra-proxy-service/server/server.go:53.2,53.27 1 0
github.com/chef/automate/components/infra-proxy-service/server/server.go:57.2,57.17 1 0
github.com/chef/automate/components/infra-proxy-service/server/server.go:48.16,51.3 2 0
github.com/chef/automate/components/infra-proxy-service/server/server.go:53.27,55.3 1 0
github.com/chef/automate/components/infra-proxy-service/server/server.go:67.50,73.2 2 0
github.com/chef/automate/components/infra-proxy-service/server/server.go:76.53,89.2 5 0
github.com/chef/automate/components/infra-proxy-service/server/server.go:92.50,94.16 2 0
github.com/chef/automate/components/infra-proxy-service/server/server.go:97.2,99.13 3 0
github.com/chef/automate/components/infra-proxy-service/server/server.go:94.16,96.3 1 0
github.com/chef/automate/components/infra-proxy-service/server/server.go:103.63,107.51 1 0
github.com/chef/automate/components/infra-proxy-service/server/server.go:107.51,110.10 1 0
github.com/chef/automate/components/infra-proxy-service/server/server.go:115.3,115.27 1 0
github.com/chef/automate/components/infra-proxy-service/server/server.go:110.10,111.41 1 0
github.com/chef/automate/components/infra-proxy-service/server/server.go:111.41,113.5 1 0
